<?xml version="1.0" encoding="UTF-8"?>
<coverage generated="1771812590776" clover="3.2.0">
  <project timestamp="1771812590776" name="All files">
    <metrics statements="665" coveredstatements="624" conditionals="874" coveredconditionals="700" methods="91" coveredmethods="79" elements="1630" coveredelements="1403" complexity="0" loc="665" ncloc="665" packages="32" files="38" classes="38"/>
    <package name="app.api.admin.leads">
      <metrics statements="23" coveredstatements="23" conditionals="32" coveredconditionals="23" methods="2" coveredmethods="2"/>
      <file name="route.ts" path="/opt/prospector-ai/backend/src/app/api/admin/leads/route.ts">
        <metrics statements="23" coveredstatements="23" conditionals="32" coveredconditionals="23" methods="2" coveredmethods="2"/>
        <line num="1" count="1" type="stmt"/>
        <line num="2" count="1" type="stmt"/>
        <line num="3" count="1" type="stmt"/>
        <line num="4" count="1" type="stmt"/>
        <line num="5" count="1" type="stmt"/>
        <line num="12" count="1" type="stmt"/>
        <line num="13" count="4" type="stmt"/>
        <line num="14" count="4" type="cond" truecount="10" falsecount="0"/>
        <line num="15" count="1" type="stmt"/>
        <line num="17" count="3" type="cond" truecount="2" falsecount="0"/>
        <line num="18" count="1" type="stmt"/>
        <line num="21" count="2" type="stmt"/>
        <line num="22" count="2" type="stmt"/>
        <line num="27" count="2" type="cond" truecount="1" falsecount="1"/>
        <line num="28" count="2" type="cond" truecount="2" falsecount="0"/>
        <line num="29" count="2" type="stmt"/>
        <line num="30" count="2" type="stmt"/>
        <line num="31" count="2" type="cond" truecount="1" falsecount="1"/>
        <line num="33" count="2" type="stmt"/>
        <line num="48" count="1" type="stmt"/>
        <line num="50" count="2" type="stmt"/>
        <line num="51" count="1" type="cond" truecount="1" falsecount="1"/>
        <line num="52" count="1" type="stmt"/>
      </file>
    </package>
    <package name="app.api.admin.search-history">
      <metrics statements="21" coveredstatements="21" conditionals="32" coveredconditionals="23" methods="2" coveredmethods="2"/>
      <file name="route.ts" path="/opt/prospector-ai/backend/src/app/api/admin/search-history/route.ts">
        <metrics statements="21" coveredstatements="21" conditionals="32" coveredconditionals="23" methods="2" coveredmethods="2"/>
        <line num="1" count="1" type="stmt"/>
        <line num="2" count="1" type="stmt"/>
        <line num="3" count="1" type="stmt"/>
        <line num="4" count="1" type="stmt"/>
        <line num="5" count="1" type="stmt"/>
        <line num="7" count="1" type="stmt"/>
        <line num="8" count="4" type="stmt"/>
        <line num="9" count="4" type="cond" truecount="10" falsecount="0"/>
        <line num="10" count="3" type="cond" truecount="2" falsecount="0"/>
        <line num="11" count="2" type="stmt"/>
        <line num="12" count="2" type="stmt"/>
        <line num="17" count="2" type="cond" truecount="1" falsecount="1"/>
        <line num="18" count="2" type="cond" truecount="2" falsecount="0"/>
        <line num="19" count="2" type="stmt"/>
        <line num="20" count="2" type="stmt"/>
        <line num="21" count="2" type="cond" truecount="1" falsecount="1"/>
        <line num="22" count="2" type="stmt"/>
        <line num="35" count="1" type="stmt"/>
        <line num="37" count="2" type="stmt"/>
        <line num="38" count="1" type="cond" truecount="1" falsecount="1"/>
        <line num="39" count="1" type="stmt"/>
      </file>
    </package>
    <package name="app.api.admin.stats">
      <metrics statements="14" coveredstatements="14" conditionals="14" coveredconditionals="13" methods="2" coveredmethods="2"/>
      <file name="route.ts" path="/opt/prospector-ai/backend/src/app/api/admin/stats/route.ts">
        <metrics statements="14" coveredstatements="14" conditionals="14" coveredconditionals="13" methods="2" coveredmethods="2"/>
        <line num="1" count="1" type="stmt"/>
        <line num="2" count="1" type="stmt"/>
        <line num="3" count="1" type="stmt"/>
        <line num="4" count="1" type="stmt"/>
        <line num="6" count="1" type="stmt"/>
        <line num="7" count="4" type="stmt"/>
        <line num="8" count="4" type="cond" truecount="10" falsecount="0"/>
        <line num="9" count="3" type="cond" truecount="2" falsecount="0"/>
        <line num="10" count="2" type="stmt"/>
        <line num="11" count="2" type="stmt"/>
        <line num="17" count="1" type="stmt"/>
        <line num="19" count="2" type="stmt"/>
        <line num="20" count="1" type="cond" truecount="1" falsecount="1"/>
        <line num="21" count="1" type="stmt"/>
      </file>
    </package>
    <package name="app.api.admin.users">
      <metrics statements="21" coveredstatements="20" conditionals="26" coveredconditionals="17" methods="2" coveredmethods="2"/>
      <file name="route.ts" path="/opt/prospector-ai/backend/src/app/api/admin/users/route.ts">
        <metrics statements="21" coveredstatements="20" conditionals="26" coveredconditionals="17" methods="2" coveredmethods="2"/>
        <line num="1" count="1" type="stmt"/>
        <line num="2" count="1" type="stmt"/>
        <line num="3" count="1" type="stmt"/>
        <line num="4" count="1" type="stmt"/>
        <line num="5" count="1" type="stmt"/>
        <line num="7" count="1" type="stmt"/>
        <line num="8" count="3" type="stmt"/>
        <line num="9" count="3" type="cond" truecount="7" falsecount="3"/>
        <line num="10" count="3" type="cond" truecount="2" falsecount="0"/>
        <line num="11" count="2" type="stmt"/>
        <line num="12" count="2" type="stmt"/>
        <line num="16" count="2" type="cond" truecount="1" falsecount="1"/>
        <line num="17" count="0" type="stmt"/>
        <line num="19" count="2" type="cond" truecount="2" falsecount="0"/>
        <line num="20" count="2" type="stmt"/>
        <line num="21" count="2" type="stmt"/>
        <line num="22" count="2" type="stmt"/>
        <line num="39" count="1" type="stmt"/>
        <line num="41" count="2" type="stmt"/>
        <line num="42" count="1" type="cond" truecount="1" falsecount="1"/>
        <line num="43" count="1" type="stmt"/>
      </file>
    </package>
    <package name="app.api.admin.users.[id]">
      <metrics statements="12" coveredstatements="12" conditionals="14" coveredconditionals="13" methods="1" coveredmethods="1"/>
      <file name="route.ts" path="/opt/prospector-ai/backend/src/app/api/admin/users/[id]/route.ts">
        <metrics statements="12" coveredstatements="12" conditionals="14" coveredconditionals="13" methods="1" coveredmethods="1"/>
        <line num="1" count="1" type="stmt"/>
        <line num="2" count="1" type="stmt"/>
        <line num="3" count="1" type="stmt"/>
        <line num="4" count="1" type="stmt"/>
        <line num="6" count="1" type="stmt"/>
        <line num="7" count="3" type="stmt"/>
        <line num="8" count="3" type="cond" truecount="10" falsecount="0"/>
        <line num="9" count="2" type="cond" truecount="2" falsecount="0"/>
        <line num="10" count="1" type="stmt"/>
        <line num="11" count="1" type="stmt"/>
        <line num="30" count="1" type="cond" truecount="1" falsecount="1"/>
        <line num="31" count="1" type="stmt"/>
      </file>
    </package>
    <package name="app.api.admin.workspaces">
      <metrics statements="20" coveredstatements="20" conditionals="26" coveredconditionals="20" methods="2" coveredmethods="2"/>
      <file name="route.ts" path="/opt/prospector-ai/backend/src/app/api/admin/workspaces/route.ts">
        <metrics statements="20" coveredstatements="20" conditionals="26" coveredconditionals="20" methods="2" coveredmethods="2"/>
        <line num="1" count="1" type="stmt"/>
        <line num="2" count="1" type="stmt"/>
        <line num="3" count="1" type="stmt"/>
        <line num="4" count="1" type="stmt"/>
        <line num="5" count="1" type="stmt"/>
        <line num="7" count="1" type="stmt"/>
        <line num="8" count="4" type="stmt"/>
        <line num="9" count="4" type="cond" truecount="10" falsecount="0"/>
        <line num="10" count="3" type="cond" truecount="2" falsecount="0"/>
        <line num="11" count="2" type="stmt"/>
        <line num="12" count="2" type="stmt"/>
        <line num="16" count="2" type="cond" truecount="1" falsecount="1"/>
        <line num="17" count="2" type="cond" truecount="2" falsecount="0"/>
        <line num="18" count="2" type="stmt"/>
        <line num="19" count="2" type="stmt"/>
        <line num="20" count="2" type="stmt"/>
        <line num="31" count="1" type="stmt"/>
        <line num="33" count="2" type="stmt"/>
        <line num="34" count="1" type="cond" truecount="1" falsecount="1"/>
        <line num="35" count="1" type="stmt"/>
      </file>
    </package>
    <package name="app.api.admin.workspaces.[id]">
      <metrics statements="13" coveredstatements="13" conditionals="14" coveredconditionals="14" methods="1" coveredmethods="1"/>
      <file name="route.ts" path="/opt/prospector-ai/backend/src/app/api/admin/workspaces/[id]/route.ts">
        <metrics statements="13" coveredstatements="13" conditionals="14" coveredconditionals="14" methods="1" coveredmethods="1"/>
        <line num="1" count="1" type="stmt"/>
        <line num="3" count="1" type="stmt"/>
        <line num="4" count="1" type="stmt"/>
        <line num="5" count="1" type="stmt"/>
        <line num="7" count="1" type="stmt"/>
        <line num="12" count="1" type="stmt"/>
        <line num="16" count="4" type="stmt"/>
        <line num="17" count="4" type="cond" truecount="10" falsecount="0"/>
        <line num="18" count="3" type="cond" truecount="2" falsecount="0"/>
        <line num="19" count="2" type="stmt"/>
        <line num="20" count="2" type="stmt"/>
        <line num="27" count="2" type="cond" truecount="2" falsecount="0"/>
        <line num="28" count="1" type="stmt"/>
      </file>
    </package>
    <package name="app.api.analyze">
      <metrics statements="24" coveredstatements="20" conditionals="20" coveredconditionals="13" methods="1" coveredmethods="1"/>
      <file name="route.ts" path="/opt/prospector-ai/backend/src/app/api/analyze/route.ts">
        <metrics statements="24" coveredstatements="20" conditionals="20" coveredconditionals="13" methods="1" coveredmethods="1"/>
        <line num="1" count="1" type="stmt"/>
        <line num="2" count="1" type="stmt"/>
        <line num="3" count="1" type="stmt"/>
        <line num="4" count="1" type="stmt"/>
        <line num="5" count="1" type="stmt"/>
        <line num="7" count="1" type="stmt"/>
        <line num="8" count="7" type="stmt"/>
        <line num="9" count="7" type="cond" truecount="2" falsecount="0"/>
        <line num="10" count="7" type="stmt"/>
        <line num="12" count="7" type="cond" truecount="1" falsecount="1"/>
        <line num="13" count="0" type="stmt"/>
        <line num="16" count="7" type="stmt"/>
        <line num="17" count="7" type="stmt"/>
        <line num="18" count="7" type="cond" truecount="2" falsecount="0"/>
        <line num="19" count="1" type="stmt"/>
        <line num="22" count="6" type="stmt"/>
        <line num="23" count="6" type="cond" truecount="7" falsecount="3"/>
        <line num="24" count="0" type="stmt"/>
        <line num="27" count="6" type="stmt"/>
        <line num="28" count="2" type="stmt"/>
        <line num="30" count="4" type="cond" truecount="1" falsecount="1"/>
        <line num="31" count="4" type="stmt"/>
        <line num="33" count="0" type="cond" truecount="0" falsecount="2"/>
        <line num="34" count="0" type="stmt"/>
      </file>
    </package>
    <package name="app.api.auth.[...nextauth]">
      <metrics statements="2" coveredstatements="0" conditionals="0" coveredconditionals="0" methods="0" coveredmethods="0"/>
      <file name="route.ts" path="/opt/prospector-ai/backend/src/app/api/auth/[...nextauth]/route.ts">
        <metrics statements="2" coveredstatements="0" conditionals="0" coveredconditionals="0" methods="0" coveredmethods="0"/>
        <line num="1" count="0" type="stmt"/>
        <line num="2" count="0" type="stmt"/>
      </file>
    </package>
    <package name="app.api.auth.forgot-password">
      <metrics statements="29" coveredstatements="26" conditionals="14" coveredconditionals="10" methods="3" coveredmethods="2"/>
      <file name="route.ts" path="/opt/prospector-ai/backend/src/app/api/auth/forgot-password/route.ts">
        <metrics statements="29" coveredstatements="26" conditionals="14" coveredconditionals="10" methods="3" coveredmethods="2"/>
        <line num="1" count="1" type="stmt"/>
        <line num="2" count="1" type="stmt"/>
        <line num="3" count="1" type="stmt"/>
        <line num="4" count="1" type="stmt"/>
        <line num="5" count="1" type="stmt"/>
        <line num="7" count="1" type="stmt"/>
        <line num="11" count="1" type="stmt"/>
        <line num="12" count="4" type="stmt"/>
        <line num="13" count="4" type="cond" truecount="2" falsecount="0"/>
        <line num="14" count="4" type="stmt"/>
        <line num="16" count="4" type="cond" truecount="2" falsecount="0"/>
        <line num="17" count="1" type="stmt"/>
        <line num="20" count="3" type="stmt"/>
        <line num="21" count="3" type="stmt"/>
        <line num="23" count="3" type="cond" truecount="2" falsecount="0"/>
        <line num="24" count="1" type="stmt"/>
        <line num="27" count="2" type="stmt"/>
        <line num="29" count="2" type="stmt"/>
        <line num="34" count="2" type="cond" truecount="2" falsecount="0"/>
        <line num="35" count="1" type="stmt"/>
        <line num="38" count="1" type="stmt"/>
        <line num="39" count="1" type="stmt"/>
        <line num="41" count="1" type="stmt"/>
        <line num="51" count="2" type="stmt"/>
        <line num="52" count="1" type="cond" truecount="1" falsecount="1"/>
        <line num="54" count="1" type="stmt"/>
        <line num="60" count="0" type="stmt"/>
        <line num="61" count="0" type="cond" truecount="0" falsecount="2"/>
        <line num="62" count="0" type="stmt"/>
      </file>
    </package>
    <package name="app.api.auth.register">
      <metrics statements="29" coveredstatements="26" conditionals="14" coveredconditionals="10" methods="2" coveredmethods="2"/>
      <file name="route.ts" path="/opt/prospector-ai/backend/src/app/api/auth/register/route.ts">
        <metrics statements="29" coveredstatements="26" conditionals="14" coveredconditionals="10" methods="2" coveredmethods="2"/>
        <line num="1" count="1" type="stmt"/>
        <line num="2" count="1" type="stmt"/>
        <line num="3" count="1" type="stmt"/>
        <line num="4" count="1" type="stmt"/>
        <line num="5" count="1" type="stmt"/>
        <line num="6" count="1" type="stmt"/>
        <line num="13" count="1" type="stmt"/>
        <line num="14" count="4" type="stmt"/>
        <line num="15" count="4" type="cond" truecount="2" falsecount="0"/>
        <line num="16" count="4" type="stmt"/>
        <line num="18" count="4" type="cond" truecount="1" falsecount="1"/>
        <line num="19" count="0" type="stmt"/>
        <line num="22" count="4" type="stmt"/>
        <line num="23" count="4" type="stmt"/>
        <line num="24" count="4" type="cond" truecount="2" falsecount="0"/>
        <line num="25" count="2" type="stmt"/>
        <line num="27" count="2" type="stmt"/>
        <line num="29" count="2" type="stmt"/>
        <line num="33" count="2" type="cond" truecount="2" falsecount="0"/>
        <line num="34" count="1" type="stmt"/>
        <line num="37" count="1" type="stmt"/>
        <line num="39" count="1" type="stmt"/>
        <line num="40" count="1" type="stmt"/>
        <line num="51" count="1" type="stmt"/>
        <line num="60" count="1" type="stmt"/>
        <line num="68" count="1" type="stmt"/>
        <line num="71" count="1" type="stmt"/>
        <line num="77" count="0" type="cond" truecount="0" falsecount="2"/>
        <line num="78" count="0" type="stmt"/>
      </file>
    </package>
    <package name="app.api.auth.reset-password">
      <metrics statements="26" coveredstatements="23" conditionals="10" coveredconditionals="8" methods="2" coveredmethods="1"/>
      <file name="route.ts" path="/opt/prospector-ai/backend/src/app/api/auth/reset-password/route.ts">
        <metrics statements="26" coveredstatements="23" conditionals="10" coveredconditionals="8" methods="2" coveredmethods="1"/>
        <line num="1" count="1" type="stmt"/>
        <line num="2" count="1" type="stmt"/>
        <line num="3" count="1" type="stmt"/>
        <line num="4" count="1" type="stmt"/>
        <line num="5" count="1" type="stmt"/>
        <line num="7" count="1" type="stmt"/>
        <line num="12" count="1" type="stmt"/>
        <line num="13" count="4" type="stmt"/>
        <line num="14" count="4" type="cond" truecount="2" falsecount="0"/>
        <line num="15" count="4" type="stmt"/>
        <line num="17" count="4" type="cond" truecount="2" falsecount="0"/>
        <line num="18" count="1" type="stmt"/>
        <line num="21" count="3" type="stmt"/>
        <line num="22" count="3" type="stmt"/>
        <line num="24" count="3" type="cond" truecount="2" falsecount="0"/>
        <line num="25" count="1" type="stmt"/>
        <line num="28" count="2" type="stmt"/>
        <line num="30" count="2" type="stmt"/>
        <line num="39" count="2" type="cond" truecount="2" falsecount="0"/>
        <line num="40" count="1" type="stmt"/>
        <line num="43" count="1" type="stmt"/>
        <line num="45" count="1" type="stmt"/>
        <line num="54" count="1" type="stmt"/>
        <line num="56" count="0" type="stmt"/>
        <line num="57" count="0" type="cond" truecount="0" falsecount="2"/>
        <line num="58" count="0" type="stmt"/>
      </file>
    </package>
    <package name="app.api.auth.session">
      <metrics statements="7" coveredstatements="7" conditionals="42" coveredconditionals="35" methods="1" coveredmethods="1"/>
      <file name="route.ts" path="/opt/prospector-ai/backend/src/app/api/auth/session/route.ts">
        <metrics statements="7" coveredstatements="7" conditionals="42" coveredconditionals="35" methods="1" coveredmethods="1"/>
        <line num="1" count="1" type="stmt"/>
        <line num="2" count="1" type="stmt"/>
        <line num="4" count="1" type="stmt"/>
        <line num="5" count="3" type="stmt"/>
        <line num="7" count="3" type="cond" truecount="2" falsecount="0"/>
        <line num="8" count="1" type="stmt"/>
        <line num="11" count="2" type="stmt"/>
      </file>
    </package>
    <package name="app.api.details">
      <metrics statements="20" coveredstatements="19" conditionals="8" coveredconditionals="5" methods="4" coveredmethods="1"/>
      <file name="route.ts" path="/opt/prospector-ai/backend/src/app/api/details/route.ts">
        <metrics statements="20" coveredstatements="19" conditionals="8" coveredconditionals="5" methods="4" coveredmethods="1"/>
        <line num="1" count="1" type="stmt"/>
        <line num="2" count="1" type="stmt"/>
        <line num="3" count="1" type="stmt"/>
        <line num="4" count="1" type="stmt"/>
        <line num="6" count="1" type="stmt"/>
        <line num="7" count="4" type="stmt"/>
        <line num="8" count="4" type="stmt"/>
        <line num="9" count="4" type="cond" truecount="2" falsecount="0"/>
        <line num="10" count="1" type="stmt"/>
        <line num="14" count="3" type="stmt"/>
        <line num="15" count="3" type="stmt"/>
        <line num="16" count="3" type="cond" truecount="2" falsecount="0"/>
        <line num="17" count="1" type="stmt"/>
        <line num="20" count="2" type="stmt"/>
        <line num="23" count="1" type="stmt"/>
        <line num="26" count="1" type="stmt"/>
        <line num="27" count="0" type="cond" truecount="0" falsecount="2"/>
        <line num="30" count="1" type="stmt"/>
        <line num="32" count="1" type="cond" truecount="1" falsecount="1"/>
        <line num="33" count="1" type="stmt"/>
      </file>
    </package>
    <package name="app.api.health">
      <metrics statements="3" coveredstatements="3" conditionals="0" coveredconditionals="0" methods="1" coveredmethods="1"/>
      <file name="route.ts" path="/opt/prospector-ai/backend/src/app/api/health/route.ts">
        <metrics statements="3" coveredstatements="3" conditionals="0" coveredconditionals="0" methods="1" coveredmethods="1"/>
        <line num="1" count="1" type="stmt"/>
        <line num="7" count="1" type="stmt"/>
        <line num="8" count="1" type="stmt"/>
      </file>
    </package>
    <package name="app.api.leads">
      <metrics statements="16" coveredstatements="16" conditionals="22" coveredconditionals="18" methods="2" coveredmethods="2"/>
      <file name="route.ts" path="/opt/prospector-ai/backend/src/app/api/leads/route.ts">
        <metrics statements="16" coveredstatements="16" conditionals="22" coveredconditionals="18" methods="2" coveredmethods="2"/>
        <line num="1" count="1" type="stmt"/>
        <line num="2" count="1" type="stmt"/>
        <line num="3" count="1" type="stmt"/>
        <line num="5" count="1" type="stmt"/>
        <line num="6" count="3" type="stmt"/>
        <line num="7" count="3" type="stmt"/>
        <line num="8" count="3" type="cond" truecount="10" falsecount="0"/>
        <line num="9" count="1" type="stmt"/>
        <line num="12" count="2" type="stmt"/>
        <line num="17" count="2" type="cond" truecount="6" falsecount="2"/>
        <line num="20" count="2" type="cond" truecount="1" falsecount="1"/>
        <line num="22" count="2" type="stmt"/>
        <line num="28" count="1" type="stmt"/>
        <line num="30" count="2" type="stmt"/>
        <line num="31" count="1" type="cond" truecount="1" falsecount="1"/>
        <line num="32" count="1" type="stmt"/>
      </file>
    </package>
    <package name="app.api.leads.[id]">
      <metrics statements="15" coveredstatements="12" conditionals="12" coveredconditionals="10" methods="2" coveredmethods="1"/>
      <file name="route.ts" path="/opt/prospector-ai/backend/src/app/api/leads/[id]/route.ts">
        <metrics statements="15" coveredstatements="12" conditionals="12" coveredconditionals="10" methods="2" coveredmethods="1"/>
        <line num="1" count="1" type="stmt"/>
        <line num="2" count="1" type="stmt"/>
        <line num="3" count="1" type="stmt"/>
        <line num="5" count="1" type="stmt"/>
        <line num="9" count="2" type="stmt"/>
        <line num="10" count="2" type="stmt"/>
        <line num="11" count="2" type="cond" truecount="10" falsecount="0"/>
        <line num="12" count="1" type="stmt"/>
        <line num="15" count="1" type="stmt"/>
        <line num="16" count="1" type="stmt"/>
        <line num="18" count="1" type="stmt"/>
        <line num="26" count="1" type="stmt"/>
        <line num="28" count="0" type="stmt"/>
        <line num="29" count="0" type="cond" truecount="0" falsecount="2"/>
        <line num="30" count="0" type="stmt"/>
      </file>
    </package>
    <package name="app.api.onboarding.complete">
      <metrics statements="19" coveredstatements="19" conditionals="30" coveredconditionals="29" methods="1" coveredmethods="1"/>
      <file name="route.ts" path="/opt/prospector-ai/backend/src/app/api/onboarding/complete/route.ts">
        <metrics statements="19" coveredstatements="19" conditionals="30" coveredconditionals="29" methods="1" coveredmethods="1"/>
        <line num="1" count="1" type="stmt"/>
        <line num="2" count="1" type="stmt"/>
        <line num="3" count="1" type="stmt"/>
        <line num="4" count="1" type="stmt"/>
        <line num="5" count="1" type="stmt"/>
        <line num="14" count="1" type="stmt"/>
        <line num="15" count="5" type="stmt"/>
        <line num="16" count="5" type="cond" truecount="10" falsecount="0"/>
        <line num="17" count="1" type="stmt"/>
        <line num="20" count="4" type="stmt"/>
        <line num="21" count="4" type="stmt"/>
        <line num="22" count="4" type="stmt"/>
        <line num="23" count="4" type="cond" truecount="2" falsecount="0"/>
        <line num="24" count="1" type="stmt"/>
        <line num="26" count="3" type="stmt"/>
        <line num="28" count="3" type="stmt"/>
        <line num="39" count="2" type="stmt"/>
        <line num="44" count="1" type="cond" truecount="1" falsecount="1"/>
        <line num="45" count="1" type="stmt"/>
      </file>
    </package>
    <package name="app.api.product.modules">
      <metrics statements="15" coveredstatements="15" conditionals="28" coveredconditionals="24" methods="2" coveredmethods="2"/>
      <file name="route.ts" path="/opt/prospector-ai/backend/src/app/api/product/modules/route.ts">
        <metrics statements="15" coveredstatements="15" conditionals="28" coveredconditionals="24" methods="2" coveredmethods="2"/>
        <line num="1" count="1" type="stmt"/>
        <line num="2" count="1" type="stmt"/>
        <line num="3" count="1" type="stmt"/>
        <line num="4" count="1" type="stmt"/>
        <line num="16" count="1" type="stmt"/>
        <line num="17" count="4" type="stmt"/>
        <line num="18" count="4" type="cond" truecount="10" falsecount="0"/>
        <line num="19" count="1" type="stmt"/>
        <line num="22" count="3" type="stmt"/>
        <line num="33" count="3" type="cond" truecount="2" falsecount="0"/>
        <line num="34" count="1" type="stmt"/>
        <line num="38" count="2" type="cond" truecount="12" falsecount="4"/>
        <line num="39" count="2" type="stmt"/>
        <line num="41" count="10" type="stmt"/>
        <line num="46" count="2" type="stmt"/>
      </file>
    </package>
    <package name="app.api.search">
      <metrics statements="19" coveredstatements="17" conditionals="16" coveredconditionals="13" methods="1" coveredmethods="1"/>
      <file name="route.ts" path="/opt/prospector-ai/backend/src/app/api/search/route.ts">
        <metrics statements="19" coveredstatements="17" conditionals="16" coveredconditionals="13" methods="1" coveredmethods="1"/>
        <line num="1" count="1" type="stmt"/>
        <line num="2" count="1" type="stmt"/>
        <line num="3" count="1" type="stmt"/>
        <line num="4" count="1" type="stmt"/>
        <line num="6" count="1" type="stmt"/>
        <line num="7" count="9" type="stmt"/>
        <line num="8" count="9" type="stmt"/>
        <line num="9" count="9" type="stmt"/>
        <line num="10" count="9" type="cond" truecount="2" falsecount="0"/>
        <line num="11" count="1" type="stmt"/>
        <line num="14" count="8" type="stmt"/>
        <line num="15" count="8" type="cond" truecount="10" falsecount="0"/>
        <line num="16" count="1" type="stmt"/>
        <line num="19" count="7" type="stmt"/>
        <line num="20" count="3" type="stmt"/>
        <line num="22" count="4" type="cond" truecount="1" falsecount="1"/>
        <line num="23" count="4" type="stmt"/>
        <line num="25" count="0" type="cond" truecount="0" falsecount="2"/>
        <line num="26" count="0" type="stmt"/>
      </file>
    </package>
    <package name="app.api.search.history">
      <metrics statements="15" coveredstatements="15" conditionals="24" coveredconditionals="22" methods="1" coveredmethods="1"/>
      <file name="route.ts" path="/opt/prospector-ai/backend/src/app/api/search/history/route.ts">
        <metrics statements="15" coveredstatements="15" conditionals="24" coveredconditionals="22" methods="1" coveredmethods="1"/>
        <line num="1" count="1" type="stmt"/>
        <line num="2" count="1" type="stmt"/>
        <line num="3" count="1" type="stmt"/>
        <line num="10" count="1" type="stmt"/>
        <line num="11" count="4" type="stmt"/>
        <line num="12" count="4" type="cond" truecount="10" falsecount="0"/>
        <line num="13" count="1" type="stmt"/>
        <line num="16" count="3" type="stmt"/>
        <line num="21" count="3" type="cond" truecount="8" falsecount="2"/>
        <line num="22" count="1" type="stmt"/>
        <line num="25" count="2" type="stmt"/>
        <line num="26" count="2" type="cond" truecount="2" falsecount="0"/>
        <line num="27" count="2" type="cond" truecount="2" falsecount="0"/>
        <line num="29" count="2" type="stmt"/>
        <line num="48" count="2" type="stmt"/>
      </file>
    </package>
    <package name="app.api.team.invite">
      <metrics statements="32" coveredstatements="26" conditionals="40" coveredconditionals="33" methods="3" coveredmethods="1"/>
      <file name="route.ts" path="/opt/prospector-ai/backend/src/app/api/team/invite/route.ts">
        <metrics statements="32" coveredstatements="26" conditionals="40" coveredconditionals="33" methods="3" coveredmethods="1"/>
        <line num="1" count="1" type="stmt"/>
        <line num="2" count="1" type="stmt"/>
        <line num="3" count="1" type="stmt"/>
        <line num="4" count="1" type="stmt"/>
        <line num="6" count="1" type="stmt"/>
        <line num="7" count="5" type="stmt"/>
        <line num="8" count="5" type="stmt"/>
        <line num="9" count="5" type="cond" truecount="10" falsecount="0"/>
        <line num="10" count="1" type="stmt"/>
        <line num="13" count="4" type="stmt"/>
        <line num="14" count="4" type="stmt"/>
        <line num="15" count="4" type="cond" truecount="2" falsecount="0"/>
        <line num="16" count="1" type="stmt"/>
        <line num="18" count="3" type="stmt"/>
        <line num="21" count="3" type="stmt"/>
        <line num="26" count="3" type="cond" truecount="7" falsecount="1"/>
        <line num="27" count="3" type="cond" truecount="7" falsecount="1"/>
        <line num="29" count="3" type="cond" truecount="2" falsecount="0"/>
        <line num="30" count="1" type="stmt"/>
        <line num="33" count="2" type="cond" truecount="4" falsecount="0"/>
        <line num="34" count="1" type="stmt"/>
        <line num="38" count="1" type="stmt"/>
        <line num="43" count="1" type="cond" truecount="1" falsecount="1"/>
        <line num="45" count="0" type="stmt"/>
        <line num="46" count="0" type="cond" truecount="0" falsecount="2"/>
        <line num="47" count="0" type="stmt"/>
        <line num="55" count="1" type="stmt"/>
        <line num="65" count="1" type="stmt"/>
        <line num="74" count="1" type="stmt"/>
        <line num="76" count="0" type="stmt"/>
        <line num="77" count="0" type="cond" truecount="0" falsecount="2"/>
        <line num="78" count="0" type="stmt"/>
      </file>
    </package>
    <package name="app.api.team.members">
      <metrics statements="17" coveredstatements="17" conditionals="22" coveredconditionals="20" methods="2" coveredmethods="2"/>
      <file name="route.ts" path="/opt/prospector-ai/backend/src/app/api/team/members/route.ts">
        <metrics statements="17" coveredstatements="17" conditionals="22" coveredconditionals="20" methods="2" coveredmethods="2"/>
        <line num="1" count="1" type="stmt"/>
        <line num="2" count="1" type="stmt"/>
        <line num="3" count="1" type="stmt"/>
        <line num="5" count="1" type="stmt"/>
        <line num="6" count="4" type="stmt"/>
        <line num="7" count="4" type="stmt"/>
        <line num="8" count="4" type="cond" truecount="10" falsecount="0"/>
        <line num="9" count="1" type="stmt"/>
        <line num="12" count="3" type="stmt"/>
        <line num="17" count="3" type="cond" truecount="7" falsecount="1"/>
        <line num="19" count="3" type="cond" truecount="2" falsecount="0"/>
        <line num="20" count="1" type="stmt"/>
        <line num="23" count="2" type="stmt"/>
        <line num="29" count="1" type="stmt"/>
        <line num="31" count="2" type="stmt"/>
        <line num="32" count="1" type="cond" truecount="1" falsecount="1"/>
        <line num="33" count="1" type="stmt"/>
      </file>
    </package>
    <package name="app.api.team.remove">
      <metrics statements="28" coveredstatements="27" conditionals="40" coveredconditionals="36" methods="2" coveredmethods="2"/>
      <file name="route.ts" path="/opt/prospector-ai/backend/src/app/api/team/remove/route.ts">
        <metrics statements="28" coveredstatements="27" conditionals="40" coveredconditionals="36" methods="2" coveredmethods="2"/>
        <line num="1" count="1" type="stmt"/>
        <line num="2" count="1" type="stmt"/>
        <line num="3" count="1" type="stmt"/>
        <line num="5" count="1" type="stmt"/>
        <line num="6" count="7" type="stmt"/>
        <line num="7" count="7" type="stmt"/>
        <line num="8" count="7" type="cond" truecount="10" falsecount="0"/>
        <line num="9" count="1" type="stmt"/>
        <line num="12" count="6" type="stmt"/>
        <line num="13" count="6" type="stmt"/>
        <line num="15" count="6" type="cond" truecount="2" falsecount="0"/>
        <line num="16" count="1" type="stmt"/>
        <line num="19" count="5" type="cond" truecount="2" falsecount="0"/>
        <line num="20" count="1" type="stmt"/>
        <line num="24" count="4" type="stmt"/>
        <line num="29" count="4" type="cond" truecount="7" falsecount="1"/>
        <line num="30" count="4" type="cond" truecount="7" falsecount="1"/>
        <line num="32" count="4" type="cond" truecount="2" falsecount="0"/>
        <line num="33" count="1" type="stmt"/>
        <line num="36" count="3" type="cond" truecount="4" falsecount="0"/>
        <line num="37" count="1" type="stmt"/>
        <line num="41" count="2" type="stmt"/>
        <line num="50" count="1" type="cond" truecount="1" falsecount="1"/>
        <line num="51" count="0" type="stmt"/>
        <line num="54" count="1" type="stmt"/>
        <line num="56" count="2" type="stmt"/>
        <line num="57" count="1" type="cond" truecount="1" falsecount="1"/>
        <line num="58" count="1" type="stmt"/>
      </file>
    </package>
    <package name="app.api.user.me">
      <metrics statements="13" coveredstatements="13" conditionals="51" coveredconditionals="47" methods="1" coveredmethods="1"/>
      <file name="route.ts" path="/opt/prospector-ai/backend/src/app/api/user/me/route.ts">
        <metrics statements="13" coveredstatements="13" conditionals="51" coveredconditionals="47" methods="1" coveredmethods="1"/>
        <line num="1" count="1" type="stmt"/>
        <line num="2" count="1" type="stmt"/>
        <line num="3" count="1" type="stmt"/>
        <line num="5" count="1" type="stmt"/>
        <line num="6" count="4" type="stmt"/>
        <line num="7" count="4" type="cond" truecount="10" falsecount="0"/>
        <line num="8" count="1" type="stmt"/>
        <line num="11" count="3" type="stmt"/>
        <line num="32" count="3" type="cond" truecount="2" falsecount="0"/>
        <line num="33" count="1" type="stmt"/>
        <line num="36" count="2" type="cond" truecount="7" falsecount="1"/>
        <line num="38" count="2" type="stmt"/>
        <line num="48" count="2" type="stmt"/>
      </file>
    </package>
    <package name="app.api.user.profile">
      <metrics statements="23" coveredstatements="21" conditionals="16" coveredconditionals="13" methods="2" coveredmethods="2"/>
      <file name="route.ts" path="/opt/prospector-ai/backend/src/app/api/user/profile/route.ts">
        <metrics statements="23" coveredstatements="21" conditionals="16" coveredconditionals="13" methods="2" coveredmethods="2"/>
        <line num="1" count="1" type="stmt"/>
        <line num="2" count="1" type="stmt"/>
        <line num="3" count="1" type="stmt"/>
        <line num="4" count="1" type="stmt"/>
        <line num="5" count="1" type="stmt"/>
        <line num="7" count="1" type="stmt"/>
        <line num="8" count="3" type="stmt"/>
        <line num="9" count="3" type="stmt"/>
        <line num="10" count="3" type="cond" truecount="10" falsecount="0"/>
        <line num="11" count="1" type="stmt"/>
        <line num="14" count="2" type="stmt"/>
        <line num="15" count="2" type="cond" truecount="1" falsecount="1"/>
        <line num="16" count="0" type="stmt"/>
        <line num="19" count="2" type="stmt"/>
        <line num="20" count="2" type="stmt"/>
        <line num="21" count="2" type="cond" truecount="1" falsecount="1"/>
        <line num="22" count="0" type="stmt"/>
        <line num="24" count="2" type="stmt"/>
        <line num="26" count="2" type="stmt"/>
        <line num="40" count="1" type="stmt"/>
        <line num="42" count="2" type="stmt"/>
        <line num="43" count="1" type="cond" truecount="1" falsecount="1"/>
        <line num="44" count="1" type="stmt"/>
      </file>
    </package>
    <package name="lib">
      <metrics statements="81" coveredstatements="73" conditionals="62" coveredconditionals="49" methods="19" coveredmethods="17"/>
      <file name="admin.ts" path="/opt/prospector-ai/backend/src/lib/admin.ts">
        <metrics statements="7" coveredstatements="7" conditionals="14" coveredconditionals="14" methods="2" coveredmethods="2"/>
        <line num="3" count="1" type="stmt"/>
        <line num="9" count="1" type="stmt"/>
        <line num="10" count="3" type="cond" truecount="10" falsecount="0"/>
        <line num="11" count="2" type="stmt"/>
        <line num="12" count="2" type="cond" truecount="4" falsecount="0"/>
        <line num="13" count="1" type="stmt"/>
        <line num="14" count="1" type="stmt"/>
      </file>
      <file name="billing-config.ts" path="/opt/prospector-ai/backend/src/lib/billing-config.ts">
        <metrics statements="3" coveredstatements="3" conditionals="0" coveredconditionals="0" methods="1" coveredmethods="1"/>
        <line num="1" count="3" type="stmt"/>
        <line num="34" count="3" type="stmt"/>
        <line num="35" count="3" type="stmt"/>
      </file>
      <file name="db-sync.ts" path="/opt/prospector-ai/backend/src/lib/db-sync.ts">
        <metrics statements="9" coveredstatements="9" conditionals="10" coveredconditionals="7" methods="3" coveredmethods="3"/>
        <line num="1" count="2" type="stmt"/>
        <line num="4" count="2" type="stmt"/>
        <line num="5" count="6" type="stmt"/>
        <line num="6" count="6" type="stmt"/>
        <line num="32" count="4" type="stmt"/>
        <line num="33" count="2" type="cond" truecount="1" falsecount="1"/>
        <line num="34" count="2" type="stmt"/>
        <line num="38" count="2" type="stmt"/>
        <line num="39" count="1" type="stmt"/>
      </file>
      <file name="logger.ts" path="/opt/prospector-ai/backend/src/lib/logger.ts">
        <metrics statements="17" coveredstatements="17" conditionals="12" coveredconditionals="9" methods="6" coveredmethods="6"/>
        <line num="15" count="17" type="stmt"/>
        <line num="21" count="17" type="cond" truecount="1" falsecount="1"/>
        <line num="24" count="16" type="stmt"/>
        <line num="28" count="16" type="cond" truecount="1" falsecount="1"/>
        <line num="29" count="16" type="stmt"/>
        <line num="36" count="16" type="stmt"/>
        <line num="37" count="16" type="cond" truecount="2" falsecount="0"/>
        <line num="38" count="13" type="stmt"/>
        <line num="40" count="3" type="stmt"/>
        <line num="44" count="17" type="stmt"/>
        <line num="46" count="2" type="stmt"/>
        <line num="49" count="1" type="stmt"/>
        <line num="52" count="13" type="stmt"/>
        <line num="57" count="17" type="stmt"/>
        <line num="58" count="3" type="stmt"/>
        <line num="59" count="3" type="cond" truecount="4" falsecount="0"/>
        <line num="60" count="2" type="stmt"/>
      </file>
      <file name="prisma.ts" path="/opt/prospector-ai/backend/src/lib/prisma.ts">
        <metrics statements="4" coveredstatements="4" conditionals="4" coveredconditionals="3" methods="0" coveredmethods="0"/>
        <line num="1" count="1" type="stmt"/>
        <line num="3" count="1" type="stmt"/>
        <line num="5" count="1" type="stmt"/>
        <line num="11" count="1" type="cond" truecount="1" falsecount="1"/>
      </file>
      <file name="product-modules.ts" path="/opt/prospector-ai/backend/src/lib/product-modules.ts">
        <metrics statements="7" coveredstatements="7" conditionals="4" coveredconditionals="4" methods="2" coveredmethods="2"/>
        <line num="13" count="2" type="stmt"/>
        <line num="35" count="2" type="stmt"/>
        <line num="116" count="2" type="stmt"/>
        <line num="142" count="2" type="stmt"/>
        <line num="143" count="7" type="cond" truecount="4" falsecount="0"/>
        <line num="147" count="2" type="stmt"/>
        <line num="148" count="2" type="stmt"/>
      </file>
      <file name="ratelimit.ts" path="/opt/prospector-ai/backend/src/lib/ratelimit.ts">
        <metrics statements="34" coveredstatements="26" conditionals="18" coveredconditionals="12" methods="5" coveredmethods="3"/>
        <line num="1" count="3" type="stmt"/>
        <line num="2" count="3" type="stmt"/>
        <line num="4" count="3" type="stmt"/>
        <line num="7" count="10" type="cond" truecount="2" falsecount="0"/>
        <line num="8" count="3" type="cond" truecount="2" falsecount="0"/>
        <line num="9" count="3" type="stmt"/>
        <line num="10" count="3" type="stmt"/>
        <line num="13" count="0" type="cond" truecount="0" falsecount="2"/>
        <line num="14" count="0" type="stmt"/>
        <line num="18" count="3" type="stmt"/>
        <line num="19" count="0" type="stmt"/>
        <line num="21" count="3" type="stmt"/>
        <line num="23" count="0" type="stmt"/>
        <line num="27" count="3" type="stmt"/>
        <line num="32" count="10" type="stmt"/>
        <line num="33" count="10" type="stmt"/>
        <line num="34" count="10" type="cond" truecount="1" falsecount="1"/>
        <line num="36" count="0" type="stmt"/>
        <line num="37" count="0" type="stmt"/>
        <line num="40" count="10" type="stmt"/>
        <line num="42" count="10" type="stmt"/>
        <line num="43" count="10" type="stmt"/>
        <line num="44" count="10" type="cond" truecount="2" falsecount="0"/>
        <line num="46" count="10" type="cond" truecount="2" falsecount="0"/>
        <line num="47" count="1" type="stmt"/>
        <line num="48" count="1" type="stmt"/>
        <line num="55" count="9" type="stmt"/>
        <line num="56" count="9" type="stmt"/>
        <line num="57" count="9" type="cond" truecount="2" falsecount="0"/>
        <line num="58" count="2" type="stmt"/>
        <line num="60" count="9" type="stmt"/>
        <line num="62" count="9" type="stmt"/>
        <line num="68" count="0" type="cond" truecount="0" falsecount="2"/>
        <line num="69" count="0" type="stmt"/>
      </file>
    </package>
    <package name="lib.validations">
      <metrics statements="24" coveredstatements="24" conditionals="64" coveredconditionals="57" methods="13" coveredmethods="13"/>
      <file name="schemas.ts" path="/opt/prospector-ai/backend/src/lib/validations/schemas.ts">
        <metrics statements="24" coveredstatements="24" conditionals="64" coveredconditionals="57" methods="13" coveredmethods="13"/>
        <line num="1" count="12" type="stmt"/>
        <line num="4" count="12" type="stmt"/>
        <line num="5" count="5" type="stmt"/>
        <line num="7" count="7" type="cond" truecount="6" falsecount="0"/>
        <line num="11" count="12" type="stmt"/>
        <line num="12" count="3" type="cond" truecount="6" falsecount="0"/>
        <line num="13" count="4" type="cond" truecount="6" falsecount="0"/>
        <line num="14" count="4" type="cond" truecount="6" falsecount="0"/>
        <line num="15" count="4" type="cond" truecount="6" falsecount="0"/>
        <line num="19" count="12" type="stmt"/>
        <line num="29" count="12" type="stmt"/>
        <line num="37" count="12" type="stmt"/>
        <line num="38" count="2" type="cond" truecount="4" falsecount="2"/>
        <line num="39" count="2" type="cond" truecount="6" falsecount="0"/>
        <line num="40" count="2" type="cond" truecount="5" falsecount="1"/>
        <line num="41" count="2" type="cond" truecount="5" falsecount="1"/>
        <line num="42" count="2" type="cond" truecount="5" falsecount="1"/>
        <line num="46" count="12" type="stmt"/>
        <line num="54" count="12" type="stmt"/>
        <line num="61" count="12" type="stmt"/>
        <line num="62" count="3" type="stmt"/>
        <line num="66" count="12" type="stmt"/>
        <line num="69" count="7" type="stmt"/>
        <line num="70" count="7" type="cond" truecount="2" falsecount="2"/>
      </file>
    </package>
    <package name="modules.analyze">
      <metrics statements="1" coveredstatements="1" conditionals="0" coveredconditionals="0" methods="2" coveredmethods="2"/>
      <file name="index.ts" path="/opt/prospector-ai/backend/src/modules/analyze/index.ts">
        <metrics statements="1" coveredstatements="1" conditionals="0" coveredconditionals="0" methods="2" coveredmethods="2"/>
        <line num="5" count="7" type="stmt"/>
      </file>
    </package>
    <package name="modules.analyze.application">
      <metrics statements="27" coveredstatements="27" conditionals="98" coveredconditionals="62" methods="2" coveredmethods="2"/>
      <file name="analyze.service.ts" path="/opt/prospector-ai/backend/src/modules/analyze/application/analyze.service.ts">
        <metrics statements="27" coveredstatements="27" conditionals="98" coveredconditionals="62" methods="2" coveredmethods="2"/>
        <line num="7" count="1" type="stmt"/>
        <line num="8" count="1" type="stmt"/>
        <line num="11" count="1" type="stmt"/>
        <line num="13" count="4" type="stmt"/>
        <line num="14" count="4" type="stmt"/>
        <line num="16" count="4" type="cond" truecount="1" falsecount="1"/>
        <line num="17" count="4" type="stmt"/>
        <line num="37" count="1" type="stmt"/>
        <line num="38" count="6" type="stmt"/>
        <line num="39" count="6" type="stmt"/>
        <line num="41" count="6" type="stmt"/>
        <line num="53" count="6" type="cond" truecount="4" falsecount="0"/>
        <line num="54" count="2" type="stmt"/>
        <line num="57" count="4" type="cond" truecount="2" falsecount="0"/>
        <line num="58" count="1" type="stmt"/>
        <line num="64" count="3" type="stmt"/>
        <line num="66" count="3" type="stmt"/>
        <line num="74" count="3" type="cond" truecount="2" falsecount="0"/>
        <line num="75" count="1" type="stmt"/>
        <line num="96" count="2" type="cond" truecount="2" falsecount="0"/>
        <line num="97" count="1" type="stmt"/>
        <line num="104" count="1" type="cond" truecount="2" falsecount="0"/>
        <line num="106" count="1" type="cond" truecount="1" falsecount="1"/>
        <line num="120" count="1" type="stmt"/>
        <line num="128" count="1" type="stmt"/>
        <line num="133" count="1" type="stmt"/>
        <line num="138" count="1" type="stmt"/>
      </file>
    </package>
    <package name="modules.search">
      <metrics statements="1" coveredstatements="1" conditionals="0" coveredconditionals="0" methods="2" coveredmethods="2"/>
      <file name="index.ts" path="/opt/prospector-ai/backend/src/modules/search/index.ts">
        <metrics statements="1" coveredstatements="1" conditionals="0" coveredconditionals="0" methods="2" coveredmethods="2"/>
        <line num="6" count="8" type="stmt"/>
      </file>
    </package>
    <package name="modules.search.application">
      <metrics statements="55" coveredstatements="53" conditionals="83" coveredconditionals="63" methods="8" coveredmethods="6"/>
      <file name="search.service.ts" path="/opt/prospector-ai/backend/src/modules/search/application/search.service.ts">
        <metrics statements="55" coveredstatements="53" conditionals="83" coveredconditionals="63" methods="8" coveredmethods="6"/>
        <line num="7" count="1" type="stmt"/>
        <line num="8" count="1" type="stmt"/>
        <line num="9" count="1" type="stmt"/>
        <line num="10" count="1" type="stmt"/>
        <line num="11" count="1" type="stmt"/>
        <line num="15" count="1" type="stmt"/>
        <line num="17" count="4" type="stmt"/>
        <line num="18" count="4" type="stmt"/>
        <line num="20" count="4" type="cond" truecount="1" falsecount="1"/>
        <line num="21" count="4" type="stmt"/>
        <line num="30" count="2" type="stmt"/>
        <line num="31" count="13" type="cond" truecount="2" falsecount="0"/>
        <line num="32" count="13" type="cond" truecount="3" falsecount="0"/>
        <line num="33" count="13" type="cond" truecount="2" falsecount="2"/>
        <line num="34" count="13" type="cond" truecount="2" falsecount="2"/>
        <line num="35" count="13" type="cond" truecount="2" falsecount="2"/>
        <line num="36" count="13" type="cond" truecount="2" falsecount="2"/>
        <line num="37" count="13" type="stmt"/>
        <line num="41" count="1" type="stmt"/>
        <line num="42" count="7" type="stmt"/>
        <line num="43" count="7" type="cond" truecount="4" falsecount="0"/>
        <line num="44" count="7" type="stmt"/>
        <line num="50" count="7" type="stmt"/>
        <line num="58" count="7" type="cond" truecount="4" falsecount="0"/>
        <line num="59" count="2" type="stmt"/>
        <line num="62" count="5" type="cond" truecount="2" falsecount="0"/>
        <line num="63" count="1" type="stmt"/>
        <line num="69" count="4" type="stmt"/>
        <line num="71" count="4" type="cond" truecount="2" falsecount="0"/>
        <line num="72" count="1" type="stmt"/>
        <line num="80" count="3" type="stmt"/>
        <line num="81" count="2" type="stmt"/>
        <line num="93" count="0" type="stmt"/>
        <line num="99" count="3" type="cond" truecount="1" falsecount="1"/>
        <line num="100" count="3" type="cond" truecount="6" falsecount="0"/>
        <line num="101" count="3" type="stmt"/>
        <line num="102" count="3" type="cond" truecount="10" falsecount="0"/>
        <line num="103" count="1" type="stmt"/>
        <line num="104" count="1" type="stmt"/>
        <line num="107" count="2" type="stmt"/>
        <line num="118" count="2" type="cond" truecount="2" falsecount="0"/>
        <line num="119" count="12" type="stmt"/>
        <line num="131" count="1" type="stmt"/>
        <line num="132" count="1" type="stmt"/>
        <line num="133" count="1" type="cond" truecount="1" falsecount="1"/>
        <line num="134" count="1" type="stmt"/>
        <line num="135" count="1" type="stmt"/>
        <line num="140" count="1" type="stmt"/>
        <line num="147" count="1" type="cond" truecount="1" falsecount="1"/>
        <line num="148" count="1" type="stmt"/>
        <line num="151" count="1" type="cond" truecount="3" falsecount="1"/>
        <line num="152" count="1" type="stmt"/>
        <line num="153" count="0" type="stmt"/>
        <line num="158" count="1" type="stmt"/>
        <line num="176" count="1" type="stmt"/>
      </file>
    </package>
  </project>
</coverage>
