{"/opt/prospector-ai/backend/src/app/api/admin/leads/route.ts": {"path":"/opt/prospector-ai/backend/src/app/api/admin/leads/route.ts","statementMap":{"0":{"start":{"line":12,"column":0},"end":{"line":12,"column":7}},"1":{"start":{"line":1,"column":0},"end":{"line":1,"column":56}},"2":{"start":{"line":2,"column":0},"end":{"line":2,"column":30}},"3":{"start":{"line":3,"column":0},"end":{"line":3,"column":38}},"4":{"start":{"line":4,"column":0},"end":{"line":4,"column":38}},"5":{"start":{"line":5,"column":0},"end":{"line":5,"column":81}},"6":{"start":{"line":13,"column":20},"end":{"line":13,"column":32}},"7":{"start":{"line":14,"column":4},"end":{"line":16,"column":5}},"8":{"start":{"line":15,"column":8},"end":{"line":15,"column":77}},"9":{"start":{"line":17,"column":4},"end":{"line":19,"column":5}},"10":{"start":{"line":18,"column":8},"end":{"line":18,"column":74}},"11":{"start":{"line":21,"column":4},"end":{"line":53,"column":5}},"12":{"start":{"line":22,"column":23},"end":{"line":26,"column":10}},"13":{"start":{"line":27,"column":8},"end":{"line":27,"column":106}},"14":{"start":{"line":27,"column":29},"end":{"line":27,"column":106}},"15":{"start":{"line":28,"column":56},"end":{"line":28,"column":67}},"16":{"start":{"line":29,"column":26},"end":{"line":29,"column":46}},"17":{"start":{"line":30,"column":27},"end":{"line":30,"column":46}},"18":{"start":{"line":31,"column":22},"end":{"line":31,"column":56}},"19":{"start":{"line":33,"column":31},"end":{"line":46,"column":10}},"20":{"start":{"line":48,"column":8},"end":{"line":48,"column":89}},"21":{"start":{"line":50,"column":27},"end":{"line":50,"column":55}},"22":{"start":{"line":51,"column":8},"end":{"line":51,"column":110}},"23":{"start":{"line":52,"column":8},"end":{"line":52,"column":86}}},"fnMap":{"0":{"name":"GET","decl":{"start":{"line":12,"column":22},"end":{"line":12,"column":25}},"loc":{"start":{"line":12,"column":42},"end":{"line":54,"column":1}}},"1":{"name":"(anonymous_10)","decl":{"start":{"line":50,"column":27},"end":{"line":50,"column":40}},"loc":{"start":{"line":50,"column":27},"end":{"line":50,"column":55}}}},"branchMap":{"0":{"loc":{"start":{"line":14,"column":4},"end":{"line":16,"column":5}},"type":"if","locations":[{"start":{"line":14,"column":4},"end":{"line":16,"column":5}},{"start":{},"end":{}}]},"1":{"loc":{"start":{"line":14,"column":9},"end":{"line":14,"column":26}},"type":"cond-expr","locations":[{"start":{"line":14,"column":22},"end":{"line":14,"column":24}},{"start":{"line":14,"column":22},"end":{"line":14,"column":26}}]},"2":{"loc":{"start":{"line":14,"column":9},"end":{"line":14,"column":24}},"type":"binary-expr","locations":[{"start":{"line":14,"column":9},"end":{"line":14,"column":24}},{"start":{"line":14,"column":22},"end":{"line":14,"column":24}}]},"3":{"loc":{"start":{"line":14,"column":9},"end":{"line":14,"column":22}},"type":"cond-expr","locations":[{"start":{"line":14,"column":16},"end":{"line":14,"column":18}},{"start":{"line":14,"column":9},"end":{"line":14,"column":22}}]},"4":{"loc":{"start":{"line":14,"column":9},"end":{"line":14,"column":18}},"type":"binary-expr","locations":[{"start":{"line":14,"column":9},"end":{"line":14,"column":18}},{"start":{"line":14,"column":9},"end":{"line":14,"column":18}}]},"5":{"loc":{"start":{"line":17,"column":4},"end":{"line":19,"column":5}},"type":"if","locations":[{"start":{"line":17,"column":4},"end":{"line":19,"column":5}},{"start":{},"end":{}}]},"6":{"loc":{"start":{"line":23,"column":19},"end":{"line":23,"column":69}},"type":"cond-expr","locations":[{"start":{"line":23,"column":56},"end":{"line":23,"column":60}},{"start":{"line":23,"column":60},"end":{"line":23,"column":69}}]},"7":{"loc":{"start":{"line":23,"column":19},"end":{"line":23,"column":60}},"type":"binary-expr","locations":[{"start":{"line":23,"column":19},"end":{"line":23,"column":60}},{"start":{"line":23,"column":56},"end":{"line":23,"column":60}}]},"8":{"loc":{"start":{"line":24,"column":20},"end":{"line":24,"column":71}},"type":"cond-expr","locations":[{"start":{"line":24,"column":58},"end":{"line":24,"column":62}},{"start":{"line":24,"column":62},"end":{"line":24,"column":71}}]},"9":{"loc":{"start":{"line":24,"column":20},"end":{"line":24,"column":62}},"type":"binary-expr","locations":[{"start":{"line":24,"column":20},"end":{"line":24,"column":62}},{"start":{"line":24,"column":58},"end":{"line":24,"column":62}}]},"10":{"loc":{"start":{"line":25,"column":25},"end":{"line":25,"column":81}},"type":"cond-expr","locations":[{"start":{"line":25,"column":68},"end":{"line":25,"column":72}},{"start":{"line":25,"column":72},"end":{"line":25,"column":81}}]},"11":{"loc":{"start":{"line":25,"column":25},"end":{"line":25,"column":72}},"type":"binary-expr","locations":[{"start":{"line":25,"column":25},"end":{"line":25,"column":72}},{"start":{"line":25,"column":68},"end":{"line":25,"column":72}}]},"12":{"loc":{"start":{"line":27,"column":8},"end":{"line":27,"column":106}},"type":"if","locations":[{"start":{"line":27,"column":8},"end":{"line":27,"column":106}},{"start":{},"end":{}}]},"13":{"loc":{"start":{"line":28,"column":16},"end":{"line":28,"column":26}},"type":"default-arg","locations":[{"start":{"line":28,"column":24},"end":{"line":28,"column":26}}]},"14":{"loc":{"start":{"line":28,"column":28},"end":{"line":28,"column":38}},"type":"default-arg","locations":[{"start":{"line":28,"column":37},"end":{"line":28,"column":38}}]},"15":{"loc":{"start":{"line":31,"column":22},"end":{"line":31,"column":56}},"type":"cond-expr","locations":[{"start":{"line":31,"column":36},"end":{"line":31,"column":51}},{"start":{"line":31,"column":54},"end":{"line":31,"column":56}}]},"16":{"loc":{"start":{"line":51,"column":56},"end":{"line":51,"column":106}},"type":"cond-expr","locations":[{"start":{"line":51,"column":81},"end":{"line":51,"column":94}},{"start":{"line":51,"column":97},"end":{"line":51,"column":106}}]}},"s":{"0":1,"1":1,"2":1,"3":1,"4":1,"5":1,"6":4,"7":4,"8":1,"9":3,"10":1,"11":2,"12":2,"13":2,"14":0,"15":2,"16":2,"17":2,"18":2,"19":2,"20":1,"21":2,"22":1,"23":1},"f":{"0":4,"1":1},"b":{"0":[1,3],"1":[1,3],"2":[4,4],"3":[1,3],"4":[4,3],"5":[1,2],"6":[0,2],"7":[2,0],"8":[0,2],"9":[2,0],"10":[0,2],"11":[2,0],"12":[0,2],"13":[2],"14":[2],"15":[0,2],"16":[1,0]}}
,"/opt/prospector-ai/backend/src/app/api/admin/search-history/route.ts": {"path":"/opt/prospector-ai/backend/src/app/api/admin/search-history/route.ts","statementMap":{"0":{"start":{"line":7,"column":0},"end":{"line":7,"column":7}},"1":{"start":{"line":1,"column":0},"end":{"line":1,"column":56}},"2":{"start":{"line":2,"column":0},"end":{"line":2,"column":30}},"3":{"start":{"line":3,"column":0},"end":{"line":3,"column":38}},"4":{"start":{"line":4,"column":0},"end":{"line":4,"column":38}},"5":{"start":{"line":5,"column":0},"end":{"line":5,"column":81}},"6":{"start":{"line":8,"column":20},"end":{"line":8,"column":32}},"7":{"start":{"line":9,"column":4},"end":{"line":9,"column":97}},"8":{"start":{"line":9,"column":28},"end":{"line":9,"column":97}},"9":{"start":{"line":10,"column":4},"end":{"line":10,"column":93}},"10":{"start":{"line":10,"column":27},"end":{"line":10,"column":93}},"11":{"start":{"line":11,"column":4},"end":{"line":40,"column":5}},"12":{"start":{"line":12,"column":23},"end":{"line":16,"column":10}},"13":{"start":{"line":17,"column":8},"end":{"line":17,"column":106}},"14":{"start":{"line":17,"column":29},"end":{"line":17,"column":106}},"15":{"start":{"line":18,"column":56},"end":{"line":18,"column":67}},"16":{"start":{"line":19,"column":26},"end":{"line":19,"column":46}},"17":{"start":{"line":20,"column":27},"end":{"line":20,"column":46}},"18":{"start":{"line":21,"column":22},"end":{"line":21,"column":56}},"19":{"start":{"line":22,"column":31},"end":{"line":34,"column":10}},"20":{"start":{"line":35,"column":8},"end":{"line":35,"column":89}},"21":{"start":{"line":37,"column":27},"end":{"line":37,"column":55}},"22":{"start":{"line":38,"column":8},"end":{"line":38,"column":111}},"23":{"start":{"line":39,"column":8},"end":{"line":39,"column":86}}},"fnMap":{"0":{"name":"GET","decl":{"start":{"line":7,"column":22},"end":{"line":7,"column":25}},"loc":{"start":{"line":7,"column":42},"end":{"line":41,"column":1}}},"1":{"name":"(anonymous_10)","decl":{"start":{"line":37,"column":27},"end":{"line":37,"column":40}},"loc":{"start":{"line":37,"column":27},"end":{"line":37,"column":55}}}},"branchMap":{"0":{"loc":{"start":{"line":9,"column":4},"end":{"line":9,"column":97}},"type":"if","locations":[{"start":{"line":9,"column":4},"end":{"line":9,"column":97}},{"start":{},"end":{}}]},"1":{"loc":{"start":{"line":9,"column":9},"end":{"line":9,"column":26}},"type":"cond-expr","locations":[{"start":{"line":9,"column":22},"end":{"line":9,"column":24}},{"start":{"line":9,"column":22},"end":{"line":9,"column":26}}]},"2":{"loc":{"start":{"line":9,"column":9},"end":{"line":9,"column":24}},"type":"binary-expr","locations":[{"start":{"line":9,"column":9},"end":{"line":9,"column":24}},{"start":{"line":9,"column":22},"end":{"line":9,"column":24}}]},"3":{"loc":{"start":{"line":9,"column":9},"end":{"line":9,"column":22}},"type":"cond-expr","locations":[{"start":{"line":9,"column":16},"end":{"line":9,"column":18}},{"start":{"line":9,"column":9},"end":{"line":9,"column":22}}]},"4":{"loc":{"start":{"line":9,"column":9},"end":{"line":9,"column":18}},"type":"binary-expr","locations":[{"start":{"line":9,"column":9},"end":{"line":9,"column":18}},{"start":{"line":9,"column":9},"end":{"line":9,"column":18}}]},"5":{"loc":{"start":{"line":10,"column":4},"end":{"line":10,"column":93}},"type":"if","locations":[{"start":{"line":10,"column":4},"end":{"line":10,"column":93}},{"start":{},"end":{}}]},"6":{"loc":{"start":{"line":13,"column":19},"end":{"line":13,"column":69}},"type":"cond-expr","locations":[{"start":{"line":13,"column":56},"end":{"line":13,"column":60}},{"start":{"line":13,"column":60},"end":{"line":13,"column":69}}]},"7":{"loc":{"start":{"line":13,"column":19},"end":{"line":13,"column":60}},"type":"binary-expr","locations":[{"start":{"line":13,"column":19},"end":{"line":13,"column":60}},{"start":{"line":13,"column":56},"end":{"line":13,"column":60}}]},"8":{"loc":{"start":{"line":14,"column":20},"end":{"line":14,"column":71}},"type":"cond-expr","locations":[{"start":{"line":14,"column":58},"end":{"line":14,"column":62}},{"start":{"line":14,"column":62},"end":{"line":14,"column":71}}]},"9":{"loc":{"start":{"line":14,"column":20},"end":{"line":14,"column":62}},"type":"binary-expr","locations":[{"start":{"line":14,"column":20},"end":{"line":14,"column":62}},{"start":{"line":14,"column":58},"end":{"line":14,"column":62}}]},"10":{"loc":{"start":{"line":15,"column":25},"end":{"line":15,"column":81}},"type":"cond-expr","locations":[{"start":{"line":15,"column":68},"end":{"line":15,"column":72}},{"start":{"line":15,"column":72},"end":{"line":15,"column":81}}]},"11":{"loc":{"start":{"line":15,"column":25},"end":{"line":15,"column":72}},"type":"binary-expr","locations":[{"start":{"line":15,"column":25},"end":{"line":15,"column":72}},{"start":{"line":15,"column":68},"end":{"line":15,"column":72}}]},"12":{"loc":{"start":{"line":17,"column":8},"end":{"line":17,"column":106}},"type":"if","locations":[{"start":{"line":17,"column":8},"end":{"line":17,"column":106}},{"start":{},"end":{}}]},"13":{"loc":{"start":{"line":18,"column":16},"end":{"line":18,"column":26}},"type":"default-arg","locations":[{"start":{"line":18,"column":24},"end":{"line":18,"column":26}}]},"14":{"loc":{"start":{"line":18,"column":28},"end":{"line":18,"column":38}},"type":"default-arg","locations":[{"start":{"line":18,"column":37},"end":{"line":18,"column":38}}]},"15":{"loc":{"start":{"line":21,"column":22},"end":{"line":21,"column":56}},"type":"cond-expr","locations":[{"start":{"line":21,"column":36},"end":{"line":21,"column":51}},{"start":{"line":21,"column":54},"end":{"line":21,"column":56}}]},"16":{"loc":{"start":{"line":38,"column":65},"end":{"line":38,"column":107}},"type":"cond-expr","locations":[{"start":{"line":38,"column":86},"end":{"line":38,"column":95}},{"start":{"line":38,"column":98},"end":{"line":38,"column":107}}]}},"s":{"0":1,"1":1,"2":1,"3":1,"4":1,"5":1,"6":4,"7":4,"8":1,"9":3,"10":1,"11":2,"12":2,"13":2,"14":0,"15":2,"16":2,"17":2,"18":2,"19":2,"20":1,"21":2,"22":1,"23":1},"f":{"0":4,"1":1},"b":{"0":[1,3],"1":[1,3],"2":[4,4],"3":[1,3],"4":[4,3],"5":[1,2],"6":[0,2],"7":[2,0],"8":[0,2],"9":[2,0],"10":[0,2],"11":[2,0],"12":[0,2],"13":[2],"14":[2],"15":[0,2],"16":[1,0]}}
,"/opt/prospector-ai/backend/src/app/api/admin/stats/route.ts": {"path":"/opt/prospector-ai/backend/src/app/api/admin/stats/route.ts","statementMap":{"0":{"start":{"line":6,"column":0},"end":{"line":6,"column":7}},"1":{"start":{"line":1,"column":0},"end":{"line":1,"column":43}},"2":{"start":{"line":2,"column":0},"end":{"line":2,"column":30}},"3":{"start":{"line":3,"column":0},"end":{"line":3,"column":38}},"4":{"start":{"line":4,"column":0},"end":{"line":4,"column":38}},"5":{"start":{"line":7,"column":20},"end":{"line":7,"column":32}},"6":{"start":{"line":8,"column":4},"end":{"line":8,"column":97}},"7":{"start":{"line":8,"column":28},"end":{"line":8,"column":97}},"8":{"start":{"line":9,"column":4},"end":{"line":9,"column":93}},"9":{"start":{"line":9,"column":27},"end":{"line":9,"column":93}},"10":{"start":{"line":10,"column":4},"end":{"line":22,"column":5}},"11":{"start":{"line":11,"column":65},"end":{"line":16,"column":10}},"12":{"start":{"line":17,"column":8},"end":{"line":17,"column":85}},"13":{"start":{"line":19,"column":27},"end":{"line":19,"column":55}},"14":{"start":{"line":20,"column":8},"end":{"line":20,"column":97}},"15":{"start":{"line":21,"column":8},"end":{"line":21,"column":86}}},"fnMap":{"0":{"name":"GET","decl":{"start":{"line":6,"column":22},"end":{"line":6,"column":25}},"loc":{"start":{"line":6,"column":25},"end":{"line":23,"column":1}}},"1":{"name":"(anonymous_10)","decl":{"start":{"line":19,"column":27},"end":{"line":19,"column":40}},"loc":{"start":{"line":19,"column":27},"end":{"line":19,"column":55}}}},"branchMap":{"0":{"loc":{"start":{"line":8,"column":4},"end":{"line":8,"column":97}},"type":"if","locations":[{"start":{"line":8,"column":4},"end":{"line":8,"column":97}},{"start":{},"end":{}}]},"1":{"loc":{"start":{"line":8,"column":9},"end":{"line":8,"column":26}},"type":"cond-expr","locations":[{"start":{"line":8,"column":22},"end":{"line":8,"column":24}},{"start":{"line":8,"column":22},"end":{"line":8,"column":26}}]},"2":{"loc":{"start":{"line":8,"column":9},"end":{"line":8,"column":24}},"type":"binary-expr","locations":[{"start":{"line":8,"column":9},"end":{"line":8,"column":24}},{"start":{"line":8,"column":22},"end":{"line":8,"column":24}}]},"3":{"loc":{"start":{"line":8,"column":9},"end":{"line":8,"column":22}},"type":"cond-expr","locations":[{"start":{"line":8,"column":16},"end":{"line":8,"column":18}},{"start":{"line":8,"column":9},"end":{"line":8,"column":22}}]},"4":{"loc":{"start":{"line":8,"column":9},"end":{"line":8,"column":18}},"type":"binary-expr","locations":[{"start":{"line":8,"column":9},"end":{"line":8,"column":18}},{"start":{"line":8,"column":9},"end":{"line":8,"column":18}}]},"5":{"loc":{"start":{"line":9,"column":4},"end":{"line":9,"column":93}},"type":"if","locations":[{"start":{"line":9,"column":4},"end":{"line":9,"column":93}},{"start":{},"end":{}}]},"6":{"loc":{"start":{"line":20,"column":51},"end":{"line":20,"column":93}},"type":"cond-expr","locations":[{"start":{"line":20,"column":72},"end":{"line":20,"column":81}},{"start":{"line":20,"column":84},"end":{"line":20,"column":93}}]}},"s":{"0":1,"1":1,"2":1,"3":1,"4":1,"5":4,"6":4,"7":1,"8":3,"9":1,"10":2,"11":2,"12":1,"13":2,"14":1,"15":1},"f":{"0":4,"1":1},"b":{"0":[1,3],"1":[1,3],"2":[4,4],"3":[1,3],"4":[4,3],"5":[1,2],"6":[1,0]}}
,"/opt/prospector-ai/backend/src/app/api/admin/users/route.ts": {"path":"/opt/prospector-ai/backend/src/app/api/admin/users/route.ts","statementMap":{"0":{"start":{"line":7,"column":0},"end":{"line":7,"column":7}},"1":{"start":{"line":1,"column":0},"end":{"line":1,"column":56}},"2":{"start":{"line":2,"column":0},"end":{"line":2,"column":30}},"3":{"start":{"line":3,"column":0},"end":{"line":3,"column":38}},"4":{"start":{"line":4,"column":0},"end":{"line":4,"column":38}},"5":{"start":{"line":5,"column":0},"end":{"line":5,"column":81}},"6":{"start":{"line":8,"column":20},"end":{"line":8,"column":32}},"7":{"start":{"line":9,"column":4},"end":{"line":9,"column":97}},"8":{"start":{"line":9,"column":28},"end":{"line":9,"column":97}},"9":{"start":{"line":10,"column":4},"end":{"line":10,"column":93}},"10":{"start":{"line":10,"column":27},"end":{"line":10,"column":93}},"11":{"start":{"line":11,"column":4},"end":{"line":44,"column":5}},"12":{"start":{"line":12,"column":23},"end":{"line":15,"column":10}},"13":{"start":{"line":16,"column":8},"end":{"line":18,"column":9}},"14":{"start":{"line":17,"column":12},"end":{"line":17,"column":89}},"15":{"start":{"line":19,"column":43},"end":{"line":19,"column":54}},"16":{"start":{"line":20,"column":26},"end":{"line":20,"column":46}},"17":{"start":{"line":21,"column":27},"end":{"line":21,"column":46}},"18":{"start":{"line":22,"column":31},"end":{"line":38,"column":10}},"19":{"start":{"line":39,"column":8},"end":{"line":39,"column":89}},"20":{"start":{"line":41,"column":27},"end":{"line":41,"column":55}},"21":{"start":{"line":42,"column":8},"end":{"line":42,"column":102}},"22":{"start":{"line":43,"column":8},"end":{"line":43,"column":86}}},"fnMap":{"0":{"name":"GET","decl":{"start":{"line":7,"column":22},"end":{"line":7,"column":25}},"loc":{"start":{"line":7,"column":42},"end":{"line":45,"column":1}}},"1":{"name":"(anonymous_10)","decl":{"start":{"line":41,"column":27},"end":{"line":41,"column":40}},"loc":{"start":{"line":41,"column":27},"end":{"line":41,"column":55}}}},"branchMap":{"0":{"loc":{"start":{"line":9,"column":4},"end":{"line":9,"column":97}},"type":"if","locations":[{"start":{"line":9,"column":4},"end":{"line":9,"column":97}},{"start":{},"end":{}}]},"1":{"loc":{"start":{"line":9,"column":9},"end":{"line":9,"column":26}},"type":"cond-expr","locations":[{"start":{"line":9,"column":22},"end":{"line":9,"column":24}},{"start":{"line":9,"column":22},"end":{"line":9,"column":26}}]},"2":{"loc":{"start":{"line":9,"column":9},"end":{"line":9,"column":24}},"type":"binary-expr","locations":[{"start":{"line":9,"column":9},"end":{"line":9,"column":24}},{"start":{"line":9,"column":22},"end":{"line":9,"column":24}}]},"3":{"loc":{"start":{"line":9,"column":9},"end":{"line":9,"column":22}},"type":"cond-expr","locations":[{"start":{"line":9,"column":16},"end":{"line":9,"column":18}},{"start":{"line":9,"column":9},"end":{"line":9,"column":22}}]},"4":{"loc":{"start":{"line":9,"column":9},"end":{"line":9,"column":18}},"type":"binary-expr","locations":[{"start":{"line":9,"column":9},"end":{"line":9,"column":18}},{"start":{"line":9,"column":9},"end":{"line":9,"column":18}}]},"5":{"loc":{"start":{"line":10,"column":4},"end":{"line":10,"column":93}},"type":"if","locations":[{"start":{"line":10,"column":4},"end":{"line":10,"column":93}},{"start":{},"end":{}}]},"6":{"loc":{"start":{"line":13,"column":19},"end":{"line":13,"column":69}},"type":"cond-expr","locations":[{"start":{"line":13,"column":56},"end":{"line":13,"column":60}},{"start":{"line":13,"column":60},"end":{"line":13,"column":69}}]},"7":{"loc":{"start":{"line":13,"column":19},"end":{"line":13,"column":60}},"type":"binary-expr","locations":[{"start":{"line":13,"column":19},"end":{"line":13,"column":60}},{"start":{"line":13,"column":56},"end":{"line":13,"column":60}}]},"8":{"loc":{"start":{"line":14,"column":20},"end":{"line":14,"column":71}},"type":"cond-expr","locations":[{"start":{"line":14,"column":58},"end":{"line":14,"column":62}},{"start":{"line":14,"column":62},"end":{"line":14,"column":71}}]},"9":{"loc":{"start":{"line":14,"column":20},"end":{"line":14,"column":62}},"type":"binary-expr","locations":[{"start":{"line":14,"column":20},"end":{"line":14,"column":62}},{"start":{"line":14,"column":58},"end":{"line":14,"column":62}}]},"10":{"loc":{"start":{"line":16,"column":8},"end":{"line":18,"column":9}},"type":"if","locations":[{"start":{"line":16,"column":8},"end":{"line":18,"column":9}},{"start":{},"end":{}}]},"11":{"loc":{"start":{"line":19,"column":16},"end":{"line":19,"column":26}},"type":"default-arg","locations":[{"start":{"line":19,"column":24},"end":{"line":19,"column":26}}]},"12":{"loc":{"start":{"line":19,"column":28},"end":{"line":19,"column":38}},"type":"default-arg","locations":[{"start":{"line":19,"column":37},"end":{"line":19,"column":38}}]},"13":{"loc":{"start":{"line":42,"column":56},"end":{"line":42,"column":98}},"type":"cond-expr","locations":[{"start":{"line":42,"column":77},"end":{"line":42,"column":86}},{"start":{"line":42,"column":89},"end":{"line":42,"column":98}}]}},"s":{"0":1,"1":1,"2":1,"3":1,"4":1,"5":1,"6":3,"7":3,"8":0,"9":3,"10":1,"11":2,"12":2,"13":2,"14":0,"15":2,"16":2,"17":2,"18":2,"19":1,"20":2,"21":1,"22":1},"f":{"0":3,"1":1},"b":{"0":[0,3],"1":[0,3],"2":[3,3],"3":[0,3],"4":[3,3],"5":[1,2],"6":[0,2],"7":[2,0],"8":[0,2],"9":[2,0],"10":[0,2],"11":[2],"12":[2],"13":[1,0]}}
,"/opt/prospector-ai/backend/src/app/api/admin/users/[id]/route.ts": {"path":"/opt/prospector-ai/backend/src/app/api/admin/users/[id]/route.ts","statementMap":{"0":{"start":{"line":6,"column":0},"end":{"line":6,"column":7}},"1":{"start":{"line":1,"column":0},"end":{"line":1,"column":56}},"2":{"start":{"line":2,"column":0},"end":{"line":2,"column":30}},"3":{"start":{"line":3,"column":0},"end":{"line":3,"column":38}},"4":{"start":{"line":4,"column":0},"end":{"line":4,"column":38}},"5":{"start":{"line":7,"column":20},"end":{"line":7,"column":32}},"6":{"start":{"line":8,"column":4},"end":{"line":8,"column":97}},"7":{"start":{"line":8,"column":28},"end":{"line":8,"column":97}},"8":{"start":{"line":9,"column":4},"end":{"line":9,"column":93}},"9":{"start":{"line":9,"column":27},"end":{"line":9,"column":93}},"10":{"start":{"line":10,"column":19},"end":{"line":10,"column":35}},"11":{"start":{"line":11,"column":17},"end":{"line":29,"column":6}},"12":{"start":{"line":30,"column":4},"end":{"line":30,"column":86}},"13":{"start":{"line":30,"column":15},"end":{"line":30,"column":86}},"14":{"start":{"line":31,"column":4},"end":{"line":31,"column":35}}},"fnMap":{"0":{"name":"GET","decl":{"start":{"line":6,"column":22},"end":{"line":6,"column":25}},"loc":{"start":{"line":6,"column":84},"end":{"line":32,"column":1}}}},"branchMap":{"0":{"loc":{"start":{"line":8,"column":4},"end":{"line":8,"column":97}},"type":"if","locations":[{"start":{"line":8,"column":4},"end":{"line":8,"column":97}},{"start":{},"end":{}}]},"1":{"loc":{"start":{"line":8,"column":9},"end":{"line":8,"column":26}},"type":"cond-expr","locations":[{"start":{"line":8,"column":22},"end":{"line":8,"column":24}},{"start":{"line":8,"column":22},"end":{"line":8,"column":26}}]},"2":{"loc":{"start":{"line":8,"column":9},"end":{"line":8,"column":24}},"type":"binary-expr","locations":[{"start":{"line":8,"column":9},"end":{"line":8,"column":24}},{"start":{"line":8,"column":22},"end":{"line":8,"column":24}}]},"3":{"loc":{"start":{"line":8,"column":9},"end":{"line":8,"column":22}},"type":"cond-expr","locations":[{"start":{"line":8,"column":16},"end":{"line":8,"column":18}},{"start":{"line":8,"column":9},"end":{"line":8,"column":22}}]},"4":{"loc":{"start":{"line":8,"column":9},"end":{"line":8,"column":18}},"type":"binary-expr","locations":[{"start":{"line":8,"column":9},"end":{"line":8,"column":18}},{"start":{"line":8,"column":9},"end":{"line":8,"column":18}}]},"5":{"loc":{"start":{"line":9,"column":4},"end":{"line":9,"column":93}},"type":"if","locations":[{"start":{"line":9,"column":4},"end":{"line":9,"column":93}},{"start":{},"end":{}}]},"6":{"loc":{"start":{"line":30,"column":4},"end":{"line":30,"column":86}},"type":"if","locations":[{"start":{"line":30,"column":4},"end":{"line":30,"column":86}},{"start":{},"end":{}}]}},"s":{"0":1,"1":1,"2":1,"3":1,"4":1,"5":3,"6":3,"7":1,"8":2,"9":1,"10":1,"11":1,"12":1,"13":0,"14":1},"f":{"0":3},"b":{"0":[1,2],"1":[1,2],"2":[3,3],"3":[1,2],"4":[3,2],"5":[1,1],"6":[0,1]}}
,"/opt/prospector-ai/backend/src/app/api/admin/workspaces/route.ts": {"path":"/opt/prospector-ai/backend/src/app/api/admin/workspaces/route.ts","statementMap":{"0":{"start":{"line":7,"column":0},"end":{"line":7,"column":7}},"1":{"start":{"line":1,"column":0},"end":{"line":1,"column":56}},"2":{"start":{"line":2,"column":0},"end":{"line":2,"column":30}},"3":{"start":{"line":3,"column":0},"end":{"line":3,"column":38}},"4":{"start":{"line":4,"column":0},"end":{"line":4,"column":38}},"5":{"start":{"line":5,"column":0},"end":{"line":5,"column":81}},"6":{"start":{"line":8,"column":20},"end":{"line":8,"column":32}},"7":{"start":{"line":9,"column":4},"end":{"line":9,"column":97}},"8":{"start":{"line":9,"column":28},"end":{"line":9,"column":97}},"9":{"start":{"line":10,"column":4},"end":{"line":10,"column":93}},"10":{"start":{"line":10,"column":27},"end":{"line":10,"column":93}},"11":{"start":{"line":11,"column":4},"end":{"line":36,"column":5}},"12":{"start":{"line":12,"column":23},"end":{"line":15,"column":10}},"13":{"start":{"line":16,"column":8},"end":{"line":16,"column":106}},"14":{"start":{"line":16,"column":29},"end":{"line":16,"column":106}},"15":{"start":{"line":17,"column":43},"end":{"line":17,"column":54}},"16":{"start":{"line":18,"column":26},"end":{"line":18,"column":46}},"17":{"start":{"line":19,"column":27},"end":{"line":19,"column":46}},"18":{"start":{"line":20,"column":31},"end":{"line":30,"column":10}},"19":{"start":{"line":31,"column":8},"end":{"line":31,"column":89}},"20":{"start":{"line":33,"column":27},"end":{"line":33,"column":55}},"21":{"start":{"line":34,"column":8},"end":{"line":34,"column":107}},"22":{"start":{"line":35,"column":8},"end":{"line":35,"column":86}}},"fnMap":{"0":{"name":"GET","decl":{"start":{"line":7,"column":22},"end":{"line":7,"column":25}},"loc":{"start":{"line":7,"column":42},"end":{"line":37,"column":1}}},"1":{"name":"(anonymous_10)","decl":{"start":{"line":33,"column":27},"end":{"line":33,"column":40}},"loc":{"start":{"line":33,"column":27},"end":{"line":33,"column":55}}}},"branchMap":{"0":{"loc":{"start":{"line":9,"column":4},"end":{"line":9,"column":97}},"type":"if","locations":[{"start":{"line":9,"column":4},"end":{"line":9,"column":97}},{"start":{},"end":{}}]},"1":{"loc":{"start":{"line":9,"column":9},"end":{"line":9,"column":26}},"type":"cond-expr","locations":[{"start":{"line":9,"column":22},"end":{"line":9,"column":24}},{"start":{"line":9,"column":22},"end":{"line":9,"column":26}}]},"2":{"loc":{"start":{"line":9,"column":9},"end":{"line":9,"column":24}},"type":"binary-expr","locations":[{"start":{"line":9,"column":9},"end":{"line":9,"column":24}},{"start":{"line":9,"column":22},"end":{"line":9,"column":24}}]},"3":{"loc":{"start":{"line":9,"column":9},"end":{"line":9,"column":22}},"type":"cond-expr","locations":[{"start":{"line":9,"column":16},"end":{"line":9,"column":18}},{"start":{"line":9,"column":9},"end":{"line":9,"column":22}}]},"4":{"loc":{"start":{"line":9,"column":9},"end":{"line":9,"column":18}},"type":"binary-expr","locations":[{"start":{"line":9,"column":9},"end":{"line":9,"column":18}},{"start":{"line":9,"column":9},"end":{"line":9,"column":18}}]},"5":{"loc":{"start":{"line":10,"column":4},"end":{"line":10,"column":93}},"type":"if","locations":[{"start":{"line":10,"column":4},"end":{"line":10,"column":93}},{"start":{},"end":{}}]},"6":{"loc":{"start":{"line":13,"column":19},"end":{"line":13,"column":69}},"type":"cond-expr","locations":[{"start":{"line":13,"column":56},"end":{"line":13,"column":60}},{"start":{"line":13,"column":60},"end":{"line":13,"column":69}}]},"7":{"loc":{"start":{"line":13,"column":19},"end":{"line":13,"column":60}},"type":"binary-expr","locations":[{"start":{"line":13,"column":19},"end":{"line":13,"column":60}},{"start":{"line":13,"column":56},"end":{"line":13,"column":60}}]},"8":{"loc":{"start":{"line":14,"column":20},"end":{"line":14,"column":71}},"type":"cond-expr","locations":[{"start":{"line":14,"column":58},"end":{"line":14,"column":62}},{"start":{"line":14,"column":62},"end":{"line":14,"column":71}}]},"9":{"loc":{"start":{"line":14,"column":20},"end":{"line":14,"column":62}},"type":"binary-expr","locations":[{"start":{"line":14,"column":20},"end":{"line":14,"column":62}},{"start":{"line":14,"column":58},"end":{"line":14,"column":62}}]},"10":{"loc":{"start":{"line":16,"column":8},"end":{"line":16,"column":106}},"type":"if","locations":[{"start":{"line":16,"column":8},"end":{"line":16,"column":106}},{"start":{},"end":{}}]},"11":{"loc":{"start":{"line":17,"column":16},"end":{"line":17,"column":26}},"type":"default-arg","locations":[{"start":{"line":17,"column":24},"end":{"line":17,"column":26}}]},"12":{"loc":{"start":{"line":17,"column":28},"end":{"line":17,"column":38}},"type":"default-arg","locations":[{"start":{"line":17,"column":37},"end":{"line":17,"column":38}}]},"13":{"loc":{"start":{"line":34,"column":61},"end":{"line":34,"column":103}},"type":"cond-expr","locations":[{"start":{"line":34,"column":82},"end":{"line":34,"column":91}},{"start":{"line":34,"column":94},"end":{"line":34,"column":103}}]}},"s":{"0":1,"1":1,"2":1,"3":1,"4":1,"5":1,"6":4,"7":4,"8":1,"9":3,"10":1,"11":2,"12":2,"13":2,"14":0,"15":2,"16":2,"17":2,"18":2,"19":1,"20":2,"21":1,"22":1},"f":{"0":4,"1":1},"b":{"0":[1,3],"1":[1,3],"2":[4,4],"3":[1,3],"4":[4,3],"5":[1,2],"6":[0,2],"7":[2,0],"8":[0,2],"9":[2,0],"10":[0,2],"11":[2],"12":[2],"13":[1,0]}}
,"/opt/prospector-ai/backend/src/app/api/admin/workspaces/[id]/route.ts": {"path":"/opt/prospector-ai/backend/src/app/api/admin/workspaces/[id]/route.ts","statementMap":{"0":{"start":{"line":12,"column":0},"end":{"line":12,"column":7}},"1":{"start":{"line":1,"column":0},"end":{"line":1,"column":56}},"2":{"start":{"line":3,"column":0},"end":{"line":3,"column":30}},"3":{"start":{"line":4,"column":0},"end":{"line":4,"column":38}},"4":{"start":{"line":5,"column":0},"end":{"line":5,"column":38}},"5":{"start":{"line":7,"column":29},"end":{"line":10,"column":43}},"6":{"start":{"line":16,"column":20},"end":{"line":16,"column":32}},"7":{"start":{"line":17,"column":4},"end":{"line":17,"column":97}},"8":{"start":{"line":17,"column":28},"end":{"line":17,"column":97}},"9":{"start":{"line":18,"column":4},"end":{"line":18,"column":93}},"10":{"start":{"line":18,"column":27},"end":{"line":18,"column":93}},"11":{"start":{"line":19,"column":19},"end":{"line":19,"column":31}},"12":{"start":{"line":20,"column":22},"end":{"line":26,"column":6}},"13":{"start":{"line":27,"column":4},"end":{"line":27,"column":96}},"14":{"start":{"line":27,"column":20},"end":{"line":27,"column":96}},"15":{"start":{"line":28,"column":4},"end":{"line":28,"column":40}}},"fnMap":{"0":{"name":"GET","decl":{"start":{"line":12,"column":22},"end":{"line":12,"column":25}},"loc":{"start":{"line":14,"column":51},"end":{"line":29,"column":1}}}},"branchMap":{"0":{"loc":{"start":{"line":17,"column":4},"end":{"line":17,"column":97}},"type":"if","locations":[{"start":{"line":17,"column":4},"end":{"line":17,"column":97}},{"start":{},"end":{}}]},"1":{"loc":{"start":{"line":17,"column":9},"end":{"line":17,"column":26}},"type":"cond-expr","locations":[{"start":{"line":17,"column":22},"end":{"line":17,"column":24}},{"start":{"line":17,"column":22},"end":{"line":17,"column":26}}]},"2":{"loc":{"start":{"line":17,"column":9},"end":{"line":17,"column":24}},"type":"binary-expr","locations":[{"start":{"line":17,"column":9},"end":{"line":17,"column":24}},{"start":{"line":17,"column":22},"end":{"line":17,"column":24}}]},"3":{"loc":{"start":{"line":17,"column":9},"end":{"line":17,"column":22}},"type":"cond-expr","locations":[{"start":{"line":17,"column":16},"end":{"line":17,"column":18}},{"start":{"line":17,"column":9},"end":{"line":17,"column":22}}]},"4":{"loc":{"start":{"line":17,"column":9},"end":{"line":17,"column":18}},"type":"binary-expr","locations":[{"start":{"line":17,"column":9},"end":{"line":17,"column":18}},{"start":{"line":17,"column":9},"end":{"line":17,"column":18}}]},"5":{"loc":{"start":{"line":18,"column":4},"end":{"line":18,"column":93}},"type":"if","locations":[{"start":{"line":18,"column":4},"end":{"line":18,"column":93}},{"start":{},"end":{}}]},"6":{"loc":{"start":{"line":27,"column":4},"end":{"line":27,"column":96}},"type":"if","locations":[{"start":{"line":27,"column":4},"end":{"line":27,"column":96}},{"start":{},"end":{}}]}},"s":{"0":1,"1":1,"2":1,"3":1,"4":1,"5":1,"6":4,"7":4,"8":1,"9":3,"10":1,"11":2,"12":2,"13":2,"14":1,"15":1},"f":{"0":4},"b":{"0":[1,3],"1":[1,3],"2":[4,4],"3":[1,3],"4":[4,3],"5":[1,2],"6":[1,1]}}
,"/opt/prospector-ai/backend/src/app/api/analyze/route.ts": {"path":"/opt/prospector-ai/backend/src/app/api/analyze/route.ts","statementMap":{"0":{"start":{"line":7,"column":0},"end":{"line":7,"column":7}},"1":{"start":{"line":1,"column":0},"end":{"line":1,"column":56}},"2":{"start":{"line":2,"column":0},"end":{"line":2,"column":30}},"3":{"start":{"line":3,"column":0},"end":{"line":3,"column":44}},"4":{"start":{"line":4,"column":0},"end":{"line":4,"column":74}},"5":{"start":{"line":5,"column":0},"end":{"line":5,"column":65}},"6":{"start":{"line":8,"column":4},"end":{"line":35,"column":5}},"7":{"start":{"line":9,"column":19},"end":{"line":9,"column":68}},"8":{"start":{"line":10,"column":28},"end":{"line":10,"column":68}},"9":{"start":{"line":12,"column":8},"end":{"line":14,"column":9}},"10":{"start":{"line":13,"column":12},"end":{"line":13,"column":104}},"11":{"start":{"line":16,"column":21},"end":{"line":16,"column":37}},"12":{"start":{"line":17,"column":23},"end":{"line":17,"column":52}},"13":{"start":{"line":18,"column":8},"end":{"line":20,"column":9}},"14":{"start":{"line":19,"column":12},"end":{"line":19,"column":89}},"15":{"start":{"line":22,"column":24},"end":{"line":22,"column":36}},"16":{"start":{"line":23,"column":8},"end":{"line":25,"column":9}},"17":{"start":{"line":24,"column":12},"end":{"line":24,"column":81}},"18":{"start":{"line":27,"column":23},"end":{"line":27,"column":69}},"19":{"start":{"line":28,"column":8},"end":{"line":28,"column":41}},"20":{"start":{"line":30,"column":8},"end":{"line":32,"column":9}},"21":{"start":{"line":31,"column":12},"end":{"line":31,"column":71}},"22":{"start":{"line":33,"column":24},"end":{"line":33,"column":76}},"23":{"start":{"line":34,"column":8},"end":{"line":34,"column":70}}},"fnMap":{"0":{"name":"POST","decl":{"start":{"line":7,"column":22},"end":{"line":7,"column":26}},"loc":{"start":{"line":7,"column":43},"end":{"line":36,"column":1}}}},"branchMap":{"0":{"loc":{"start":{"line":9,"column":19},"end":{"line":9,"column":68}},"type":"binary-expr","locations":[{"start":{"line":9,"column":19},"end":{"line":9,"column":53}},{"start":{"line":9,"column":57},"end":{"line":9,"column":68}}]},"1":{"loc":{"start":{"line":12,"column":8},"end":{"line":14,"column":9}},"type":"if","locations":[{"start":{"line":12,"column":8},"end":{"line":14,"column":9}},{"start":{},"end":{}}]},"2":{"loc":{"start":{"line":18,"column":8},"end":{"line":20,"column":9}},"type":"if","locations":[{"start":{"line":18,"column":8},"end":{"line":20,"column":9}},{"start":{},"end":{}}]},"3":{"loc":{"start":{"line":23,"column":8},"end":{"line":25,"column":9}},"type":"if","locations":[{"start":{"line":23,"column":8},"end":{"line":25,"column":9}},{"start":{},"end":{}}]},"4":{"loc":{"start":{"line":23,"column":13},"end":{"line":23,"column":30}},"type":"cond-expr","locations":[{"start":{"line":23,"column":26},"end":{"line":23,"column":28}},{"start":{"line":23,"column":26},"end":{"line":23,"column":30}}]},"5":{"loc":{"start":{"line":23,"column":13},"end":{"line":23,"column":28}},"type":"binary-expr","locations":[{"start":{"line":23,"column":13},"end":{"line":23,"column":28}},{"start":{"line":23,"column":26},"end":{"line":23,"column":28}}]},"6":{"loc":{"start":{"line":23,"column":13},"end":{"line":23,"column":26}},"type":"cond-expr","locations":[{"start":{"line":23,"column":20},"end":{"line":23,"column":22}},{"start":{"line":23,"column":13},"end":{"line":23,"column":26}}]},"7":{"loc":{"start":{"line":23,"column":13},"end":{"line":23,"column":22}},"type":"binary-expr","locations":[{"start":{"line":23,"column":13},"end":{"line":23,"column":22}},{"start":{"line":23,"column":13},"end":{"line":23,"column":22}}]},"8":{"loc":{"start":{"line":30,"column":8},"end":{"line":32,"column":9}},"type":"if","locations":[{"start":{"line":30,"column":8},"end":{"line":32,"column":9}},{"start":{},"end":{}}]},"9":{"loc":{"start":{"line":33,"column":24},"end":{"line":33,"column":76}},"type":"cond-expr","locations":[{"start":{"line":33,"column":47},"end":{"line":33,"column":58}},{"start":{"line":33,"column":61},"end":{"line":33,"column":76}}]}},"s":{"0":1,"1":1,"2":1,"3":1,"4":1,"5":1,"6":7,"7":7,"8":7,"9":7,"10":0,"11":7,"12":7,"13":7,"14":1,"15":6,"16":6,"17":0,"18":6,"19":2,"20":4,"21":4,"22":0,"23":0},"f":{"0":7},"b":{"0":[7,7],"1":[0,7],"2":[1,6],"3":[0,6],"4":[0,6],"5":[6,6],"6":[0,6],"7":[6,6],"8":[4,0],"9":[0,0]}}
,"/opt/prospector-ai/backend/src/app/api/auth/[...nextauth]/route.ts": {"path":"/opt/prospector-ai/backend/src/app/api/auth/[...nextauth]/route.ts","statementMap":{"0":{"start":{"line":1,"column":0},"end":{"line":1,"column":33}},"1":{"start":{"line":2,"column":15},"end":{"line":2,"column":null}}},"fnMap":{},"branchMap":{},"s":{"0":0,"1":0},"f":{},"b":{}}
,"/opt/prospector-ai/backend/src/app/api/auth/forgot-password/route.ts": {"path":"/opt/prospector-ai/backend/src/app/api/auth/forgot-password/route.ts","statementMap":{"0":{"start":{"line":11,"column":0},"end":{"line":11,"column":7}},"1":{"start":{"line":1,"column":0},"end":{"line":1,"column":42}},"2":{"start":{"line":2,"column":0},"end":{"line":2,"column":37}},"3":{"start":{"line":3,"column":0},"end":{"line":3,"column":27}},"4":{"start":{"line":4,"column":0},"end":{"line":4,"column":43}},"5":{"start":{"line":5,"column":0},"end":{"line":5,"column":23}},"6":{"start":{"line":7,"column":21},"end":{"line":9,"column":2}},"7":{"start":{"line":12,"column":4},"end":{"line":63,"column":5}},"8":{"start":{"line":13,"column":19},"end":{"line":13,"column":68}},"9":{"start":{"line":14,"column":28},"end":{"line":14,"column":77}},"10":{"start":{"line":16,"column":8},"end":{"line":18,"column":9}},"11":{"start":{"line":17,"column":12},"end":{"line":17,"column":null}},"12":{"start":{"line":20,"column":21},"end":{"line":20,"column":37}},"13":{"start":{"line":21,"column":23},"end":{"line":21,"column":51}},"14":{"start":{"line":23,"column":8},"end":{"line":25,"column":9}},"15":{"start":{"line":24,"column":12},"end":{"line":24,"column":null}},"16":{"start":{"line":27,"column":26},"end":{"line":27,"column":37}},"17":{"start":{"line":29,"column":21},"end":{"line":31,"column":10}},"18":{"start":{"line":34,"column":8},"end":{"line":36,"column":9}},"19":{"start":{"line":35,"column":12},"end":{"line":35,"column":null}},"20":{"start":{"line":38,"column":22},"end":{"line":38,"column":60}},"21":{"start":{"line":39,"column":24},"end":{"line":39,"column":54}},"22":{"start":{"line":41,"column":8},"end":{"line":47,"column":null}},"23":{"start":{"line":51,"column":27},"end":{"line":51,"column":55}},"24":{"start":{"line":52,"column":8},"end":{"line":52,"column":120}},"25":{"start":{"line":52,"column":52},"end":{"line":52,"column":120}},"26":{"start":{"line":54,"column":8},"end":{"line":58,"column":null}},"27":{"start":{"line":60,"column":27},"end":{"line":60,"column":55}},"28":{"start":{"line":61,"column":8},"end":{"line":61,"column":109}},"29":{"start":{"line":62,"column":8},"end":{"line":62,"column":null}}},"fnMap":{"0":{"name":"POST","decl":{"start":{"line":11,"column":22},"end":{"line":11,"column":26}},"loc":{"start":{"line":11,"column":39},"end":{"line":64,"column":1}}},"1":{"name":"(anonymous_11)","decl":{"start":{"line":51,"column":27},"end":{"line":51,"column":40}},"loc":{"start":{"line":51,"column":27},"end":{"line":51,"column":55}}},"2":{"name":"(anonymous_12)","decl":{"start":{"line":60,"column":27},"end":{"line":60,"column":40}},"loc":{"start":{"line":60,"column":27},"end":{"line":60,"column":55}}}},"branchMap":{"0":{"loc":{"start":{"line":13,"column":19},"end":{"line":13,"column":68}},"type":"binary-expr","locations":[{"start":{"line":13,"column":19},"end":{"line":13,"column":53}},{"start":{"line":13,"column":57},"end":{"line":13,"column":68}}]},"1":{"loc":{"start":{"line":16,"column":8},"end":{"line":18,"column":9}},"type":"if","locations":[{"start":{"line":16,"column":8},"end":{"line":18,"column":9}},{"start":{},"end":{}}]},"2":{"loc":{"start":{"line":23,"column":8},"end":{"line":25,"column":9}},"type":"if","locations":[{"start":{"line":23,"column":8},"end":{"line":25,"column":9}},{"start":{},"end":{}}]},"3":{"loc":{"start":{"line":34,"column":8},"end":{"line":36,"column":9}},"type":"if","locations":[{"start":{"line":34,"column":8},"end":{"line":36,"column":9}},{"start":{},"end":{}}]},"4":{"loc":{"start":{"line":52,"column":8},"end":{"line":52,"column":120}},"type":"if","locations":[{"start":{"line":52,"column":8},"end":{"line":52,"column":120}},{"start":{},"end":{}}]},"5":{"loc":{"start":{"line":57,"column":22},"end":{"line":57,"column":80}},"type":"cond-expr","locations":[{"start":{"line":57,"column":63},"end":{"line":57,"column":68}},{"start":{"line":57,"column":71},"end":{"line":57,"column":80}}]},"6":{"loc":{"start":{"line":61,"column":55},"end":{"line":61,"column":105}},"type":"cond-expr","locations":[{"start":{"line":61,"column":80},"end":{"line":61,"column":93}},{"start":{"line":61,"column":96},"end":{"line":61,"column":105}}]}},"s":{"0":1,"1":1,"2":1,"3":1,"4":1,"5":1,"6":1,"7":4,"8":4,"9":4,"10":4,"11":1,"12":3,"13":3,"14":3,"15":1,"16":2,"17":2,"18":2,"19":1,"20":1,"21":1,"22":1,"23":2,"24":1,"25":0,"26":1,"27":0,"28":0,"29":0},"f":{"0":4,"1":1,"2":0},"b":{"0":[4,4],"1":[1,3],"2":[1,2],"3":[1,1],"4":[0,1],"5":[0,1],"6":[0,0]}}
,"/opt/prospector-ai/backend/src/app/api/auth/register/route.ts": {"path":"/opt/prospector-ai/backend/src/app/api/auth/register/route.ts","statementMap":{"0":{"start":{"line":13,"column":0},"end":{"line":13,"column":7}},"1":{"start":{"line":1,"column":0},"end":{"line":1,"column":42}},"2":{"start":{"line":2,"column":0},"end":{"line":2,"column":37}},"3":{"start":{"line":3,"column":0},"end":{"line":3,"column":29}},"4":{"start":{"line":4,"column":0},"end":{"line":4,"column":43}},"5":{"start":{"line":5,"column":0},"end":{"line":5,"column":74}},"6":{"start":{"line":6,"column":0},"end":{"line":6,"column":37}},"7":{"start":{"line":14,"column":4},"end":{"line":79,"column":5}},"8":{"start":{"line":15,"column":19},"end":{"line":15,"column":68}},"9":{"start":{"line":16,"column":28},"end":{"line":16,"column":70}},"10":{"start":{"line":18,"column":8},"end":{"line":20,"column":9}},"11":{"start":{"line":19,"column":12},"end":{"line":19,"column":null}},"12":{"start":{"line":22,"column":21},"end":{"line":22,"column":37}},"13":{"start":{"line":23,"column":23},"end":{"line":23,"column":53}},"14":{"start":{"line":24,"column":8},"end":{"line":26,"column":9}},"15":{"start":{"line":25,"column":12},"end":{"line":25,"column":null}},"16":{"start":{"line":27,"column":42},"end":{"line":27,"column":53}},"17":{"start":{"line":29,"column":29},"end":{"line":31,"column":10}},"18":{"start":{"line":33,"column":8},"end":{"line":35,"column":9}},"19":{"start":{"line":34,"column":12},"end":{"line":34,"column":null}},"20":{"start":{"line":37,"column":31},"end":{"line":37,"column":62}},"21":{"start":{"line":39,"column":23},"end":{"line":69,"column":10}},"22":{"start":{"line":40,"column":25},"end":{"line":49,"column":14}},"23":{"start":{"line":51,"column":30},"end":{"line":58,"column":14}},"24":{"start":{"line":60,"column":12},"end":{"line":66,"column":null}},"25":{"start":{"line":68,"column":12},"end":{"line":68,"column":null}},"26":{"start":{"line":71,"column":8},"end":{"line":75,"column":null}},"27":{"start":{"line":77,"column":8},"end":{"line":77,"column":null}},"28":{"start":{"line":78,"column":8},"end":{"line":78,"column":null}}},"fnMap":{"0":{"name":"POST","decl":{"start":{"line":13,"column":22},"end":{"line":13,"column":26}},"loc":{"start":{"line":13,"column":39},"end":{"line":80,"column":1}}},"1":{"name":"(anonymous_2)","decl":{"start":{"line":39,"column":49},"end":{"line":39,"column":54}},"loc":{"start":{"line":39,"column":62},"end":{"line":69,"column":9}}}},"branchMap":{"0":{"loc":{"start":{"line":15,"column":19},"end":{"line":15,"column":68}},"type":"binary-expr","locations":[{"start":{"line":15,"column":19},"end":{"line":15,"column":53}},{"start":{"line":15,"column":57},"end":{"line":15,"column":68}}]},"1":{"loc":{"start":{"line":18,"column":8},"end":{"line":20,"column":9}},"type":"if","locations":[{"start":{"line":18,"column":8},"end":{"line":20,"column":9}},{"start":{},"end":{}}]},"2":{"loc":{"start":{"line":24,"column":8},"end":{"line":26,"column":9}},"type":"if","locations":[{"start":{"line":24,"column":8},"end":{"line":26,"column":9}},{"start":{},"end":{}}]},"3":{"loc":{"start":{"line":33,"column":8},"end":{"line":35,"column":9}},"type":"if","locations":[{"start":{"line":33,"column":8},"end":{"line":35,"column":9}},{"start":{},"end":{}}]},"4":{"loc":{"start":{"line":53,"column":26},"end":{"line":53,"column":96}},"type":"cond-expr","locations":[{"start":{"line":53,"column":50},"end":{"line":53,"column":78}},{"start":{"line":53,"column":81},"end":{"line":53,"column":96}}]},"5":{"loc":{"start":{"line":53,"column":27},"end":{"line":53,"column":46}},"type":"binary-expr","locations":[{"start":{"line":53,"column":27},"end":{"line":53,"column":31}},{"start":{"line":53,"column":35},"end":{"line":53,"column":46}}]},"6":{"loc":{"start":{"line":77,"column":52},"end":{"line":77,"column":102}},"type":"cond-expr","locations":[{"start":{"line":77,"column":77},"end":{"line":77,"column":90}},{"start":{"line":77,"column":93},"end":{"line":77,"column":102}}]}},"s":{"0":1,"1":1,"2":1,"3":1,"4":1,"5":1,"6":1,"7":4,"8":4,"9":4,"10":4,"11":0,"12":4,"13":4,"14":4,"15":2,"16":2,"17":2,"18":2,"19":1,"20":1,"21":1,"22":1,"23":1,"24":1,"25":1,"26":1,"27":0,"28":0},"f":{"0":4,"1":1},"b":{"0":[4,4],"1":[0,4],"2":[2,2],"3":[1,1],"4":[1,0],"5":[1,1],"6":[0,0]}}
,"/opt/prospector-ai/backend/src/app/api/auth/reset-password/route.ts": {"path":"/opt/prospector-ai/backend/src/app/api/auth/reset-password/route.ts","statementMap":{"0":{"start":{"line":12,"column":0},"end":{"line":12,"column":7}},"1":{"start":{"line":1,"column":0},"end":{"line":1,"column":42}},"2":{"start":{"line":2,"column":0},"end":{"line":2,"column":37}},"3":{"start":{"line":3,"column":0},"end":{"line":3,"column":29}},"4":{"start":{"line":4,"column":0},"end":{"line":4,"column":43}},"5":{"start":{"line":5,"column":0},"end":{"line":5,"column":23}},"6":{"start":{"line":7,"column":20},"end":{"line":10,"column":2}},"7":{"start":{"line":13,"column":4},"end":{"line":59,"column":5}},"8":{"start":{"line":14,"column":19},"end":{"line":14,"column":68}},"9":{"start":{"line":15,"column":28},"end":{"line":15,"column":77}},"10":{"start":{"line":17,"column":8},"end":{"line":19,"column":9}},"11":{"start":{"line":18,"column":12},"end":{"line":18,"column":null}},"12":{"start":{"line":21,"column":21},"end":{"line":21,"column":37}},"13":{"start":{"line":22,"column":23},"end":{"line":22,"column":50}},"14":{"start":{"line":24,"column":8},"end":{"line":26,"column":9}},"15":{"start":{"line":25,"column":12},"end":{"line":25,"column":null}},"16":{"start":{"line":28,"column":36},"end":{"line":28,"column":47}},"17":{"start":{"line":30,"column":21},"end":{"line":37,"column":10}},"18":{"start":{"line":39,"column":8},"end":{"line":41,"column":9}},"19":{"start":{"line":40,"column":12},"end":{"line":40,"column":null}},"20":{"start":{"line":43,"column":31},"end":{"line":43,"column":62}},"21":{"start":{"line":45,"column":8},"end":{"line":52,"column":null}},"22":{"start":{"line":54,"column":8},"end":{"line":54,"column":null}},"23":{"start":{"line":56,"column":27},"end":{"line":56,"column":55}},"24":{"start":{"line":57,"column":8},"end":{"line":57,"column":108}},"25":{"start":{"line":58,"column":8},"end":{"line":58,"column":null}}},"fnMap":{"0":{"name":"POST","decl":{"start":{"line":12,"column":22},"end":{"line":12,"column":26}},"loc":{"start":{"line":12,"column":39},"end":{"line":60,"column":1}}},"1":{"name":"(anonymous_11)","decl":{"start":{"line":56,"column":27},"end":{"line":56,"column":40}},"loc":{"start":{"line":56,"column":27},"end":{"line":56,"column":55}}}},"branchMap":{"0":{"loc":{"start":{"line":14,"column":19},"end":{"line":14,"column":68}},"type":"binary-expr","locations":[{"start":{"line":14,"column":19},"end":{"line":14,"column":53}},{"start":{"line":14,"column":57},"end":{"line":14,"column":68}}]},"1":{"loc":{"start":{"line":17,"column":8},"end":{"line":19,"column":9}},"type":"if","locations":[{"start":{"line":17,"column":8},"end":{"line":19,"column":9}},{"start":{},"end":{}}]},"2":{"loc":{"start":{"line":24,"column":8},"end":{"line":26,"column":9}},"type":"if","locations":[{"start":{"line":24,"column":8},"end":{"line":26,"column":9}},{"start":{},"end":{}}]},"3":{"loc":{"start":{"line":39,"column":8},"end":{"line":41,"column":9}},"type":"if","locations":[{"start":{"line":39,"column":8},"end":{"line":41,"column":9}},{"start":{},"end":{}}]},"4":{"loc":{"start":{"line":57,"column":54},"end":{"line":57,"column":104}},"type":"cond-expr","locations":[{"start":{"line":57,"column":79},"end":{"line":57,"column":92}},{"start":{"line":57,"column":95},"end":{"line":57,"column":104}}]}},"s":{"0":1,"1":1,"2":1,"3":1,"4":1,"5":1,"6":1,"7":4,"8":4,"9":4,"10":4,"11":1,"12":3,"13":3,"14":3,"15":1,"16":2,"17":2,"18":2,"19":1,"20":1,"21":1,"22":1,"23":0,"24":0,"25":0},"f":{"0":4,"1":0},"b":{"0":[4,4],"1":[1,3],"2":[1,2],"3":[1,1],"4":[0,0]}}
,"/opt/prospector-ai/backend/src/app/api/auth/session/route.ts": {"path":"/opt/prospector-ai/backend/src/app/api/auth/session/route.ts","statementMap":{"0":{"start":{"line":4,"column":0},"end":{"line":4,"column":7}},"1":{"start":{"line":1,"column":0},"end":{"line":1,"column":43}},"2":{"start":{"line":2,"column":0},"end":{"line":2,"column":30}},"3":{"start":{"line":5,"column":20},"end":{"line":5,"column":32}},"4":{"start":{"line":7,"column":4},"end":{"line":9,"column":5}},"5":{"start":{"line":8,"column":8},"end":{"line":8,"column":66}},"6":{"start":{"line":11,"column":4},"end":{"line":21,"column":7}}},"fnMap":{"0":{"name":"GET","decl":{"start":{"line":4,"column":22},"end":{"line":4,"column":25}},"loc":{"start":{"line":4,"column":25},"end":{"line":22,"column":1}}}},"branchMap":{"0":{"loc":{"start":{"line":7,"column":4},"end":{"line":9,"column":5}},"type":"if","locations":[{"start":{"line":7,"column":4},"end":{"line":9,"column":5}},{"start":{},"end":{}}]},"1":{"loc":{"start":{"line":13,"column":16},"end":{"line":13,"column":32}},"type":"cond-expr","locations":[{"start":{"line":13,"column":28},"end":{"line":13,"column":30}},{"start":{"line":13,"column":28},"end":{"line":13,"column":32}}]},"2":{"loc":{"start":{"line":13,"column":16},"end":{"line":13,"column":30}},"type":"binary-expr","locations":[{"start":{"line":13,"column":16},"end":{"line":13,"column":30}},{"start":{"line":13,"column":28},"end":{"line":13,"column":30}}]},"3":{"loc":{"start":{"line":14,"column":18},"end":{"line":14,"column":36}},"type":"cond-expr","locations":[{"start":{"line":14,"column":30},"end":{"line":14,"column":32}},{"start":{"line":14,"column":30},"end":{"line":14,"column":36}}]},"4":{"loc":{"start":{"line":14,"column":18},"end":{"line":14,"column":32}},"type":"binary-expr","locations":[{"start":{"line":14,"column":18},"end":{"line":14,"column":32}},{"start":{"line":14,"column":30},"end":{"line":14,"column":32}}]},"5":{"loc":{"start":{"line":15,"column":19},"end":{"line":15,"column":38}},"type":"cond-expr","locations":[{"start":{"line":15,"column":31},"end":{"line":15,"column":33}},{"start":{"line":15,"column":31},"end":{"line":15,"column":38}}]},"6":{"loc":{"start":{"line":15,"column":19},"end":{"line":15,"column":33}},"type":"binary-expr","locations":[{"start":{"line":15,"column":19},"end":{"line":15,"column":33}},{"start":{"line":15,"column":31},"end":{"line":15,"column":33}}]},"7":{"loc":{"start":{"line":16,"column":19},"end":{"line":16,"column":38}},"type":"cond-expr","locations":[{"start":{"line":16,"column":31},"end":{"line":16,"column":33}},{"start":{"line":16,"column":31},"end":{"line":16,"column":38}}]},"8":{"loc":{"start":{"line":16,"column":19},"end":{"line":16,"column":33}},"type":"binary-expr","locations":[{"start":{"line":16,"column":19},"end":{"line":16,"column":33}},{"start":{"line":16,"column":31},"end":{"line":16,"column":33}}]},"9":{"loc":{"start":{"line":17,"column":18},"end":{"line":17,"column":46}},"type":"cond-expr","locations":[{"start":{"line":17,"column":36},"end":{"line":17,"column":40}},{"start":{"line":17,"column":40},"end":{"line":17,"column":46}}]},"10":{"loc":{"start":{"line":17,"column":18},"end":{"line":17,"column":40}},"type":"binary-expr","locations":[{"start":{"line":17,"column":18},"end":{"line":17,"column":40}},{"start":{"line":17,"column":36},"end":{"line":17,"column":40}}]},"11":{"loc":{"start":{"line":17,"column":18},"end":{"line":17,"column":36}},"type":"cond-expr","locations":[{"start":{"line":17,"column":30},"end":{"line":17,"column":32}},{"start":{"line":17,"column":30},"end":{"line":17,"column":36}}]},"12":{"loc":{"start":{"line":17,"column":18},"end":{"line":17,"column":32}},"type":"binary-expr","locations":[{"start":{"line":17,"column":18},"end":{"line":17,"column":32}},{"start":{"line":17,"column":30},"end":{"line":17,"column":32}}]},"13":{"loc":{"start":{"line":18,"column":23},"end":{"line":18,"column":51}},"type":"cond-expr","locations":[{"start":{"line":18,"column":46},"end":{"line":18,"column":50}},{"start":{"line":18,"column":50},"end":{"line":18,"column":51}}]},"14":{"loc":{"start":{"line":18,"column":23},"end":{"line":18,"column":50}},"type":"binary-expr","locations":[{"start":{"line":18,"column":23},"end":{"line":18,"column":50}},{"start":{"line":18,"column":46},"end":{"line":18,"column":50}}]},"15":{"loc":{"start":{"line":18,"column":23},"end":{"line":18,"column":46}},"type":"cond-expr","locations":[{"start":{"line":18,"column":35},"end":{"line":18,"column":37}},{"start":{"line":18,"column":35},"end":{"line":18,"column":46}}]},"16":{"loc":{"start":{"line":18,"column":23},"end":{"line":18,"column":37}},"type":"binary-expr","locations":[{"start":{"line":18,"column":23},"end":{"line":18,"column":37}},{"start":{"line":18,"column":35},"end":{"line":18,"column":37}}]},"17":{"loc":{"start":{"line":19,"column":24},"end":{"line":19,"column":54}},"type":"cond-expr","locations":[{"start":{"line":19,"column":48},"end":{"line":19,"column":52}},{"start":{"line":19,"column":52},"end":{"line":19,"column":54}}]},"18":{"loc":{"start":{"line":19,"column":24},"end":{"line":19,"column":52}},"type":"binary-expr","locations":[{"start":{"line":19,"column":24},"end":{"line":19,"column":52}},{"start":{"line":19,"column":48},"end":{"line":19,"column":52}}]},"19":{"loc":{"start":{"line":19,"column":24},"end":{"line":19,"column":48}},"type":"cond-expr","locations":[{"start":{"line":19,"column":36},"end":{"line":19,"column":38}},{"start":{"line":19,"column":36},"end":{"line":19,"column":48}}]},"20":{"loc":{"start":{"line":19,"column":24},"end":{"line":19,"column":38}},"type":"binary-expr","locations":[{"start":{"line":19,"column":24},"end":{"line":19,"column":38}},{"start":{"line":19,"column":36},"end":{"line":19,"column":38}}]}},"s":{"0":1,"1":1,"2":1,"3":3,"4":3,"5":1,"6":2},"f":{"0":3},"b":{"0":[1,2],"1":[0,2],"2":[2,2],"3":[0,2],"4":[2,2],"5":[0,2],"6":[2,2],"7":[0,2],"8":[2,2],"9":[1,1],"10":[2,2],"11":[0,2],"12":[2,2],"13":[1,1],"14":[2,2],"15":[0,2],"16":[2,2],"17":[1,1],"18":[2,2],"19":[0,2],"20":[2,2]}}
,"/opt/prospector-ai/backend/src/app/api/details/route.ts": {"path":"/opt/prospector-ai/backend/src/app/api/details/route.ts","statementMap":{"0":{"start":{"line":6,"column":0},"end":{"line":6,"column":7}},"1":{"start":{"line":1,"column":0},"end":{"line":1,"column":56}},"2":{"start":{"line":2,"column":0},"end":{"line":2,"column":54}},"3":{"start":{"line":3,"column":0},"end":{"line":3,"column":51}},"4":{"start":{"line":4,"column":0},"end":{"line":4,"column":41}},"5":{"start":{"line":7,"column":4},"end":{"line":34,"column":5}},"6":{"start":{"line":8,"column":24},"end":{"line":8,"column":63}},"7":{"start":{"line":9,"column":8},"end":{"line":11,"column":9}},"8":{"start":{"line":10,"column":12},"end":{"line":10,"column":88}},"9":{"start":{"line":14,"column":25},"end":{"line":14,"column":45}},"10":{"start":{"line":15,"column":23},"end":{"line":15,"column":48}},"11":{"start":{"line":16,"column":8},"end":{"line":18,"column":9}},"12":{"start":{"line":17,"column":12},"end":{"line":17,"column":96}},"13":{"start":{"line":20,"column":23},"end":{"line":20,"column":53}},"14":{"start":{"line":23,"column":8},"end":{"line":23,"column":47}},"15":{"start":{"line":26,"column":8},"end":{"line":28,"column":11}},"16":{"start":{"line":27,"column":12},"end":{"line":27,"column":161}},"17":{"start":{"line":27,"column":12},"end":{"line":27,"column":35}},"18":{"start":{"line":27,"column":56},"end":{"line":27,"column":159}},"19":{"start":{"line":30,"column":8},"end":{"line":30,"column":41}},"20":{"start":{"line":32,"column":24},"end":{"line":32,"column":80}},"21":{"start":{"line":33,"column":8},"end":{"line":33,"column":70}}},"fnMap":{"0":{"name":"GET","decl":{"start":{"line":6,"column":22},"end":{"line":6,"column":25}},"loc":{"start":{"line":6,"column":42},"end":{"line":35,"column":1}}},"1":{"name":"(anonymous_10)","decl":{"start":{"line":26,"column":31},"end":{"line":26,"column":34}},"loc":{"start":{"line":26,"column":37},"end":{"line":28,"column":9}}},"2":{"name":"(anonymous_11)","decl":{"start":{"line":27,"column":12},"end":{"line":27,"column":19}},"loc":{"start":{"line":27,"column":12},"end":{"line":27,"column":35}}},"3":{"name":"(anonymous_12)","decl":{"start":{"line":27,"column":40},"end":{"line":27,"column":41}},"loc":{"start":{"line":27,"column":56},"end":{"line":27,"column":159}}}},"branchMap":{"0":{"loc":{"start":{"line":9,"column":8},"end":{"line":11,"column":9}},"type":"if","locations":[{"start":{"line":9,"column":8},"end":{"line":11,"column":9}},{"start":{},"end":{}}]},"1":{"loc":{"start":{"line":16,"column":8},"end":{"line":18,"column":9}},"type":"if","locations":[{"start":{"line":16,"column":8},"end":{"line":18,"column":9}},{"start":{},"end":{}}]},"2":{"loc":{"start":{"line":27,"column":110},"end":{"line":27,"column":156}},"type":"cond-expr","locations":[{"start":{"line":27,"column":133},"end":{"line":27,"column":144}},{"start":{"line":27,"column":147},"end":{"line":27,"column":156}}]},"3":{"loc":{"start":{"line":32,"column":24},"end":{"line":32,"column":80}},"type":"cond-expr","locations":[{"start":{"line":32,"column":49},"end":{"line":32,"column":62}},{"start":{"line":32,"column":65},"end":{"line":32,"column":80}}]}},"s":{"0":1,"1":1,"2":1,"3":1,"4":1,"5":4,"6":4,"7":4,"8":1,"9":3,"10":3,"11":3,"12":1,"13":2,"14":1,"15":1,"16":0,"17":0,"18":0,"19":1,"20":1,"21":1},"f":{"0":4,"1":0,"2":0,"3":0},"b":{"0":[1,3],"1":[1,2],"2":[0,0],"3":[1,0]}}
,"/opt/prospector-ai/backend/src/app/api/health/route.ts": {"path":"/opt/prospector-ai/backend/src/app/api/health/route.ts","statementMap":{"0":{"start":{"line":7,"column":0},"end":{"line":7,"column":7}},"1":{"start":{"line":1,"column":0},"end":{"line":1,"column":43}},"2":{"start":{"line":8,"column":2},"end":{"line":8,"column":62}}},"fnMap":{"0":{"name":"GET","decl":{"start":{"line":7,"column":22},"end":{"line":7,"column":25}},"loc":{"start":{"line":7,"column":25},"end":{"line":9,"column":1}}}},"branchMap":{},"s":{"0":1,"1":1,"2":1},"f":{"0":1},"b":{}}
,"/opt/prospector-ai/backend/src/app/api/leads/route.ts": {"path":"/opt/prospector-ai/backend/src/app/api/leads/route.ts","statementMap":{"0":{"start":{"line":5,"column":0},"end":{"line":5,"column":7}},"1":{"start":{"line":1,"column":0},"end":{"line":1,"column":56}},"2":{"start":{"line":2,"column":0},"end":{"line":2,"column":30}},"3":{"start":{"line":3,"column":0},"end":{"line":3,"column":38}},"4":{"start":{"line":6,"column":4},"end":{"line":33,"column":5}},"5":{"start":{"line":7,"column":24},"end":{"line":7,"column":36}},"6":{"start":{"line":8,"column":8},"end":{"line":10,"column":9}},"7":{"start":{"line":9,"column":12},"end":{"line":9,"column":81}},"8":{"start":{"line":12,"column":34},"end":{"line":15,"column":10}},"9":{"start":{"line":17,"column":28},"end":{"line":17,"column":73}},"10":{"start":{"line":20,"column":23},"end":{"line":20,"column":82}},"11":{"start":{"line":22,"column":25},"end":{"line":26,"column":10}},"12":{"start":{"line":28,"column":8},"end":{"line":28,"column":43}},"13":{"start":{"line":30,"column":27},"end":{"line":30,"column":55}},"14":{"start":{"line":31,"column":8},"end":{"line":31,"column":108}},"15":{"start":{"line":32,"column":8},"end":{"line":32,"column":86}}},"fnMap":{"0":{"name":"GET","decl":{"start":{"line":5,"column":22},"end":{"line":5,"column":25}},"loc":{"start":{"line":5,"column":42},"end":{"line":34,"column":1}}},"1":{"name":"(anonymous_10)","decl":{"start":{"line":30,"column":27},"end":{"line":30,"column":40}},"loc":{"start":{"line":30,"column":27},"end":{"line":30,"column":55}}}},"branchMap":{"0":{"loc":{"start":{"line":8,"column":8},"end":{"line":10,"column":9}},"type":"if","locations":[{"start":{"line":8,"column":8},"end":{"line":10,"column":9}},{"start":{},"end":{}}]},"1":{"loc":{"start":{"line":8,"column":13},"end":{"line":8,"column":30}},"type":"cond-expr","locations":[{"start":{"line":8,"column":26},"end":{"line":8,"column":28}},{"start":{"line":8,"column":26},"end":{"line":8,"column":30}}]},"2":{"loc":{"start":{"line":8,"column":13},"end":{"line":8,"column":28}},"type":"binary-expr","locations":[{"start":{"line":8,"column":13},"end":{"line":8,"column":28}},{"start":{"line":8,"column":26},"end":{"line":8,"column":28}}]},"3":{"loc":{"start":{"line":8,"column":13},"end":{"line":8,"column":26}},"type":"cond-expr","locations":[{"start":{"line":8,"column":20},"end":{"line":8,"column":22}},{"start":{"line":8,"column":13},"end":{"line":8,"column":26}}]},"4":{"loc":{"start":{"line":8,"column":13},"end":{"line":8,"column":22}},"type":"binary-expr","locations":[{"start":{"line":8,"column":13},"end":{"line":8,"column":22}},{"start":{"line":8,"column":13},"end":{"line":8,"column":22}}]},"5":{"loc":{"start":{"line":17,"column":28},"end":{"line":17,"column":73}},"type":"cond-expr","locations":[{"start":{"line":17,"column":60},"end":{"line":17,"column":62}},{"start":{"line":17,"column":60},"end":{"line":17,"column":73}}]},"6":{"loc":{"start":{"line":17,"column":28},"end":{"line":17,"column":62}},"type":"binary-expr","locations":[{"start":{"line":17,"column":28},"end":{"line":17,"column":62}},{"start":{"line":17,"column":60},"end":{"line":17,"column":62}}]},"7":{"loc":{"start":{"line":17,"column":28},"end":{"line":17,"column":60}},"type":"cond-expr","locations":[{"start":{"line":17,"column":45},"end":{"line":17,"column":47}},{"start":{"line":17,"column":28},"end":{"line":17,"column":60}}]},"8":{"loc":{"start":{"line":17,"column":28},"end":{"line":17,"column":47}},"type":"binary-expr","locations":[{"start":{"line":17,"column":28},"end":{"line":17,"column":47}},{"start":{"line":17,"column":28},"end":{"line":17,"column":47}}]},"9":{"loc":{"start":{"line":20,"column":23},"end":{"line":20,"column":82}},"type":"cond-expr","locations":[{"start":{"line":20,"column":37},"end":{"line":20,"column":52}},{"start":{"line":20,"column":55},"end":{"line":20,"column":82}}]},"10":{"loc":{"start":{"line":31,"column":54},"end":{"line":31,"column":104}},"type":"cond-expr","locations":[{"start":{"line":31,"column":79},"end":{"line":31,"column":92}},{"start":{"line":31,"column":95},"end":{"line":31,"column":104}}]}},"s":{"0":1,"1":1,"2":1,"3":1,"4":3,"5":3,"6":3,"7":1,"8":2,"9":2,"10":2,"11":2,"12":1,"13":2,"14":1,"15":1},"f":{"0":3,"1":1},"b":{"0":[1,2],"1":[1,2],"2":[3,3],"3":[1,2],"4":[3,2],"5":[0,2],"6":[2,2],"7":[0,2],"8":[2,2],"9":[2,0],"10":[1,0]}}
,"/opt/prospector-ai/backend/src/app/api/leads/[id]/route.ts": {"path":"/opt/prospector-ai/backend/src/app/api/leads/[id]/route.ts","statementMap":{"0":{"start":{"line":5,"column":0},"end":{"line":5,"column":7}},"1":{"start":{"line":1,"column":0},"end":{"line":1,"column":56}},"2":{"start":{"line":2,"column":0},"end":{"line":2,"column":30}},"3":{"start":{"line":3,"column":0},"end":{"line":3,"column":38}},"4":{"start":{"line":9,"column":4},"end":{"line":31,"column":5}},"5":{"start":{"line":10,"column":24},"end":{"line":10,"column":36}},"6":{"start":{"line":11,"column":8},"end":{"line":13,"column":9}},"7":{"start":{"line":12,"column":12},"end":{"line":12,"column":81}},"8":{"start":{"line":15,"column":23},"end":{"line":15,"column":35}},"9":{"start":{"line":16,"column":27},"end":{"line":16,"column":43}},"10":{"start":{"line":18,"column":24},"end":{"line":24,"column":10}},"11":{"start":{"line":26,"column":8},"end":{"line":26,"column":42}},"12":{"start":{"line":28,"column":27},"end":{"line":28,"column":55}},"13":{"start":{"line":29,"column":8},"end":{"line":29,"column":114}},"14":{"start":{"line":30,"column":8},"end":{"line":30,"column":86}}},"fnMap":{"0":{"name":"PATCH","decl":{"start":{"line":5,"column":22},"end":{"line":5,"column":27}},"loc":{"start":{"line":7,"column":51},"end":{"line":32,"column":1}}},"1":{"name":"(anonymous_10)","decl":{"start":{"line":28,"column":27},"end":{"line":28,"column":40}},"loc":{"start":{"line":28,"column":27},"end":{"line":28,"column":55}}}},"branchMap":{"0":{"loc":{"start":{"line":11,"column":8},"end":{"line":13,"column":9}},"type":"if","locations":[{"start":{"line":11,"column":8},"end":{"line":13,"column":9}},{"start":{},"end":{}}]},"1":{"loc":{"start":{"line":11,"column":13},"end":{"line":11,"column":30}},"type":"cond-expr","locations":[{"start":{"line":11,"column":26},"end":{"line":11,"column":28}},{"start":{"line":11,"column":26},"end":{"line":11,"column":30}}]},"2":{"loc":{"start":{"line":11,"column":13},"end":{"line":11,"column":28}},"type":"binary-expr","locations":[{"start":{"line":11,"column":13},"end":{"line":11,"column":28}},{"start":{"line":11,"column":26},"end":{"line":11,"column":28}}]},"3":{"loc":{"start":{"line":11,"column":13},"end":{"line":11,"column":26}},"type":"cond-expr","locations":[{"start":{"line":11,"column":20},"end":{"line":11,"column":22}},{"start":{"line":11,"column":13},"end":{"line":11,"column":26}}]},"4":{"loc":{"start":{"line":11,"column":13},"end":{"line":11,"column":22}},"type":"binary-expr","locations":[{"start":{"line":11,"column":13},"end":{"line":11,"column":22}},{"start":{"line":11,"column":13},"end":{"line":11,"column":22}}]},"5":{"loc":{"start":{"line":29,"column":60},"end":{"line":29,"column":110}},"type":"cond-expr","locations":[{"start":{"line":29,"column":85},"end":{"line":29,"column":98}},{"start":{"line":29,"column":101},"end":{"line":29,"column":110}}]}},"s":{"0":1,"1":1,"2":1,"3":1,"4":2,"5":2,"6":2,"7":1,"8":1,"9":1,"10":1,"11":1,"12":0,"13":0,"14":0},"f":{"0":2,"1":0},"b":{"0":[1,1],"1":[1,1],"2":[2,2],"3":[1,1],"4":[2,1],"5":[0,0]}}
,"/opt/prospector-ai/backend/src/app/api/onboarding/complete/route.ts": {"path":"/opt/prospector-ai/backend/src/app/api/onboarding/complete/route.ts","statementMap":{"0":{"start":{"line":14,"column":0},"end":{"line":14,"column":7}},"1":{"start":{"line":1,"column":0},"end":{"line":1,"column":42}},"2":{"start":{"line":2,"column":0},"end":{"line":2,"column":29}},"3":{"start":{"line":3,"column":0},"end":{"line":3,"column":37}},"4":{"start":{"line":4,"column":0},"end":{"line":4,"column":84}},"5":{"start":{"line":5,"column":0},"end":{"line":5,"column":37}},"6":{"start":{"line":15,"column":20},"end":{"line":15,"column":32}},"7":{"start":{"line":16,"column":4},"end":{"line":18,"column":5}},"8":{"start":{"line":17,"column":8},"end":{"line":17,"column":null}},"9":{"start":{"line":20,"column":4},"end":{"line":46,"column":5}},"10":{"start":{"line":21,"column":21},"end":{"line":21,"column":37}},"11":{"start":{"line":22,"column":23},"end":{"line":22,"column":63}},"12":{"start":{"line":23,"column":8},"end":{"line":25,"column":9}},"13":{"start":{"line":24,"column":12},"end":{"line":24,"column":null}},"14":{"start":{"line":26,"column":77},"end":{"line":26,"column":88}},"15":{"start":{"line":28,"column":21},"end":{"line":37,"column":10}},"16":{"start":{"line":39,"column":8},"end":{"line":42,"column":null}},"17":{"start":{"line":44,"column":8},"end":{"line":44,"column":null}},"18":{"start":{"line":45,"column":8},"end":{"line":45,"column":null}}},"fnMap":{"0":{"name":"POST","decl":{"start":{"line":14,"column":22},"end":{"line":14,"column":26}},"loc":{"start":{"line":14,"column":39},"end":{"line":47,"column":1}}}},"branchMap":{"0":{"loc":{"start":{"line":16,"column":4},"end":{"line":18,"column":5}},"type":"if","locations":[{"start":{"line":16,"column":4},"end":{"line":18,"column":5}},{"start":{},"end":{}}]},"1":{"loc":{"start":{"line":16,"column":9},"end":{"line":16,"column":26}},"type":"cond-expr","locations":[{"start":{"line":16,"column":22},"end":{"line":16,"column":24}},{"start":{"line":16,"column":22},"end":{"line":16,"column":26}}]},"2":{"loc":{"start":{"line":16,"column":9},"end":{"line":16,"column":24}},"type":"binary-expr","locations":[{"start":{"line":16,"column":9},"end":{"line":16,"column":24}},{"start":{"line":16,"column":22},"end":{"line":16,"column":24}}]},"3":{"loc":{"start":{"line":16,"column":9},"end":{"line":16,"column":22}},"type":"cond-expr","locations":[{"start":{"line":16,"column":16},"end":{"line":16,"column":18}},{"start":{"line":16,"column":9},"end":{"line":16,"column":22}}]},"4":{"loc":{"start":{"line":16,"column":9},"end":{"line":16,"column":18}},"type":"binary-expr","locations":[{"start":{"line":16,"column":9},"end":{"line":16,"column":18}},{"start":{"line":16,"column":9},"end":{"line":16,"column":18}}]},"5":{"loc":{"start":{"line":23,"column":8},"end":{"line":25,"column":9}},"type":"if","locations":[{"start":{"line":23,"column":8},"end":{"line":25,"column":9}},{"start":{},"end":{}}]},"6":{"loc":{"start":{"line":31,"column":29},"end":{"line":31,"column":53}},"type":"cond-expr","locations":[{"start":{"line":31,"column":29},"end":{"line":31,"column":40}},{"start":{"line":31,"column":44},"end":{"line":31,"column":53}}]},"7":{"loc":{"start":{"line":31,"column":29},"end":{"line":31,"column":44}},"type":"binary-expr","locations":[{"start":{"line":31,"column":29},"end":{"line":31,"column":44}},{"start":{"line":31,"column":29},"end":{"line":31,"column":44}}]},"8":{"loc":{"start":{"line":32,"column":32},"end":{"line":32,"column":59}},"type":"cond-expr","locations":[{"start":{"line":32,"column":32},"end":{"line":32,"column":46}},{"start":{"line":32,"column":50},"end":{"line":32,"column":59}}]},"9":{"loc":{"start":{"line":32,"column":32},"end":{"line":32,"column":50}},"type":"binary-expr","locations":[{"start":{"line":32,"column":32},"end":{"line":32,"column":50}},{"start":{"line":32,"column":32},"end":{"line":32,"column":50}}]},"10":{"loc":{"start":{"line":33,"column":32},"end":{"line":33,"column":59}},"type":"cond-expr","locations":[{"start":{"line":33,"column":32},"end":{"line":33,"column":46}},{"start":{"line":33,"column":50},"end":{"line":33,"column":59}}]},"11":{"loc":{"start":{"line":33,"column":32},"end":{"line":33,"column":50}},"type":"binary-expr","locations":[{"start":{"line":33,"column":32},"end":{"line":33,"column":50}},{"start":{"line":33,"column":32},"end":{"line":33,"column":50}}]},"12":{"loc":{"start":{"line":34,"column":29},"end":{"line":34,"column":53}},"type":"cond-expr","locations":[{"start":{"line":34,"column":29},"end":{"line":34,"column":40}},{"start":{"line":34,"column":44},"end":{"line":34,"column":53}}]},"13":{"loc":{"start":{"line":34,"column":29},"end":{"line":34,"column":44}},"type":"binary-expr","locations":[{"start":{"line":34,"column":29},"end":{"line":34,"column":44}},{"start":{"line":34,"column":29},"end":{"line":34,"column":44}}]},"14":{"loc":{"start":{"line":44,"column":59},"end":{"line":44,"column":109}},"type":"cond-expr","locations":[{"start":{"line":44,"column":84},"end":{"line":44,"column":97}},{"start":{"line":44,"column":100},"end":{"line":44,"column":109}}]}},"s":{"0":1,"1":1,"2":1,"3":1,"4":1,"5":1,"6":5,"7":5,"8":1,"9":4,"10":4,"11":4,"12":4,"13":1,"14":3,"15":3,"16":2,"17":1,"18":1},"f":{"0":5},"b":{"0":[1,4],"1":[1,4],"2":[5,5],"3":[1,4],"4":[5,4],"5":[1,3],"6":[2,1],"7":[3,3],"8":[1,2],"9":[3,3],"10":[1,2],"11":[3,3],"12":[1,2],"13":[3,3],"14":[1,0]}}
,"/opt/prospector-ai/backend/src/app/api/product/modules/route.ts": {"path":"/opt/prospector-ai/backend/src/app/api/product/modules/route.ts","statementMap":{"0":{"start":{"line":16,"column":0},"end":{"line":16,"column":7}},"1":{"start":{"line":1,"column":0},"end":{"line":1,"column":43}},"2":{"start":{"line":2,"column":0},"end":{"line":2,"column":30}},"3":{"start":{"line":3,"column":0},"end":{"line":3,"column":38}},"4":{"start":{"line":4,"column":0},"end":{"line":4,"column":null}},"5":{"start":{"line":17,"column":18},"end":{"line":17,"column":30}},"6":{"start":{"line":18,"column":2},"end":{"line":20,"column":3}},"7":{"start":{"line":19,"column":4},"end":{"line":19,"column":73}},"8":{"start":{"line":22,"column":15},"end":{"line":31,"column":4}},"9":{"start":{"line":33,"column":2},"end":{"line":35,"column":3}},"10":{"start":{"line":34,"column":4},"end":{"line":34,"column":75}},"11":{"start":{"line":38,"column":4},"end":{"line":38,"column":96}},"12":{"start":{"line":39,"column":21},"end":{"line":39,"column":44}},"13":{"start":{"line":41,"column":19},"end":{"line":44,"column":5}},"14":{"start":{"line":41,"column":69},"end":{"line":43,"column":null}},"15":{"start":{"line":46,"column":2},"end":{"line":51,"column":5}}},"fnMap":{"0":{"name":"GET","decl":{"start":{"line":16,"column":22},"end":{"line":16,"column":25}},"loc":{"start":{"line":16,"column":25},"end":{"line":52,"column":1}}},"1":{"name":"(anonymous_1)","decl":{"start":{"line":41,"column":60},"end":{"line":41,"column":61}},"loc":{"start":{"line":41,"column":69},"end":{"line":43,"column":null}}}},"branchMap":{"0":{"loc":{"start":{"line":18,"column":2},"end":{"line":20,"column":3}},"type":"if","locations":[{"start":{"line":18,"column":2},"end":{"line":20,"column":3}},{"start":{},"end":{}}]},"1":{"loc":{"start":{"line":18,"column":7},"end":{"line":18,"column":24}},"type":"cond-expr","locations":[{"start":{"line":18,"column":20},"end":{"line":18,"column":22}},{"start":{"line":18,"column":20},"end":{"line":18,"column":24}}]},"2":{"loc":{"start":{"line":18,"column":7},"end":{"line":18,"column":22}},"type":"binary-expr","locations":[{"start":{"line":18,"column":7},"end":{"line":18,"column":22}},{"start":{"line":18,"column":20},"end":{"line":18,"column":22}}]},"3":{"loc":{"start":{"line":18,"column":7},"end":{"line":18,"column":20}},"type":"cond-expr","locations":[{"start":{"line":18,"column":14},"end":{"line":18,"column":16}},{"start":{"line":18,"column":7},"end":{"line":18,"column":20}}]},"4":{"loc":{"start":{"line":18,"column":7},"end":{"line":18,"column":16}},"type":"binary-expr","locations":[{"start":{"line":18,"column":7},"end":{"line":18,"column":16}},{"start":{"line":18,"column":7},"end":{"line":18,"column":16}}]},"5":{"loc":{"start":{"line":33,"column":2},"end":{"line":35,"column":3}},"type":"if","locations":[{"start":{"line":33,"column":2},"end":{"line":35,"column":3}},{"start":{},"end":{}}]},"6":{"loc":{"start":{"line":38,"column":4},"end":{"line":38,"column":96}},"type":"cond-expr","locations":[{"start":{"line":38,"column":86},"end":{"line":38,"column":90}},{"start":{"line":38,"column":90},"end":{"line":38,"column":96}}]},"7":{"loc":{"start":{"line":38,"column":4},"end":{"line":38,"column":90}},"type":"binary-expr","locations":[{"start":{"line":38,"column":4},"end":{"line":38,"column":90}},{"start":{"line":38,"column":86},"end":{"line":38,"column":90}}]},"8":{"loc":{"start":{"line":38,"column":4},"end":{"line":38,"column":86}},"type":"cond-expr","locations":[{"start":{"line":38,"column":56},"end":{"line":38,"column":61}},{"start":{"line":38,"column":61},"end":{"line":38,"column":86}}]},"9":{"loc":{"start":{"line":38,"column":4},"end":{"line":38,"column":61}},"type":"binary-expr","locations":[{"start":{"line":38,"column":4},"end":{"line":38,"column":61}},{"start":{"line":38,"column":56},"end":{"line":38,"column":61}}]},"10":{"loc":{"start":{"line":38,"column":5},"end":{"line":38,"column":56}},"type":"cond-expr","locations":[{"start":{"line":38,"column":34},"end":{"line":38,"column":36}},{"start":{"line":38,"column":34},"end":{"line":38,"column":56}}]},"11":{"loc":{"start":{"line":38,"column":5},"end":{"line":38,"column":36}},"type":"binary-expr","locations":[{"start":{"line":38,"column":5},"end":{"line":38,"column":36}},{"start":{"line":38,"column":34},"end":{"line":38,"column":36}}]},"12":{"loc":{"start":{"line":38,"column":5},"end":{"line":38,"column":34}},"type":"cond-expr","locations":[{"start":{"line":38,"column":23},"end":{"line":38,"column":25}},{"start":{"line":38,"column":23},"end":{"line":38,"column":34}}]},"13":{"loc":{"start":{"line":38,"column":5},"end":{"line":38,"column":25}},"type":"binary-expr","locations":[{"start":{"line":38,"column":5},"end":{"line":38,"column":25}},{"start":{"line":38,"column":23},"end":{"line":38,"column":25}}]}},"s":{"0":1,"1":1,"2":1,"3":1,"4":1,"5":4,"6":4,"7":1,"8":3,"9":3,"10":1,"11":2,"12":2,"13":2,"14":10,"15":2},"f":{"0":4,"1":10},"b":{"0":[1,3],"1":[1,3],"2":[4,4],"3":[1,3],"4":[4,3],"5":[1,2],"6":[2,0],"7":[2,2],"8":[2,0],"9":[2,2],"10":[0,2],"11":[2,2],"12":[0,2],"13":[2,2]}}
,"/opt/prospector-ai/backend/src/app/api/search/route.ts": {"path":"/opt/prospector-ai/backend/src/app/api/search/route.ts","statementMap":{"0":{"start":{"line":6,"column":0},"end":{"line":6,"column":7}},"1":{"start":{"line":1,"column":0},"end":{"line":1,"column":56}},"2":{"start":{"line":2,"column":0},"end":{"line":2,"column":30}},"3":{"start":{"line":3,"column":0},"end":{"line":3,"column":73}},"4":{"start":{"line":4,"column":0},"end":{"line":4,"column":62}},"5":{"start":{"line":7,"column":4},"end":{"line":27,"column":5}},"6":{"start":{"line":8,"column":21},"end":{"line":8,"column":37}},"7":{"start":{"line":9,"column":23},"end":{"line":9,"column":51}},"8":{"start":{"line":10,"column":8},"end":{"line":12,"column":9}},"9":{"start":{"line":11,"column":12},"end":{"line":11,"column":89}},"10":{"start":{"line":14,"column":24},"end":{"line":14,"column":36}},"11":{"start":{"line":15,"column":8},"end":{"line":17,"column":9}},"12":{"start":{"line":16,"column":12},"end":{"line":16,"column":81}},"13":{"start":{"line":19,"column":23},"end":{"line":19,"column":68}},"14":{"start":{"line":20,"column":8},"end":{"line":20,"column":41}},"15":{"start":{"line":22,"column":8},"end":{"line":24,"column":9}},"16":{"start":{"line":23,"column":12},"end":{"line":23,"column":71}},"17":{"start":{"line":25,"column":24},"end":{"line":25,"column":76}},"18":{"start":{"line":26,"column":8},"end":{"line":26,"column":70}}},"fnMap":{"0":{"name":"POST","decl":{"start":{"line":6,"column":22},"end":{"line":6,"column":26}},"loc":{"start":{"line":6,"column":43},"end":{"line":28,"column":1}}}},"branchMap":{"0":{"loc":{"start":{"line":10,"column":8},"end":{"line":12,"column":9}},"type":"if","locations":[{"start":{"line":10,"column":8},"end":{"line":12,"column":9}},{"start":{},"end":{}}]},"1":{"loc":{"start":{"line":15,"column":8},"end":{"line":17,"column":9}},"type":"if","locations":[{"start":{"line":15,"column":8},"end":{"line":17,"column":9}},{"start":{},"end":{}}]},"2":{"loc":{"start":{"line":15,"column":13},"end":{"line":15,"column":30}},"type":"cond-expr","locations":[{"start":{"line":15,"column":26},"end":{"line":15,"column":28}},{"start":{"line":15,"column":26},"end":{"line":15,"column":30}}]},"3":{"loc":{"start":{"line":15,"column":13},"end":{"line":15,"column":28}},"type":"binary-expr","locations":[{"start":{"line":15,"column":13},"end":{"line":15,"column":28}},{"star
[...]
ond-expr","locations":[{"start":{"line":109,"column":63},"end":{"line":109,"column":67}},{"start":{"line":109,"column":67},"end":{"line":109,"column":69}}]},"39":{"loc":{"start":{"line":109,"column":37},"end":{"line":109,"column":67}},"type":"binary-expr","locations":[{"start":{"line":109,"column":37},"end":{"line":109,"column":67}},{"start":{"line":109,"column":63},"end":{"line":109,"column":67}}]},"40":{"loc":{"start":{"line":110,"column":37},"end":{"line":110,"column":69}},"type":"cond-expr","locations":[{"start":{"line":110,"column":63},"end":{"line":110,"column":67}},{"start":{"line":110,"column":67},"end":{"line":110,"column":69}}]},"41":{"loc":{"start":{"line":110,"column":37},"end":{"line":110,"column":67}},"type":"binary-expr","locations":[{"start":{"line":110,"column":37},"end":{"line":110,"column":67}},{"start":{"line":110,"column":63},"end":{"line":110,"column":67}}]},"42":{"loc":{"start":{"line":111,"column":34},"end":{"line":111,"column":63}},"type":"cond-expr","locations":[{"start":{"line":111,"column":57},"end":{"line":111,"column":61}},{"start":{"line":111,"column":61},"end":{"line":111,"column":63}}]},"43":{"loc":{"start":{"line":111,"column":34},"end":{"line":111,"column":61}},"type":"binary-expr","locations":[{"start":{"line":111,"column":34},"end":{"line":111,"column":61}},{"start":{"line":111,"column":57},"end":{"line":111,"column":61}}]},"44":{"loc":{"start":{"line":114,"column":27},"end":{"line":114,"column":49}},"type":"binary-expr","locations":[{"start":{"line":114,"column":27},"end":{"line":114,"column":43}},{"start":{"line":114,"column":47},"end":{"line":114,"column":49}}]},"45":{"loc":{"start":{"line":115,"column":30},"end":{"line":115,"column":55}},"type":"binary-expr","locations":[{"start":{"line":115,"column":30},"end":{"line":115,"column":49}},{"start":{"line":115,"column":53},"end":{"line":115,"column":55}}]},"46":{"loc":{"start":{"line":116,"column":30},"end":{"line":116,"column":55}},"type":"binary-expr","locations":[{"start":{"line":116,"column":30},"end":{"line":116,"column":49}},{"start":{"line":116,"column":53},"end":{"line":116,"column":55}}]},"47":{"loc":{"start":{"line":117,"column":27},"end":{"line":117,"column":49}},"type":"binary-expr","locations":[{"start":{"line":117,"column":27},"end":{"line":117,"column":43}},{"start":{"line":117,"column":47},"end":{"line":117,"column":49}}]},"48":{"loc":{"start":{"line":123,"column":8},"end":{"line":123,"column":22}},"type":"binary-expr","locations":[{"start":{"line":123,"column":8},"end":{"line":123,"column":14}},{"start":{"line":123,"column":18},"end":{"line":123,"column":22}}]}},"s":{"0":1,"1":1,"2":1,"3":4,"4":4,"5":4,"6":4,"7":1,"8":6,"9":6,"10":6,"11":6,"12":6,"13":2,"14":4,"15":1,"16":3,"17":3,"18":3,"19":1,"20":2,"21":1,"22":1,"23":1,"24":1,"25":1,"26":1,"27":1},"f":{"0":4,"1":6},"b":{"0":[4,0],"1":[2,4],"2":[6,5],"3":[1,3],"4":[1,2],"5":[1,0],"6":[1,1],"7":[1,0],"8":[1,1],"9":[1,0],"10":[1,1],"11":[1,0],"12":[1,1],"13":[1,0],"14":[1,1],"15":[1,0],"16":[1,0],"17":[1,0],"18":[1,1],"19":[1,0],"20":[1,1],"21":[1,0],"22":[1,1],"23":[1,0],"24":[1,1],"25":[1,0],"26":[1,1],"27":[1,0],"28":[1,1],"29":[0,1],"30":[1,0],"31":[0,1],"32":[1,0],"33":[1,1],"34":[1,1],"35":[0,1],"36":[0,0],"37":[0,0],"38":[0,0],"39":[0,0],"40":[0,0],"41":[0,0],"42":[0,0],"43":[0,0],"44":[1,0],"45":[1,1],"46":[1,1],"47":[1,1],"48":[1,1]}}
,"/opt/prospector-ai/backend/src/modules/search/index.ts": {"path":"/opt/prospector-ai/backend/src/modules/search/index.ts","statementMap":{"0":{"start":{"line":6,"column":0},"end":{"line":6,"column":9}},"1":{"start":{"line":6,"column":9},"end":{"line":6,"column":20}},"2":{"start":{"line":6,"column":20},"end":{"line":6,"column":74}}},"fnMap":{"0":{"name":"(anonymous_0)","decl":{"start":{"line":6,"column":9},"end":{"line":6,"column":18}},"loc":{"start":{"line":6,"column":9},"end":{"line":6,"column":20}}},"1":{"name":"(anonymous_1)","decl":{"start":{"line":6,"column":20},"end":{"line":6,"column":35}},"loc":{"start":{"line":6,"column":20},"end":{"line":6,"column":74}}}},"branchMap":{},"s":{"0":1,"1":8,"2":5},"f":{"0":7,"1":4},"b":{}}
,"/opt/prospector-ai/backend/src/modules/search/application/search.service.ts": {"path":"/opt/prospector-ai/backend/src/modules/search/application/search.service.ts","statementMap":{"0":{"start":{"line":41,"column":0},"end":{"line":41,"column":7}},"1":{"start":{"line":7,"column":0},"end":{"line":7,"column":38}},"2":{"start":{"line":8,"column":0},"end":{"line":8,"column":49}},"3":{"start":{"line":9,"column":0},"end":{"line":9,"column":40}},"4":{"start":{"line":10,"column":0},"end":{"line":10,"column":42}},"5":{"start":{"line":11,"column":0},"end":{"line":11,"column":38}},"6":{"start":{"line":20,"column":8},"end":{"line":20,"column":78}},"7":{"start":{"line":17,"column":24},"end":{"line":17,"column":38}},"8":{"start":{"line":18,"column":24},"end":{"line":18,"column":53}},"9":{"start":{"line":21,"column":8},"end":{"line":21,"column":38}},"10":{"start":{"line":15,"column":0},"end":{"line":15,"column":13}},"11":{"start":{"line":30,"column":4},"end":{"line":38,"column":7}},"12":{"start":{"line":31,"column":24},"end":{"line":31,"column":57}},"13":{"start":{"line":32,"column":22},"end":{"line":32,"column":96}},"14":{"start":{"line":33,"column":8},"end":{"line":33,"column":59}},"15":{"start":{"line":33,"column":46},"end":{"line":33,"column":59}},"16":{"start":{"line":34,"column":8},"end":{"line":34,"column":57}},"17":{"start":{"line":34,"column":44},"end":{"line":34,"column":57}},"18":{"start":{"line":35,"column":8},"end":{"line":35,"column":55}},"19":{"start":{"line":35,"column":42},"end":{"line":35,"column":55}},"20":{"start":{"line":36,"column":8},"end":{"line":36,"column":53}},"21":{"start":{"line":36,"column":40},"end":{"line":36,"column":53}},"22":{"start":{"line":37,"column":8},"end":{"line":37,"column":20}},"23":{"start":{"line":42,"column":83},"end":{"line":42,"column":88}},"24":{"start":{"line":43,"column":30},"end":{"line":43,"column":44}},"25":{"start":{"line":44,"column":27},"end":{"line":48,"column":6}},"26":{"start":{"line":50,"column":17},"end":{"line":56,"column":6}},"27":{"start":{"line":58,"column":4},"end":{"line":60,"column":5}},"28":{"start":{"line":59,"column":8},"end":{"line":59,"column":73}},"29":{"start":{"line":62,"column":4},"end":{"line":67,"column":5}},"30":{"start":{"line":63,"column":8},"end":{"line":66,"column":11}},"31":{"start":{"line":69,"column":28},"end":{"line":69,"column":56}},"32":{"start":{"line":71,"column":4},"end":{"line":78,"column":5}},"33":{"start":{"line":72,"column":8},"end":{"line":77,"column":11}},"34":{"start":{"line":80,"column":24},"end":{"line":97,"column":5}},"35":{"start":{"line":81,"column":8},"end":{"line":96,"column":14}},"36":{"start":{"line":93,"column":16},"end":{"line":95,"column":18}},"37":{"start":{"line":99,"column":4},"end":{"line":138,"column":5}},"38":{"start":{"line":100,"column":25},"end":{"line":100,"column":133}},"39":{"start":{"line":101,"column":23},"end":{"line":101,"column":95}},"40":{"start":{"line":102,"column":8},"end":{"line":105,"column":9}},"41":{"start":{"line":103,"column":12},"end":{"line":103,"column":52}},"42":{"start":{"line":104,"column":12},"end":{"line":104,"column":50}},"43":{"start":{"line":107,"column":24},"end":{"line":116,"column":10}},"44":{"start":{"line":118,"column":8},"end":{"line":137,"column":9}},"45":{"start":{"line":119,"column":27},"end":{"line":129,"column":15}},"46":{"start":{"line":119,"column":47},"end":{"line":129,"column":14}},"47":{"start":{"line":131,"column":29},"end":{"line":131,"column":71}},"48":{"start":{"line":132,"column":26},"end":{"line":132,"column":62}},"49":{"start":{"line":133,"column":12},"end":{"line":136,"column":13}},"50":{"start":{"line":134,"column":16},"end":{"line":134,"column":48}},"51":{"start":{"line":135,"column":16},"end":{"line":135,"column":60}},"52":{"start":{"line":140,"column":19},"end":{"line":145,"column":6}},"53":{"start":{"line":147,"column":4},"end":{"line":149,"column":5}},"54":{"start":{"line":148,"column":8},"end":{"line":148,"column":102}},"55":{"start":{"line":151,"column":4},"end":{"line":174,"column":5}},"56":{"start":{"line":152,"column":8},"end":{"line":156,"column":10}},"57":{"start":{"line":153,"column":12},"end":{"line":155,"column":14}},"58":{"start":{"line":158,"column":8},"end":{"line":173,"column":11}},"59":{"start":{"line":176,"column":4},"end":{"line":176,"column":18}}},"fnMap":{"0":{"name":"(anonymous_0)","decl":{"start":{"line":16,"column":4},"end":{"line":16,"column":null}},"loc":{"start":{"line":18,"column":53},"end":{"line":22,"column":5}}},"1":{"name":"filterPlaces","decl":{"start":{"line":25,"column":9},"end":{"line":25,"column":21}},"loc":{"start":{"line":28,"column":28},"end":{"line":39,"column":1}}},"2":{"name":"(anonymous_2)","decl":{"start":{"line":30,"column":25},"end":{"line":30,"column":26}},"loc":{"start":{"line":30,"column":47},"end":{"line":38,"column":5}}},"3":{"name":"runSearch","decl":{"start":{"line":41,"column":22},"end":{"line":41,"column":31}},"loc":{"start":{"line":41,"column":66},"end":{"line":177,"column":1}}},"4":{"name":"(anonymous_4)","decl":{"start":{"line":80,"column":24},"end":{"line":80,"column":29}},"loc":{"start":{"line":80,"column":70},"end":{"line":97,"column":5}}},"5":{"name":"(anonymous_5)","decl":{"start":{"line":92,"column":19},"end":{"line":92,"column":20}},"loc":{"start":{"line":93,"column":16},"end":{"line":95,"column":18}}},"6":{"name":"(anonymous_6)","decl":{"start":{"line":119,"column":39},"end":{"line":119,"column":40}},"loc":{"start":{"line":119,"column":47},"end":{"line":129,"column":14}}},"7":{"name":"(anonymous_7)","decl":{"start":{"line":152,"column":39},"end":{"line":152,"column":40}},"loc":{"start":{"line":153,"column":12},"end":{"line":155,"column":14}}}},"branchMap":{"0":{"loc":{"start":{"line":20,"column":14},"end":{"line":20,"column":76}},"type":"cond-expr","locations":[{"start":{"line":20,"column":47},"end":{"line":20,"column":57}},{"start":{"line":20,"column":60},"end":{"line":20,"column":76}}]},"1":{"loc":{"start":{"line":31,"column":24},"end":{"line":31,"column":57}},"type":"binary-expr","locations":[{"start":{"line":31,"column":24},"end":{"line":31,"column":40}},{"start":{"line":31,"column":44},"end":{"line":31,"column":57}}]},"2":{"loc":{"start":{"line":32,"column":22},"end":{"line":32,"column":96}},"type":"binary-expr","locations":[{"start":{"line":32,"column":22},"end":{"line":32,"column":47}},{"start":{"line":32,"column":51},"end":{"line":32,"column":81}},{"start":{"line":32,"column":85},"end":{"line":32,"column":96}}]},"3":{"loc":{"start":{"line":33,"column":8},"end":{"line":33,"column":59}},"type":"if","locations":[{"start":{"line":33,"column":8},"end":{"line":33,"column":59}},{"start":{},"end":{}}]},"4":{"loc":{"start":{"line":33,"column":12},"end":{"line":33,"column":44}},"type":"binary-expr","locations":[{"start":{"line":33,"column":12},"end":{"line":33,"column":32}},{"start":{"line":33,"column":36},"end":{"line":33,"column":44}}]},"5":{"loc":{"start":{"line":34,"column":8},"end":{"line":34,"column":57}},"type":"if","locations":[{"start":{"line":34,"column":8},"end":{"line":34,"column":57}},{"start":{},"end":{}}]},"6":{"loc":{"start":{"line":34,"column":12},"end":{"line":34,"column":42}},"type":"binary-expr","locations":[{"start":{"line":34,"column":12},"end":{"line":34,"column":31}},{"start":{"line":34,"column":35},"end":{"line":34,"column":42}}]},"7":{"loc":{"start":{"line":35,"column":8},"end":{"line":35,"column":55}},"type":"if","locations":[{"start":{"line":35,"column":8},"end":{"line":35,"column":55}},{"start":{},"end":{}}]},"8":{"loc":{"start":{"line":35,"column":12},"end":{"line":35,"column":40}},"type":"binary-expr","locations":[{"start":{"line":35,"column":12},"end":{"line":35,"column":30}},{"start":{"line":35,"column":34},"end":{"line":35,"column":40}}]},"9":{"loc":{"start":{"line":36,"column":8},"end":{"line":36,"column":53}},"type":"if","locations":[{"start":{"line":36,"column":8},"end":{"line":36,"column":53}},{"start":{},"end":{}}]},"10":{"loc":{"start":{"line":36,"column":12},"end":{"line":36,"column":38}},"type":"binary-expr","locations":[{"start":{"line":36,"column":12},"end":{"line":36,"column":29}},{"start":{"line":36,"column":33},"end":{"line":36,"column":38}}]},"11":{"loc":{"start":{"line":43,"column":30},"end":{"line":43,"column":44}},"type":"cond-expr","locations":[{"start":{"line":43,"column":30},"end":{"line":43,"column":38}},{"start":{"line":43,"column":42},"end":{"line":43,"column":44}}]},"12":{"loc":{"start":{"line":43,"column":30},"end":{"line":43,"column":42}},"type":"binary-expr","locations":[{"start":{"line":43,"column":30},"end":{"line":43,"column":42}},{"start":{"line":43,"column":30},"end":{"line":43,"column":42}}]},"13":{"loc":{"start":{"line":45,"column":22},"end":{"line":45,"column":42}},"type":"cond-expr","locations":[{"start":{"line":45,"column":22},"end":{"line":45,"column":34}},{"start":{"line":45,"column":38},"end":{"line":45,"column":42}}]},"14":{"loc":{"start":{"line":45,"column":22},"end":{"line":45,"column":38}},"type":"binary-expr","locations":[{"start":{"line":45,"column":22},"end":{"line":45,"column":38}},{"start":{"line":45,"column":22},"end":{"line":45,"column":38}}]},"15":{"loc":{"start":{"line":46,"column":20},"end":{"line":46,"column":38}},"type":"cond-expr","locations":[{"start":{"line":46,"column":20},"end":{"line":46,"column":30}},{"start":{"line":46,"column":34},"end":{"line":46,"column":38}}]},"16":{"loc":{"start":{"line":46,"column":20},"end":{"line":46,"column":34}},"type":"binary-expr","locations":[{"start":{"line":46,"column":20},"end":{"line":46,"column":34}},{"start":{"line":46,"column":20},"end":{"line":46,"column":34}}]},"17":{"loc":{"start":{"line":47,"column":18},"end":{"line":47,"column":34}},"type":"cond-expr","locations":[{"start":{"line":47,"column":18},"end":{"line":47,"column":26}},{"start":{"line":47,"column":30},"end":{"line":47,"column":34}}]},"18":{"loc":{"start":{"line":47,"column":18},"end":{"line":47,"column":30}},"type":"binary-expr","locations":[{"start":{"line":47,"column":18},"end":{"line":47,"column":30}},{"start":{"line":47,"column":18},"end":{"line":47,"column":30}}]},"19":{"loc":{"start":{"line":58,"column":4},"end":{"line":60,"column":5}},"type":"if","locations":[{"start":{"line":58,"column":4},"end":{"line":60,"column":5}},{"start":{},"end":{}}]},"20":{"loc":{"start":{"line":58,"column":8},"end":{"line":58,"column":45}},"type":"binary-expr","locations":[{"start":{"line":58,"column":8},"end":{"line":58,"column":13}},{"start":{"line":58,"column":17},"end":{"line":58,"column":45}}]},"21":{"loc":{"start":{"line":62,"column":4},"end":{"line":67,"column":5}},"type":"if","locations":[{"start":{"line":62,"column":4},"end":{"line":67,"column":5}},{"start":{},"end":{}}]},"22":{"loc":{"start":{"line":71,"column":4},"end":{"line":78,"column":5}},"type":"if","locations":[{"start":{"line":71,"column":4},"end":{"line":78,"column":5}},{"start":{},"end":{}}]},"23":{"loc":{"start":{"line":94,"column":27},"end":{"line":94,"column":73}},"type":"cond-expr","locations":[{"start":{"line":94,"column":50},"end":{"line":94,"column":61}},{"start":{"line":94,"column":64},"end":{"line":94,"column":73}}]},"24":{"loc":{"start":{"line":99,"column":4},"end":{"line":138,"column":5}},"type":"if","locations":[{"start":{"line":99,"column":4},"end":{"line":138,"column":5}},{"start":{},"end":{}}]},"25":{"loc":{"start":{"line":100,"column":48},"end":{"line":100,"column":66}},"type":"binary-expr","locations":[{"start":{"line":100,"column":48},"end":{"line":100,"column":60}},{"start":{"line":100,"column":64},"end":{"line":100,"column":66}}]},"26":{"loc":{"start":{"line":100,"column":91},"end":{"line":100,"column":110}},"type":"binary-expr","locations":[{"start":{"line":100,"column":91},"end":{"line":100,"column":101}},{"start":{"line":100,"column":105},"end":{"line":100,"column":110}}]},"27":{"loc":{"start":{"line":100,"column":114},"end":{"line":100,"column":131}},"type":"binary-expr","locations":[{"start":{"line":100,"column":114},"end":{"line":100,"column":122}},{"start":{"line":100,"column":126},"end":{"line":100,"column":131}}]},"28":{"loc":{"start":{"line":102,"column":8},"end":{"line":105,"column":9}},"type":"if","locations":[{"start":{"line":102,"column":8},"end":{"line":105,"column":9}},{"start":{},"end":{}}]},"29":{"loc":{"start":{"line":102,"column":12},"end":{"line":102,"column":34}},"type":"cond-expr","locations":[{"start":{"line":102,"column":26},"end":{"line":102,"column":28}},{"start":{"line":102,"column":26},"end":{"line":102,"column":34}}]},"30":{"loc":{"start":{"line":102,"column":12},"end":{"line":102,"column":28}},"type":"binary-expr","locations":[{"start":{"line":102,"column":12},"end":{"line":102,"column":28}},{"start":{"line":102,"column":26},"end":{"line":102,"column":28}}]},"31":{"loc":{"start":{"line":102,"column":12},"end":{"line":102,"column":26}},"type":"cond-expr","locations":[{"start":{"line":102,"column":18},"end":{"line":102,"column":20}},{"start":{"line":102,"column":12},"end":{"line":102,"column":26}}]},"32":{"loc":{"start":{"line":102,"column":12},"end":{"line":102,"column":20}},"type":"binary-expr","locations":[{"start":{"line":102,"column":12},"end":{"line":102,"column":20}},{"start":{"line":102,"column":12},"end":{"line":102,"column":20}}]},"33":{"loc":{"start":{"line":118,"column":8},"end":{"line":137,"column":9}},"type":"if","locations":[{"start":{"line":118,"column":8},"end":{"line":137,"column":9}},{"start":{},"end":{}}]},"34":{"loc":{"start":{"line":133,"column":12},"end":{"line":136,"column":13}},"type":"if","locations":[{"start":{"line":133,"column":12},"end":{"line":136,"column":13}},{"start":{},"end":{}}]},"35":{"loc":{"start":{"line":142,"column":22},"end":{"line":142,"column":47}},"type":"binary-expr","locations":[{"start":{"line":142,"column":22},"end":{"line":142,"column":34}},{"start":{"line":142,"column":38},"end":{"line":142,"column":47}}]},"36":{"loc":{"start":{"line":144,"column":19},"end":{"line":144,"column":41}},"type":"binary-expr","locations":[{"start":{"line":144,"column":19},"end":{"line":144,"column":28}},{"start":{"line":144,"column":32},"end":{"line":144,"column":41}}]},"37":{"loc":{"start":{"line":147,"column":4},"end":{"line":149,"column":5}},"type":"if","locations":[{"start":{"line":147,"column":4},"end":{"line":149,"column":5}},{"start":{},"end":{}}]},"38":{"loc":{"start":{"line":151,"column":4},"end":{"line":174,"column":5}},"type":"if","locations":[{"start":{"line":151,"column":4},"end":{"line":174,"column":5}},{"start":{},"end":{}}]},"39":{"loc":{"start":{"line":151,"column":8},"end":{"line":151,"column":49}},"type":"binary-expr","locations":[{"start":{"line":151,"column":8},"end":{"line":151,"column":21}},{"start":{"line":151,"column":25},"end":{"line":151,"column":49}}]},"40":{"loc":{"start":{"line":154,"column":23},"end":{"line":154,"column":69}},"type":"cond-expr","locations":[{"start":{"line":154,"column":46},"end":{"line":154,"column":57}},{"start":{"line":154,"column":60},"end":{"line":154,"column":69}}]}},"s":{"0":1,"1":1,"2":1,"3":1,"4":1,"5":1,"6":4,"7":4,"8":4,"9":4,"10":1,"11":2,"12":13,"13":13,"14":13,"15":0,"16":13,"17":0,"18":13,"19":0,"20":13,"21":0,"22":13,"23":7,"24":7,"25":7,"26":7,"27":7,"28":2,"29":5,"30":1,"31":4,"32":4,"33":1,"34":3,"35":2,"36":0,"37":3,"38":3,"39":3,"40":3,"41":1,"42":1,"43":2,"44":2,"45":1,"46":12,"47":1,"48":1,"49":1,"50":1,"51":1,"52":1,"53":1,"54":1,"55":1,"56":1,"57":0,"58":1,"59":1},"f":{"0":4,"1":2,"2":13,"3":7,"4":2,"5":0,"6":12,"7":0},"b":{"0":[4,0],"1":[13,1],"2":[13,1,1],"3":[0,13],"4":[13,0],"5":[0,13],"6":[13,0],"7":[0,13],"8":[13,0],"9":[0,13],"10":[13,0],"11":[1,6],"12":[7,7],"13":[0,7],"14":[7,7],"15":[0,7],"16":[7,7],"17":[0,7],"18":[7,7],"19":[2,5],"20":[7,6],"21":[1,4],"22":[1,3],"23":[0,0],"24":[3,0],"25":[3,3],"26":[3,3],"27":[3,3],"28":[1,2],"29":[2,1],"30":[3,3],"31":[2,1],"32":[3,1],"33":[1,1],"34":[1,0],"35":[1,1],"36":[1,1],"37":[1,0],"38":[1,0],"39":[1,1],"40":[0,0]}}
}
