TN:
SF:src/lib/admin-api-helpers.ts
FN:18,handleAdminListRequest
FN:50,(anonymous_10)
FN:54,(anonymous_11)
FNF:3
FNH:2
FNDA:15,handleAdminListRequest
FNDA:0,(anonymous_10)
FNDA:4,(anonymous_11)
DA:1,4
DA:2,4
DA:3,4
DA:4,4
DA:5,4
DA:18,4
DA:19,15
DA:21,15
DA:22,15
DA:23,12
DA:25,8
DA:26,8
DA:31,8
DA:32,0
DA:35,8
DA:36,8
DA:37,8
DA:38,8
DA:40,8
DA:45,4
DA:47,4
DA:52,4
DA:54,8
DA:55,4
DA:56,4
LF:25
LH:24
BRDA:22,0,0,3
BRDA:22,0,1,12
BRDA:22,1,0,3
BRDA:22,1,1,12
BRDA:22,2,0,15
BRDA:22,2,1,15
BRDA:22,3,0,3
BRDA:22,3,1,12
BRDA:22,4,0,15
BRDA:22,4,1,12
BRDA:23,5,0,4
BRDA:23,5,1,8
BRDA:27,6,0,0
BRDA:27,6,1,8
BRDA:27,7,0,8
BRDA:27,7,1,0
BRDA:28,8,0,0
BRDA:28,8,1,8
BRDA:28,9,0,8
BRDA:28,9,1,0
BRDA:31,10,0,0
BRDA:31,10,1,8
BRDA:35,11,0,8
BRDA:35,12,0,8
BRDA:38,13,0,4
BRDA:38,13,1,4
BRDA:45,14,0,1
BRDA:45,14,1,3
BRDA:55,15,0,4
BRDA:55,15,1,0
BRF:30
BRH:24
end_of_record
TN:
SF:src/lib/audit.ts
FN:36,logAdminAction
FN:59,logSupportAction
FNF:2
FNH:2
FNDA:15,logAdminAction
FNDA:1,logSupportAction
DA:2,9
DA:36,9
DA:41,15
DA:42,13
DA:43,13
DA:59,9
DA:64,1
LF:7
LH:7
BRDA:41,0,0,2
BRDA:41,0,1,13
BRDA:41,1,0,1
BRDA:41,1,1,14
BRDA:41,2,0,15
BRDA:41,2,1,15
BRDA:41,3,0,1
BRDA:41,3,1,14
BRDA:41,4,0,15
BRDA:41,4,1,14
BRDA:46,5,0,7
BRDA:46,5,1,5
BRDA:46,6,0,12
BRDA:46,6,1,12
BRDA:48,7,0,1
BRDA:48,7,1,11
BRDA:48,8,0,12
BRDA:48,8,1,12
BRDA:49,9,0,1
BRDA:49,9,1,11
BRDA:49,10,0,12
BRDA:49,10,1,12
BRDA:50,11,0,8
BRDA:50,11,1,4
BRDA:50,12,0,12
BRDA:50,12,1,12
BRDA:50,13,0,1
BRDA:50,13,1,11
BRDA:50,14,0,12
BRDA:50,14,1,12
BRF:30
BRH:30
end_of_record
TN:
SF:src/lib/billing-config.ts
FN:39,isDowngrade
FN:47,isUpgrade
FN:58,getPlanPrices
FNF:3
FNH:3
FNDA:10,isDowngrade
FNDA:9,isUpgrade
FNDA:13,getPlanPrices
DA:1,6
DA:37,6
DA:39,6
DA:40,10
DA:41,10
DA:42,10
DA:43,8
DA:47,6
DA:48,9
DA:49,9
DA:50,9
DA:51,7
DA:58,6
DA:59,13
LF:14
LH:14
BRDA:42,0,0,2
BRDA:42,0,1,8
BRDA:42,1,0,10
BRDA:42,1,1,9
BRDA:50,2,0,2
BRDA:50,2,1,7
BRDA:50,3,0,9
BRDA:50,3,1,8
BRF:8
BRH:8
end_of_record
TN:
SF:src/lib/db-sync.ts
FN:4,syncLead
FN:32,(anonymous_10)
FN:38,syncLeads
FNF:3
FNH:3
FNDA:8,syncLead
FNDA:2,(anonymous_10)
FNDA:1,syncLeads
DA:1,2
DA:4,2
DA:5,8
DA:6,8
DA:32,4
DA:33,2
DA:34,2
DA:38,2
DA:39,1
LF:9
LH:9
BRDA:11,0,0,7
BRDA:11,0,1,6
BRDA:15,1,0,7
BRDA:15,1,1,1
BRDA:23,2,0,7
BRDA:23,2,1,6
BRDA:27,3,0,7
BRDA:27,3,1,1
BRDA:33,4,0,2
BRDA:33,4,1,0
BRF:10
BRH:9
end_of_record
TN:
SF:src/lib/email-config-encrypt.ts
FN:15,getEncryptionKey
FN:25,encryptEmailSecret
FN:34,decryptEmailSecret
FNF:3
FNH:3
FNDA:12,getEncryptionKey
FNDA:6,encryptEmailSecret
FNDA:6,decryptEmailSecret
DA:7,2
DA:9,2
DA:10,2
DA:11,2
DA:12,2
DA:13,2
DA:16,12
DA:17,12
DA:18,2
DA:22,10
DA:25,2
DA:26,6
DA:27,4
DA:28,4
DA:29,4
DA:30,4
DA:31,4
DA:34,2
DA:35,6
DA:36,6
DA:37,6
DA:38,5
DA:39,5
DA:40,5
DA:41,5
DA:42,5
DA:43,5
LF:27
LH:27
BRDA:16,0,0,12
BRDA:16,0,1,10
BRDA:17,1,0,2
BRDA:17,1,1,10
BRDA:17,2,0,12
BRDA:17,2,1,11
BRDA:37,3,0,1
BRDA:37,3,1,5
BRF:8
BRH:8
end_of_record
TN:
SF:src/lib/email-templates.ts
FN:13,escapeHtml
FN:22,wrapContent
FN:78,ctaButton
FN:92,title
FN:99,paragraph
FN:106,muted
FN:113,buildEmail
FN:122,(anonymous_7)
FN:137,passwordResetTemplate
FN:153,verificationTemplate
FN:169,teamInviteTemplate
FN:186,testEmailTemplate
FN:200,notificationTemplate
FN:216,paymentSuccessTemplate
FN:238,paymentFailureTemplate
FNF:15
FNH:15
FNDA:20,escapeHtml
FNDA:24,wrapContent
FNDA:19,ctaButton
FNDA:25,title
FNDA:45,paragraph
FNDA:7,muted
FNDA:24,buildEmail
FNDA:44,(anonymous_7)
FNDA:2,passwordResetTemplate
FNDA:2,verificationTemplate
FNDA:3,teamInviteTemplate
FNDA:1,testEmailTemplate
FNDA:5,notificationTemplate
FNDA:4,paymentSuccessTemplate
FNDA:3,paymentFailureTemplate
DA:6,3
DA:7,3
DA:8,3
DA:9,3
DA:10,3
DA:11,3
DA:14,20
DA:23,24
DA:78,3
DA:79,19
DA:92,3
DA:93,25
DA:99,3
DA:100,45
DA:106,3
DA:107,7
DA:113,3
DA:120,24
DA:121,24
DA:122,24
DA:123,44
DA:125,24
DA:126,18
DA:128,24
DA:129,6
DA:131,24
DA:137,3
DA:138,2
DA:153,3
DA:154,2
DA:169,3
DA:170,3
DA:171,3
DA:172,3
DA:186,3
DA:187,1
DA:200,3
DA:201,5
DA:202,5
DA:203,5
DA:204,5
DA:216,3
DA:217,4
DA:218,4
DA:223,4
DA:224,4
DA:225,4
DA:226,4
DA:238,3
DA:239,3
DA:240,3
DA:241,3
DA:242,3
LF:53
LH:53
BRDA:6,0,0,0
BRDA:6,0,1,3
BRDA:6,1,0,3
BRDA:6,1,1,3
BRDA:6,2,0,0
BRDA:6,2,1,3
BRDA:6,3,0,3
BRDA:6,3,1,3
BRDA:8,4,0,0
BRDA:8,4,1,3
BRDA:8,5,0,3
BRDA:8,5,1,3
BRDA:125,6,0,18
BRDA:125,6,1,6
BRDA:125,7,0,24
BRDA:125,7,1,18
BRDA:128,8,0,6
BRDA:128,8,1,18
BRDA:203,9,0,1
BRDA:203,9,1,4
BRDA:203,10,0,3
BRDA:203,10,1,2
BRDA:203,11,0,5
BRDA:203,11,1,3
BRDA:203,12,0,1
BRDA:203,12,1,3
BRDA:203,13,0,4
BRDA:203,13,1,2
BRDA:208,14,0,2
BRDA:208,14,1,3
BRDA:224,15,0,2
BRDA:224,15,1,2
BRDA:225,16,0,1
BRDA:225,16,1,3
BRDA:240,17,0,1
BRDA:240,17,1,2
BRDA:241,18,0,1
BRDA:241,18,1,2
BRF:38
BRH:35
end_of_record
TN:
SF:src/lib/email.ts
FN:20,getEmailConfigFromDb
FN:37,getFromAddress
FN:47,sendViaResend
FN:65,sendViaSmtp
FN:87,sendWithDbConfig
FN:107,sendEmail
FN:121,sendPasswordResetEmail
FN:130,sendVerificationEmail
FN:139,sendTeamInviteEmail
FNF:9
FNH:9
FNDA:8,getEmailConfigFromDb
FNDA:13,getFromAddress
FNDA:6,sendViaResend
FNDA:1,sendViaSmtp
FNDA:8,sendWithDbConfig
FNDA:8,sendEmail
FNDA:1,sendPasswordResetEmail
FNDA:1,sendVerificationEmail
FNDA:1,sendTeamInviteEmail
DA:6,2
DA:7,2
DA:8,2
DA:9,2
DA:14,2
DA:15,2
DA:17,2
DA:18,2
DA:29,8
DA:30,8
DA:31,8
DA:33,0
DA:38,13
DA:39,11
DA:48,6
DA:49,6
DA:50,6
DA:51,6
DA:52,1
DA:53,1
DA:55,5
DA:57,0
DA:58,0
DA:59,0
DA:66,1
DA:67,1
DA:68,1
DA:74,1
DA:75,1
DA:77,0
DA:78,0
DA:79,0
DA:94,8
DA:95,1
DA:96,1
DA:98,7
DA:99,1
DA:104,6
DA:107,2
DA:108,8
DA:109,8
DA:110,8
DA:111,8
DA:112,6
DA:113,6
DA:114,1
DA:115,1
DA:121,2
DA:122,1
DA:123,1
DA:124,1
DA:130,2
DA:131,1
DA:132,1
DA:133,1
DA:139,2
DA:145,1
DA:146,1
LF:58
LH:51
BRDA:17,0,0,0
BRDA:17,0,1,2
BRDA:17,1,0,2
BRDA:17,1,1,2
BRDA:17,2,0,0
BRDA:17,2,1,2
BRDA:17,3,0,2
BRDA:17,3,1,2
BRDA:18,4,0,0
BRDA:18,4,1,2
BRDA:18,5,0,2
BRDA:18,5,1,2
BRDA:38,6,0,2
BRDA:38,6,1,11
BRDA:38,7,0,13
BRDA:38,7,1,2
BRDA:51,8,0,1
BRDA:51,8,1,5
BRDA:57,9,0,0
BRDA:57,9,1,0
BRDA:77,10,0,0
BRDA:77,10,1,0
BRDA:94,11,0,1
BRDA:94,11,1,7
BRDA:94,12,0,8
BRDA:94,12,1,1
BRDA:94,13,0,6
BRDA:94,13,1,2
BRDA:94,14,0,8
BRDA:94,14,1,2
BRDA:98,15,0,1
BRDA:98,15,1,6
BRDA:98,16,0,7
BRDA:98,16,1,1
BRDA:98,16,2,1
BRDA:98,16,3,1
BRDA:98,16,4,1
BRDA:98,17,0,6
BRDA:98,17,1,1
BRDA:98,18,0,7
BRDA:98,18,1,1
BRDA:109,19,0,6
BRDA:109,19,1,2
BRDA:109,20,0,8
BRDA:109,20,1,2
BRDA:111,21,0,2
BRDA:111,21,1,6
BRDA:112,22,0,1
BRDA:112,22,1,5
BRDA:112,23,0,6
BRDA:112,23,1,6
BRDA:113,24,0,5
BRDA:113,24,1,1
BRF:53
BRH:46
end_of_record
TN:
SF:src/lib/gemini.ts
FN:67,resolveFinalProfile
FN:86,getWebsiteNote
FN:93,getBusinessPlanNote
FN:99,getWebContextBlock
FN:105,buildTaskDescription
FN:115,buildCompanyContext
FN:135,getPoint6Requirement
FN:142,getExtendedJsonSchemaBlock
FN:152,getAnalysisErrorMessage
FN:162,buildFallbackAnalysis
FN:311,buildLeadAnalysisPrompt
FN:368,prepareLeadAnalysisPrompt
FN:392,(anonymous_21)
FN:412,analyzeLead
FN:424,(anonymous_23)
FN:434,(anonymous_24)
FN:435,(anonymous_25)
FN:435,(anonymous_26)
FN:440,(anonymous_27)
FN:447,ensureGuestUserIfNeeded
FN:471,sendAnalysisReadyNotification
FN:472,(anonymous_30)
FN:483,(anonymous_31)
FN:484,(anonymous_32)
FN:484,(anonymous_33)
FN:488,saveAnalysisToDb
FN:522,(anonymous_35)
FNF:27
FNH:22
FNDA:15,resolveFinalProfile
FNDA:15,getWebsiteNote
FNDA:2,getBusinessPlanNote
FNDA:15,getWebContextBlock
FNDA:15,buildTaskDescription
FNDA:15,buildCompanyContext
FNDA:15,getPoint6Requirement
FNDA:15,getExtendedJsonSchemaBlock
FNDA:6,getAnalysisErrorMessage
FNDA:6,buildFallbackAnalysis
FNDA:15,buildLeadAnalysisPrompt
FNDA:15,prepareLeadAnalysisPrompt
FNDA:0,(anonymous_21)
FNDA:15,analyzeLead
FNDA:15,(anonymous_23)
FNDA:0,(anonymous_24)
FNDA:0,(anonymous_25)
FNDA:0,(anonymous_26)
FNDA:6,(anonymous_27)
FNDA:9,ensureGuestUserIfNeeded
FNDA:5,sendAnalysisReadyNotification
FNDA:5,(anonymous_30)
FNDA:5,(anonymous_31)
FNDA:5,(anonymous_32)
FNDA:5,(anonymous_33)
FNDA:9,saveAnalysisToDb
FNDA:0,(anonymous_35)
DA:1,2
DA:2,2
DA:3,2
DA:68,15
DA:69,15
DA:70,4
DA:71,4
DA:72,1
DA:80,15
DA:81,0
DA:83,15
DA:87,15
DA:88,1
DA:94,2
DA:100,15
DA:101,15
DA:102,15
DA:106,15
DA:116,15
DA:119,15
DA:120,2
DA:136,15
DA:137,2
DA:143,15
DA:144,2
DA:145,2
DA:146,2
DA:147,2
DA:153,6
DA:154,5
DA:155,4
DA:156,3
DA:157,2
DA:158,1
DA:159,0
DA:163,6
DA:193,2
DA:230,2
DA:251,2
DA:312,15
DA:313,15
DA:314,15
DA:315,15
DA:317,15
DA:318,15
DA:320,15
DA:376,15
DA:377,15
DA:378,15
DA:379,15
DA:386,15
DA:387,15
DA:388,15
DA:389,15
DA:390,15
DA:391,15
DA:392,0
DA:394,15
DA:395,15
DA:396,15
DA:409,15
DA:412,2
DA:420,15
DA:421,15
DA:423,15
DA:424,30
DA:425,15
DA:426,15
DA:428,9
DA:429,9
DA:430,9
DA:431,9
DA:432,9
DA:434,9
DA:435,0
DA:438,9
DA:440,12
DA:441,6
DA:442,6
DA:443,6
DA:448,9
DA:449,9
DA:450,4
DA:468,9
DA:472,10
DA:473,5
DA:484,5
DA:489,9
DA:490,9
DA:491,9
DA:492,9
DA:493,9
DA:515,9
DA:516,5
DA:519,0
DA:520,0
DA:521,0
DA:522,0
DA:523,0
DA:525,0
LF:100
LH:90
BRDA:69,0,0,4
BRDA:69,0,1,11
BRDA:69,1,0,15
BRDA:69,1,1,14
BRDA:71,2,0,1
BRDA:71,2,1,3
BRDA:71,3,0,4
BRDA:71,3,1,1
BRDA:74,4,0,1
BRDA:74,4,1,0
BRDA:75,5,0,1
BRDA:75,5,1,0
BRDA:76,6,0,1
BRDA:76,6,1,0
BRDA:80,7,0,0
BRDA:80,7,1,15
BRDA:80,8,0,15
BRDA:80,8,1,2
BRDA:80,8,2,0
BRDA:80,9,0,0
BRDA:80,9,1,2
BRDA:80,10,0,2
BRDA:80,10,1,2
BRDA:80,11,0,0
BRDA:80,11,1,0
BRDA:80,12,0,0
BRDA:80,12,1,0
BRDA:87,13,0,14
BRDA:87,13,1,1
BRDA:88,14,0,0
BRDA:88,14,1,1
BRDA:94,15,0,0
BRDA:94,15,1,2
BRDA:100,16,0,0
BRDA:100,16,1,15
BRDA:101,17,0,2
BRDA:101,17,1,13
BRDA:106,18,0,2
BRDA:106,18,1,13
BRDA:116,19,0,2
BRDA:116,19,1,13
BRDA:119,20,0,13
BRDA:119,20,1,2
BRDA:120,21,0,0
BRDA:120,21,1,2
BRDA:136,22,0,13
BRDA:136,22,1,2
BRDA:137,23,0,0
BRDA:137,23,1,2
BRDA:143,24,0,13
BRDA:143,24,1,2
BRDA:144,25,0,0
BRDA:144,25,1,2
BRDA:145,26,0,0
BRDA:145,26,1,2
BRDA:146,27,0,0
BRDA:146,27,1,2
BRDA:153,28,0,1
BRDA:153,28,1,5
BRDA:153,29,0,6
BRDA:153,29,1,5
BRDA:154,30,0,1
BRDA:154,30,1,4
BRDA:154,31,0,5
BRDA:154,31,1,4
BRDA:154,31,2,4
BRDA:155,32,0,1
BRDA:155,32,1,3
BRDA:155,33,0,4
BRDA:155,33,1,3
BRDA:155,33,2,3
BRDA:156,34,0,1
BRDA:156,34,1,2
BRDA:156,35,0,3
BRDA:156,35,1,2
BRDA:156,35,2,2
BRDA:157,36,0,1
BRDA:157,36,1,1
BRDA:157,37,0,2
BRDA:157,37,1,1
BRDA:158,38,0,1
BRDA:158,38,1,0
BRDA:158,39,0,1
BRDA:158,39,1,0
BRDA:158,39,2,0
BRDA:313,40,0,2
BRDA:313,40,1,13
BRDA:314,41,0,2
BRDA:314,41,1,13
BRDA:315,42,0,2
BRDA:315,42,1,13
BRDA:317,43,0,15
BRDA:317,43,1,15
BRDA:317,43,2,15
BRDA:317,44,0,15
BRDA:317,44,1,0
BRDA:317,45,0,15
BRDA:317,45,1,15
BRDA:327,46,0,15
BRDA:327,46,1,14
BRDA:328,47,0,15
BRDA:328,47,1,15
BRDA:329,48,0,15
BRDA:329,48,1,14
BRDA:330,49,0,0
BRDA:330,49,1,15
BRDA:330,50,0,15
BRDA:330,50,1,15
BRDA:332,51,0,15
BRDA:332,51,1,15
BRDA:356,52,0,15
BRDA:356,52,1,0
BRDA:377,53,0,15
BRDA:377,53,1,14
BRDA:377,53,2,14
BRDA:378,54,0,1
BRDA:378,54,1,14
BRDA:378,55,0,0
BRDA:378,55,1,1
BRDA:378,56,0,1
BRDA:378,56,1,1
BRDA:384,57,0,15
BRDA:384,57,1,15
BRDA:384,57,2,15
BRDA:384,58,0,15
BRDA:384,58,1,0
BRDA:384,59,0,15
BRDA:384,59,1,15
BRDA:386,60,0,0
BRDA:386,60,1,15
BRDA:387,61,0,15
BRDA:387,61,1,15
BRDA:387,61,2,15
BRDA:387,61,3,15
BRDA:388,62,0,15
BRDA:388,62,1,14
BRDA:388,62,2,14
BRDA:389,63,0,15
BRDA:389,63,1,15
BRDA:389,63,2,15
BRDA:390,64,0,2
BRDA:390,64,1,13
BRDA:391,65,0,0
BRDA:391,65,1,15
BRDA:391,66,0,15
BRDA:391,66,1,0
BRDA:392,67,0,0
BRDA:392,67,1,0
BRDA:392,68,0,0
BRDA:392,68,1,0
BRDA:392,69,0,0
BRDA:392,69,1,0
BRDA:392,70,0,0
BRDA:392,70,1,0
BRDA:392,71,0,0
BRDA:392,71,1,0
BRDA:392,72,0,0
BRDA:392,72,1,0
BRDA:392,73,0,0
BRDA:392,73,1,0
BRDA:415,74,0,0
BRDA:417,75,0,12
BRDA:430,76,0,9
BRDA:430,76,1,0
BRDA:430,77,0,9
BRDA:430,77,1,9
BRDA:431,78,0,9
BRDA:431,78,1,0
BRDA:431,79,0,9
BRDA:431,79,1,9
BRDA:434,80,0,9
BRDA:434,80,1,0
BRDA:434,81,0,9
BRDA:434,81,1,9
BRDA:435,82,0,0
BRDA:435,82,1,0
BRDA:441,83,0,6
BRDA:441,83,1,0
BRDA:442,84,0,6
BRDA:442,84,1,0
BRDA:442,85,0,6
BRDA:442,85,1,6
BRDA:442,86,0,0
BRDA:442,86,1,6
BRDA:442,87,0,6
BRDA:442,87,1,6
BRDA:448,88,0,9
BRDA:448,88,1,4
BRDA:449,89,0,4
BRDA:449,89,1,5
BRDA:453,90,0,4
BRDA:453,90,1,0
BRDA:453,91,0,4
BRDA:453,91,1,4
BRDA:454,92,0,4
BRDA:454,92,1,0
BRDA:454,93,0,4
BRDA:454,93,1,4
BRDA:455,94,0,4
BRDA:455,94,1,0
BRDA:455,95,0,4
BRDA:455,95,1,4
BRDA:456,96,0,4
BRDA:456,96,1,0
BRDA:456,97,0,4
BRDA:456,97,1,4
BRDA:461,98,0,4
BRDA:461,98,1,0
BRDA:461,99,0,4
BRDA:461,99,1,4
BRDA:462,100,0,4
BRDA:462,100,1,0
BRDA:462,101,0,4
BRDA:462,101,1,4
BRDA:463,102,0,4
BRDA:463,102,1,0
BRDA:463,103,0,4
BRDA:463,103,1,4
BRDA:464,104,0,4
BRDA:464,104,1,0
BRDA:464,105,0,4
BRDA:464,105,1,4
BRDA:475,106,0,0
BRDA:475,106,1,5
BRDA:475,107,0,5
BRDA:475,107,1,5
BRDA:484,108,0,5
BRDA:484,108,1,0
BRDA:491,109,0,0
BRDA:491,109,1,9
BRDA:510,110,0,1
BRDA:510,110,1,8
BRDA:510,111,0,9
BRDA:510,111,1,9
BRDA:511,112,0,1
BRDA:511,112,1,8
BRDA:511,113,0,9
BRDA:511,113,1,9
BRDA:512,114,0,1
BRDA:512,114,1,8
BRDA:512,115,0,9
BRDA:512,115,1,9
BRDA:515,116,0,5
BRDA:515,116,1,4
BRDA:515,117,0,9
BRDA:515,117,1,5
BRDA:519,118,0,0
BRDA:519,118,1,0
BRDA:520,119,0,0
BRDA:520,119,1,0
BRDA:520,120,0,0
BRDA:520,120,1,0
BRF:252
BRH:183
end_of_record
TN:
SF:src/lib/logger.ts
FN:23,shouldLog
FN:27,write
FN:45,(anonymous_2)
FN:48,(anonymous_3)
FN:51,(anonymous_4)
FN:57,getRequestId
FNF:6
FNH:6
FNDA:60,shouldLog
FNDA:60,write
FNDA:29,(anonymous_2)
FNDA:1,(anonymous_3)
FNDA:30,(anonymous_4)
FNDA:3,getRequestId
DA:15,28
DA:21,28
DA:24,60
DA:28,60
DA:29,60
DA:36,60
DA:37,60
DA:38,30
DA:40,30
DA:44,28
DA:46,29
DA:49,1
DA:52,30
DA:57,28
DA:58,3
DA:59,3
DA:60,2
LF:17
LH:17
BRDA:21,0,0,0
BRDA:21,0,1,28
BRDA:28,1,0,0
BRDA:28,1,1,60
BRDA:33,2,0,60
BRDA:33,2,1,1
BRDA:37,3,0,30
BRDA:37,3,1,30
BRDA:59,4,0,1
BRDA:59,4,1,2
BRDA:59,5,0,3
BRDA:59,5,1,1
BRF:12
BRH:10
end_of_record
TN:
SF:src/lib/prisma.ts
FNF:0
FNH:0
DA:1,2
DA:3,2
DA:5,2
DA:11,2
LF:4
LH:4
BRDA:6,0,0,2
BRDA:6,0,1,2
BRDA:11,1,0,2
BRDA:11,1,1,0
BRF:4
BRH:3
end_of_record
TN:
SF:src/lib/product-modules.ts
FN:164,getModulesForPlan
FN:169,planHasModule
FNF:2
FNH:2
FNDA:11,getModulesForPlan
FNDA:6,planHasModule
DA:13,4
DA:36,4
DA:136,4
DA:164,4
DA:165,11
DA:169,4
DA:170,6
LF:7
LH:7
BRDA:165,0,0,10
BRDA:165,0,1,1
BRDA:165,1,0,11
BRDA:165,1,1,11
BRF:4
BRH:4
end_of_record
TN:
SF:src/lib/proration.ts
FN:24,computeProratedUpgradeAmount
FNF:1
FNH:1
FNDA:5,computeProratedUpgradeAmount
DA:6,1
DA:8,1
DA:9,1
DA:10,1
DA:24,1
DA:30,5
DA:31,5
DA:32,4
DA:33,4
DA:35,3
DA:36,3
DA:37,3
DA:38,3
DA:39,3
DA:41,3
DA:42,3
DA:43,3
DA:44,3
DA:46,3
LF:19
LH:19
BRDA:31,0,0,1
BRDA:31,0,1,4
BRDA:33,1,0,1
BRDA:33,1,1,3
BRDA:35,2,0,1
BRDA:35,2,1,2
BRDA:39,3,0,0
BRDA:39,3,1,3
BRF:8
BRH:7
end_of_record
TN:
SF:src/lib/request-id.ts
FN:8,getOrCreateRequestId
FN:17,jsonWithRequestId
FNF:2
FNH:2
FNDA:49,getOrCreateRequestId
FNDA:48,jsonWithRequestId
DA:1,11
DA:2,11
DA:8,11
DA:9,49
DA:10,44
DA:11,44
DA:17,11
DA:21,48
DA:22,48
DA:23,48
LF:10
LH:10
BRDA:9,0,0,5
BRDA:9,0,1,44
BRDA:9,1,0,5
BRDA:9,1,1,44
BRDA:9,2,0,49
BRDA:9,2,1,49
BRDA:9,3,0,1
BRDA:9,3,1,48
BRDA:9,4,0,49
BRDA:9,4,1,49
BRDA:10,5,0,44
BRDA:10,5,1,0
BRDA:10,6,0,44
BRDA:10,6,1,0
BRDA:11,7,0,0
BRDA:11,7,1,44
BRDA:11,8,0,44
BRDA:11,8,1,0
BRDA:21,9,0,29
BRDA:21,9,1,19
BRDA:21,10,0,48
BRDA:21,10,1,48
BRF:22
BRH:18
end_of_record
TN:
SF:src/lib/schedule-downgrade.ts
FN:17,isStripeSubscription
FN:34,(anonymous_1)
FN:42,(anonymous_2)
FN:47,validateAndGetEffectiveAt
FN:71,applyStripeSchedule
FN:124,performScheduleDowngrade
FNF:6
FNH:6
FNDA:6,isStripeSubscription
FNDA:7,(anonymous_1)
FNDA:1,(anonymous_2)
FNDA:9,validateAndGetEffectiveAt
FNDA:3,applyStripeSchedule
FNDA:9,performScheduleDowngrade
DA:6,2
DA:7,2
DA:8,2
DA:9,2
DA:12,2
DA:15,2
DA:18,6
DA:33,2
DA:35,7
DA:38,7
DA:39,7
DA:40,7
DA:43,1
DA:51,9
DA:52,9
DA:53,9
DA:54,2
DA:56,7
DA:57,2
DA:59,5
DA:60,0
DA:62,5
DA:63,5
DA:65,5
DA:68,5
DA:76,3
DA:77,3
DA:79,3
DA:80,2
DA:81,2
DA:82,2
DA:83,2
DA:84,1
DA:86,1
DA:87,1
DA:88,1
DA:102,1
DA:124,2
DA:128,9
DA:129,5
DA:130,5
DA:131,5
DA:133,5
DA:134,3
DA:135,3
DA:137,2
DA:138,1
DA:139,1
DA:140,1
DA:144,3
DA:155,3
DA:156,3
DA:157,3
DA:159,3
LF:54
LH:53
BRDA:18,0,0,6
BRDA:18,0,1,6
BRDA:53,1,0,2
BRDA:53,1,1,7
BRDA:53,2,0,9
BRDA:53,2,1,8
BRDA:56,3,0,2
BRDA:56,3,1,5
BRDA:59,4,0,0
BRDA:59,4,1,5
BRDA:65,5,0,5
BRDA:65,5,1,0
BRDA:65,6,0,5
BRDA:65,6,1,5
BRDA:77,7,0,0
BRDA:77,7,1,3
BRDA:77,8,0,3
BRDA:77,8,1,3
BRDA:83,9,0,1
BRDA:83,9,1,1
BRDA:83,10,0,0
BRDA:83,10,1,2
BRDA:83,11,0,2
BRDA:83,11,1,2
BRDA:133,12,0,3
BRDA:133,12,1,2
BRDA:133,13,0,5
BRDA:133,13,1,3
BRDA:137,14,0,1
BRDA:137,14,1,1
BRDA:138,15,0,1
BRDA:138,15,1,0
BRDA:149,16,0,0
BRDA:149,16,1,3
BRDA:149,17,0,3
BRDA:149,17,1,3
BRF:36
BRH:30
end_of_record
TN:
SF:src/lib/twofa.ts
FN:8,generateTotpSecret
FN:19,verifyTotpToken
FNF:2
FNH:2
FNDA:3,generateTotpSecret
FNDA:2,verifyTotpToken
DA:4,1
DA:6,1
DA:8,1
DA:9,3
DA:13,3
DA:19,1
DA:20,2
LF:7
LH:7
BRDA:6,0,0,0
BRDA:6,0,1,1
BRDA:6,1,0,1
BRDA:6,1,1,1
BRDA:15,2,0,3
BRDA:15,2,1,0
BRDA:15,3,0,3
BRDA:15,3,1,3
BRF:8
BRH:6
end_of_record
TN:
SF:src/lib/ai/index.ts
FN:1,(anonymous_0)
FN:1,(anonymous_1)
FN:3,(anonymous_2)
FN:4,(anonymous_3)
FN:5,(anonymous_4)
FNF:5
FNH:1
FNDA:0,(anonymous_0)
FNDA:6,(anonymous_1)
FNDA:0,(anonymous_2)
FNDA:0,(anonymous_3)
FNDA:0,(anonymous_4)
DA:1,9
DA:3,3
DA:4,3
DA:5,3
LF:4
LH:4
BRF:0
BRH:0
end_of_record
TN:
SF:src/modules/analyze/index.ts
FN:5,(anonymous_0)
FN:5,(anonymous_1)
FNF:2
FNH:2
FNDA:6,(anonymous_0)
FNDA:4,(anonymous_1)
DA:5,7
LF:1
LH:1
BRF:0
BRH:0
end_of_record
TN:
SF:src/modules/competitors/application/competitor.service.ts
FN:72,(anonymous_0)
FN:21,toCompetitorPlace
FN:35,getCompetitorRankings
FN:37,(anonymous_3)
FN:38,(anonymous_4)
FN:40,(anonymous_5)
FN:49,(anonymous_6)
FN:50,(anonymous_7)
FN:52,(anonymous_8)
FN:61,(anonymous_9)
FN:62,(anonymous_10)
FN:74,generatePlaybook
FN:162,runCompetitorAnalysis
FN:174,(anonymous_13)
FN:174,(anonymous_14)
FN:176,(anonymous_15)
FN:177,(anonymous_16)
FN:182,(anonymous_17)
FN:214,(anonymous_18)
FN:215,(anonymous_19)
FN:251,(anonymous_20)
FNF:21
FNH:19
FNDA:0,(anonymous_0)
FNDA:3,toCompetitorPlace
FNDA:2,getCompetitorRankings
FNDA:3,(anonymous_3)
FNDA:4,(anonymous_4)
FNDA:3,(anonymous_5)
FNDA:3,(anonymous_6)
FNDA:4,(anonymous_7)
FNDA:3,(anonymous_8)
FNDA:3,(anonymous_9)
FNDA:2,(anonymous_10)
FNDA:2,generatePlaybook
FNDA:2,runCompetitorAnalysis
FNDA:3,(anonymous_13)
FNDA:3,(anonymous_14)
FNDA:3,(anonymous_15)
FNDA:3,(anonymous_16)
FNDA:3,(anonymous_17)
FNDA:3,(anonymous_18)
FNDA:3,(anonymous_19)
FNDA:0,(anonymous_20)
DA:7,1
DA:12,1
DA:13,1
DA:14,1
DA:15,1
DA:16,1
DA:17,1
DA:22,3
DA:23,3
DA:36,2
DA:37,3
DA:38,4
DA:40,3
DA:48,2
DA:49,3
DA:50,4
DA:52,3
DA:60,2
DA:61,3
DA:62,2
DA:69,2
DA:72,1
DA:89,2
DA:90,2
DA:96,2
DA:127,2
DA:128,2
DA:130,2
DA:131,0
DA:137,0
DA:138,0
DA:152,0
DA:153,0
DA:155,2
DA:158,2
DA:162,1
DA:166,2
DA:167,2
DA:173,2
DA:174,3
DA:176,3
DA:177,3
DA:179,2
DA:182,3
DA:193,2
DA:197,2
DA:201,2
DA:202,2
DA:206,2
DA:214,3
DA:215,3
DA:222,2
DA:240,2
DA:241,2
DA:251,0
DA:254,2
LF:56
LH:50
BRDA:24,0,0,3
BRDA:24,0,1,0
BRDA:24,1,0,3
BRDA:24,1,1,3
BRDA:25,2,0,3
BRDA:25,2,1,0
BRDA:25,3,0,3
BRDA:25,3,1,3
BRDA:25,4,0,0
BRDA:25,4,1,3
BRDA:25,5,0,3
BRDA:25,5,1,3
BRDA:27,6,0,2
BRDA:27,6,1,1
BRDA:27,7,0,3
BRDA:27,7,1,2
BRDA:28,8,0,1
BRDA:28,8,1,2
BRDA:28,9,0,3
BRDA:28,9,1,1
BRDA:30,10,0,3
BRDA:30,10,1,0
BRDA:30,11,0,3
BRDA:30,11,1,3
BRDA:37,12,0,3
BRDA:37,12,1,3
BRDA:38,13,0,4
BRDA:38,13,1,0
BRDA:38,14,0,4
BRDA:38,14,1,4
BRDA:38,15,0,4
BRDA:38,15,1,0
BRDA:38,16,0,4
BRDA:38,16,1,4
BRDA:49,17,0,3
BRDA:49,17,1,0
BRDA:49,18,0,3
BRDA:49,18,1,3
BRDA:50,19,0,4
BRDA:50,19,1,0
BRDA:50,20,0,4
BRDA:50,20,1,4
BRDA:50,21,0,4
BRDA:50,21,1,0
BRDA:50,22,0,4
BRDA:50,22,1,4
BRDA:56,23,0,3
BRDA:56,23,1,0
BRDA:56,24,0,3
BRDA:56,24,1,3
BRDA:61,25,0,3
BRDA:61,25,1,2
BRDA:61,26,0,1
BRDA:61,26,1,2
BRDA:61,27,0,3
BRDA:61,27,1,3
BRDA:61,28,0,1
BRDA:61,28,1,1
BRDA:61,29,0,2
BRDA:61,29,1,2
BRDA:65,30,0,1
BRDA:65,30,1,1
BRDA:65,31,0,2
BRDA:65,31,1,2
BRDA:66,32,0,2
BRDA:66,32,1,0
BRDA:66,33,0,2
BRDA:66,33,1,2
BRDA:93,34,0,2
BRDA:93,34,1,0
BRDA:93,35,0,2
BRDA:93,35,1,2
BRDA:102,36,0,1
BRDA:102,36,1,1
BRDA:102,37,0,2
BRDA:102,37,1,1
BRDA:105,38,0,2
BRDA:105,38,1,1
BRDA:106,39,0,2
BRDA:106,39,1,1
BRDA:127,40,0,0
BRDA:127,40,1,2
BRDA:137,41,0,0
BRDA:137,41,1,0
BRDA:137,42,0,0
BRDA:137,42,1,0
BRDA:137,42,2,0
BRDA:156,43,0,2
BRDA:156,43,1,0
BRDA:166,44,0,1
BRDA:166,44,1,1
BRDA:166,45,0,2
BRDA:166,45,1,2
BRDA:173,46,0,2
BRDA:173,46,1,0
BRDA:173,47,0,2
BRDA:173,47,1,2
BRDA:174,48,0,3
BRDA:174,48,1,3
BRDA:176,49,0,1
BRDA:176,49,1,2
BRDA:176,50,0,3
BRDA:176,50,1,3
BRDA:177,51,0,2
BRDA:177,51,1,1
BRDA:177,52,0,3
BRDA:177,52,1,3
BRDA:201,53,0,2
BRDA:201,53,1,0
BRDA:201,54,0,0
BRDA:201,54,1,2
BRDA:201,55,0,2
BRDA:201,55,1,2
BRDA:201,56,0,0
BRDA:201,56,1,2
BRDA:201,57,0,2
BRDA:201,57,1,2
BRDA:240,58,0,2
BRDA:240,58,1,0
BRDA:251,59,0,0
BRDA:251,59,1,0
BRF:121
BRH:95
end_of_record
TN:
SF:src/modules/market/application/market.service.ts
FN:53,(anonymous_0)
FN:21,getPlaceType
FN:29,aggregatePlacesByTypeAndContact
FN:55,generateMarketInsights
FN:77,(anonymous_4)
FN:142,runMarketReport
FN:162,(anonymous_6)
FN:167,(anonymous_7)
FN:175,(anonymous_8)
FN:236,(anonymous_9)
FNF:10
FNH:8
FNDA:0,(anonymous_0)
FNDA:4,getPlaceType
FNDA:2,aggregatePlacesByTypeAndContact
FNDA:2,generateMarketInsights
FNDA:3,(anonymous_4)
FNDA:2,runMarketReport
FNDA:3,(anonymous_6)
FNDA:1,(anonymous_7)
FNDA:4,(anonymous_8)
FNDA:0,(anonymous_9)
DA:7,1
DA:12,1
DA:13,1
DA:14,1
DA:15,1
DA:16,1
DA:17,1
DA:22,4
DA:23,4
DA:24,4
DA:25,1
DA:26,1
DA:34,2
DA:35,2
DA:36,2
DA:37,2
DA:38,4
DA:39,4
DA:40,4
DA:41,4
DA:42,4
DA:43,4
DA:44,4
DA:46,4
DA:47,4
DA:48,4
DA:50,2
DA:53,1
DA:68,2
DA:69,2
DA:75,2
DA:77,3
DA:80,2
DA:107,2
DA:108,2
DA:110,2
DA:111,0
DA:117,0
DA:118,0
DA:132,0
DA:133,0
DA:135,2
DA:138,2
DA:142,1
DA:146,2
DA:147,2
DA:154,2
DA:155,2
DA:156,2
DA:157,2
DA:159,2
DA:161,2
DA:162,3
DA:167,1
DA:169,2
DA:170,2
DA:171,2
DA:172,2
DA:175,4
DA:188,2
DA:192,2
DA:196,2
DA:197,2
DA:201,2
DA:208,2
DA:225,2
DA:226,2
DA:236,0
DA:239,2
LF:69
LH:63
BRDA:24,0,0,3
BRDA:24,0,1,1
BRDA:25,1,0,0
BRDA:25,1,1,1
BRDA:25,2,0,0
BRDA:25,2,1,1
BRDA:25,3,0,1
BRDA:25,3,1,1
BRDA:39,4,0,1
BRDA:39,4,1,3
BRDA:39,5,0,4
BRDA:39,5,1,4
BRDA:42,6,0,4
BRDA:42,6,1,0
BRDA:42,7,0,4
BRDA:42,7,1,4
BRDA:47,8,0,2
BRDA:47,8,1,2
BRDA:47,9,0,2
BRDA:47,9,1,2
BRDA:47,10,0,4
BRDA:47,10,1,4
BRDA:47,11,0,2
BRDA:47,11,1,2
BRDA:47,12,0,4
BRDA:47,12,1,4
BRDA:47,13,0,2
BRDA:47,13,1,2
BRDA:47,14,0,4
BRDA:47,14,1,3
BRDA:48,15,0,2
BRDA:48,15,1,2
BRDA:48,16,0,2
BRDA:48,16,1,2
BRDA:48,17,0,4
BRDA:48,17,1,4
BRDA:48,18,0,2
BRDA:48,18,1,2
BRDA:48,19,0,4
BRDA:48,19,1,4
BRDA:48,20,0,2
BRDA:48,20,1,2
BRDA:48,21,0,4
BRDA:48,21,1,3
BRDA:72,22,0,2
BRDA:72,22,1,0
BRDA:72,23,0,2
BRDA:72,23,1,2
BRDA:77,24,0,3
BRDA:77,24,1,0
BRDA:77,25,0,3
BRDA:77,25,1,3
BRDA:86,26,0,2
BRDA:86,26,1,0
BRDA:86,27,0,2
BRDA:86,27,1,2
BRDA:87,28,0,2
BRDA:87,28,1,0
BRDA:107,29,0,0
BRDA:107,29,1,2
BRDA:117,30,0,0
BRDA:117,30,1,0
BRDA:117,31,0,0
BRDA:117,31,1,0
BRDA:117,31,2,0
BRDA:136,32,0,2
BRDA:136,32,1,0
BRDA:146,33,0,1
BRDA:146,33,1,1
BRDA:146,34,0,2
BRDA:146,34,1,2
BRDA:155,35,0,2
BRDA:155,35,1,0
BRDA:155,36,0,2
BRDA:155,36,1,2
BRDA:165,37,0,3
BRDA:165,37,1,0
BRDA:170,38,0,2
BRDA:170,38,1,0
BRDA:171,39,0,2
BRDA:171,39,1,0
BRDA:172,40,0,2
BRDA:172,40,1,0
BRDA:179,41,0,2
BRDA:179,41,1,2
BRDA:179,42,0,4
BRDA:179,42,1,3
BRDA:180,43,0,2
BRDA:180,43,1,2
BRDA:180,44,0,4
BRDA:180,44,1,3
BRDA:182,45,0,0
BRDA:182,45,1,4
BRDA:182,46,0,4
BRDA:182,46,1,4
BRDA:196,47,0,2
BRDA:196,47,1,0
BRDA:196,48,0,0
BRDA:196,48,1,2
BRDA:196,49,0,2
BRDA:196,49,1,2
BRDA:196,50,0,0
BRDA:196,50,1,2
BRDA:196,51,0,2
BRDA:196,51,1,2
BRDA:225,52,0,2
BRDA:225,52,1,0
BRDA:236,53,0,0
BRDA:236,53,1,0
BRF:109
BRH:83
end_of_record
TN:
SF:src/modules/scoring/index.ts
FN:2,(anonymous_0)
FN:3,(anonymous_1)
FN:4,(anonymous_2)
FNF:3
FNH:1
FNDA:0,(anonymous_0)
FNDA:0,(anonymous_1)
FNDA:4,(anonymous_2)
DA:1,2
DA:2,2
DA:3,2
DA:4,6
LF:4
LH:4
BRF:0
BRH:0
end_of_record
TN:
SF:src/modules/scoring/application/score.service.ts
FN:46,getPhone
FN:50,getWebsite
FN:54,getReviewCount
FN:58,getName
FN:66,computeFactors
FN:84,computeScore
FN:101,scoreAndRankPlaces
FN:107,(anonymous_7)
FN:108,(anonymous_8)
FN:109,(anonymous_9)
FN:117,(anonymous_10)
FN:117,(anonymous_11)
FN:118,(anonymous_12)
FN:122,(anonymous_13)
FN:137,(anonymous_14)
FN:138,(anonymous_15)
FNF:16
FNH:16
FNDA:14,getPhone
FNDA:14,getWebsite
FNDA:21,getReviewCount
FNDA:7,getName
FNDA:7,computeFactors
FNDA:7,computeScore
FNDA:4,scoreAndRankPlaces
FNDA:7,(anonymous_7)
FNDA:7,(anonymous_8)
FNDA:4,(anonymous_9)
FNDA:7,(anonymous_10)
FNDA:7,(anonymous_11)
FNDA:7,(anonymous_12)
FNDA:7,(anonymous_13)
FNDA:7,(anonymous_14)
FNDA:4,(anonymous_15)
DA:11,2
DA:22,2
DA:23,2
DA:26,2
DA:47,14
DA:51,14
DA:55,21
DA:59,7
DA:66,2
DA:67,7
DA:68,7
DA:69,7
DA:70,7
DA:72,7
DA:84,2
DA:85,7
DA:86,7
DA:87,7
DA:88,7
DA:89,7
DA:90,7
DA:91,7
DA:92,7
DA:93,7
DA:101,2
DA:106,4
DA:107,7
DA:108,7
DA:109,4
DA:110,4
DA:112,4
DA:117,7
DA:118,7
DA:121,4
DA:123,7
DA:124,7
DA:137,7
DA:138,4
DA:141,4
LF:39
LH:39
BRDA:47,0,0,14
BRDA:47,0,1,8
BRDA:47,0,2,8
BRDA:47,0,3,8
BRDA:51,1,0,14
BRDA:51,1,1,6
BRDA:51,1,2,6
BRDA:55,2,0,9
BRDA:55,2,1,12
BRDA:55,3,0,21
BRDA:55,3,1,21
BRDA:55,4,0,9
BRDA:55,4,1,12
BRDA:55,5,0,21
BRDA:55,5,1,21
BRDA:59,6,0,7
BRDA:59,6,1,7
BRDA:59,6,2,4
BRDA:59,7,0,7
BRDA:59,7,1,0
BRDA:59,8,0,7
BRDA:59,8,1,7
BRDA:66,9,0,0
BRDA:69,10,0,7
BRDA:69,10,1,0
BRDA:69,11,0,7
BRDA:69,11,1,7
BRDA:75,12,0,7
BRDA:75,12,1,7
BRDA:77,13,0,7
BRDA:77,13,1,3
BRDA:79,14,0,0
BRDA:79,14,1,7
BRDA:79,15,0,7
BRDA:79,15,1,7
BRDA:86,16,0,3
BRDA:86,16,1,4
BRDA:87,17,0,4
BRDA:87,17,1,3
BRDA:88,18,0,1
BRDA:88,18,1,6
BRDA:89,19,0,4
BRDA:89,19,1,3
BRDA:90,20,0,0
BRDA:90,20,1,7
BRDA:91,21,0,0
BRDA:91,21,1,7
BRDA:92,22,0,7
BRDA:92,22,1,0
BRDA:103,23,0,0
BRDA:112,24,0,1
BRDA:112,24,1,3
BRDA:117,25,0,7
BRDA:117,25,1,7
BRDA:118,26,0,3
BRDA:118,26,1,1
BRDA:125,27,0,3
BRDA:125,27,1,4
BRDA:125,28,0,7
BRDA:125,28,1,7
BRDA:130,29,0,7
BRDA:130,29,1,4
BRDA:131,30,0,7
BRDA:131,30,1,3
BRDA:132,31,0,7
BRDA:132,31,1,0
BRDA:132,32,0,7
BRDA:132,32,1,7
BRDA:133,33,0,7
BRDA:133,33,1,4
BRDA:134,34,0,3
BRDA:134,34,1,4
BRDA:134,35,0,7
BRDA:134,35,1,7
BRDA:134,36,0,1
BRDA:134,36,1,3
BRDA:137,37,0,7
BRDA:137,37,1,3
BRF:78
BRH:69
end_of_record
TN:
SF:src/modules/search/index.ts
FN:7,(anonymous_0)
FN:8,(anonymous_1)
FN:9,(anonymous_2)
FN:10,(anonymous_3)
FNF:4
FNH:2
FNDA:7,(anonymous_0)
FNDA:0,(anonymous_1)
FNDA:0,(anonymous_2)
FNDA:4,(anonymous_3)
DA:6,1
DA:7,8
DA:8,1
DA:9,1
DA:10,5
LF:5
LH:5
BRF:0
BRH:0
end_of_record
TN:
SF:src/modules/search/application/search.service.ts
FN:52,(anonymous_0)
FN:61,filterPlaces
FN:66,(anonymous_2)
FN:77,getSearchUserAndWorkspaceOrThrow
FN:98,tryCacheOrDbSearch
FN:129,(anonymous_5)
FN:151,persistUnifiedSearchResult
FN:166,(anonymous_7)
FN:188,resolveSearchLocationBias
FN:210,createSaveHistoryForSearch
FN:217,(anonymous_10)
FN:230,(anonymous_11)
FN:238,executeGoogleSearchAndPersist
FN:246,(anonymous_13)
FN:279,runSearch
FN:330,getSearchAllPagesUserAndWorkspaceOrThrow
FN:339,runSearchAllPages
FNF:17
FNH:14
FNDA:5,(anonymous_0)
FNDA:11,filterPlaces
FNDA:44,(anonymous_2)
FNDA:17,getSearchUserAndWorkspaceOrThrow
FNDA:10,tryCacheOrDbSearch
FNDA:34,(anonymous_5)
FNDA:8,persistUnifiedSearchResult
FNDA:0,(anonymous_7)
FNDA:6,resolveSearchLocationBias
FNDA:10,createSaveHistoryForSearch
FNDA:4,(anonymous_10)
FNDA:0,(anonymous_11)
FNDA:6,executeGoogleSearchAndPersist
FNDA:0,(anonymous_13)
FNDA:15,runSearch
FNDA:2,getSearchAllPagesUserAndWorkspaceOrThrow
FNDA:2,runSearchAllPages
DA:7,2
DA:8,2
DA:9,2
DA:10,2
DA:11,2
DA:12,2
DA:13,2
DA:18,2
DA:45,2
DA:47,2
DA:49,2
DA:51,2
DA:53,5
DA:54,5
DA:56,5
DA:57,5
DA:66,11
DA:67,44
DA:68,44
DA:69,44
DA:70,36
DA:71,35
DA:72,35
DA:73,35
DA:78,17
DA:82,17
DA:83,15
DA:84,2
DA:86,13
DA:87,13
DA:88,1
DA:95,12
DA:103,10
DA:104,10
DA:105,10
DA:106,10
DA:107,10
DA:108,10
DA:109,10
DA:110,2
DA:111,2
DA:112,2
DA:114,8
DA:115,8
DA:125,8
DA:126,5
DA:127,5
DA:129,34
DA:140,3
DA:141,3
DA:142,3
DA:143,1
DA:144,1
DA:146,2
DA:147,2
DA:148,2
DA:160,8
DA:166,8
DA:167,0
DA:169,8
DA:195,6
DA:196,1
DA:197,1
DA:198,0
DA:199,0
DA:201,1
DA:202,1
DA:206,1
DA:207,1
DA:217,10
DA:218,4
DA:231,0
DA:245,6
DA:246,0
DA:248,6
DA:254,6
DA:261,6
DA:262,6
DA:263,6
DA:265,6
DA:266,6
DA:272,6
DA:273,6
DA:275,6
DA:276,6
DA:279,2
DA:280,15
DA:281,15
DA:282,15
DA:287,15
DA:295,15
DA:296,10
DA:298,10
DA:303,10
DA:305,6
DA:306,6
DA:323,2
DA:331,2
DA:332,2
DA:339,2
DA:344,2
DA:345,2
DA:347,2
DA:350,2
DA:351,2
DA:352,1
DA:353,1
DA:354,1
DA:355,1
DA:359,1
DA:360,1
DA:364,2
DA:365,2
DA:372,2
DA:373,2
DA:375,2
DA:376,2
DA:387,2
DA:388,2
LF:119
LH:114
BRDA:56,0,0,5
BRDA:56,0,1,0
BRDA:67,1,0,44
BRDA:67,1,1,14
BRDA:68,2,0,44
BRDA:68,2,1,15
BRDA:68,2,2,15
BRDA:69,3,0,8
BRDA:69,3,1,36
BRDA:69,4,0,44
BRDA:69,4,1,13
BRDA:70,5,0,1
BRDA:70,5,1,35
BRDA:70,6,0,36
BRDA:70,6,1,2
BRDA:71,7,0,0
BRDA:71,7,1,35
BRDA:71,8,0,35
BRDA:71,8,1,5
BRDA:72,9,0,0
BRDA:72,9,1,35
BRDA:72,10,0,35
BRDA:72,10,1,0
BRDA:82,11,0,2
BRDA:82,11,1,15
BRDA:82,12,0,17
BRDA:82,12,1,16
BRDA:83,13,0,2
BRDA:83,13,1,13
BRDA:87,14,0,1
BRDA:87,14,1,12
BRDA:103,15,0,0
BRDA:103,15,1,10
BRDA:105,16,0,10
BRDA:105,16,1,10
BRDA:105,17,0,10
BRDA:105,17,1,7
BRDA:105,18,0,10
BRDA:105,18,1,8
BRDA:107,19,0,2
BRDA:107,19,1,8
BRDA:107,20,0,10
BRDA:107,20,1,10
BRDA:107,21,0,8
BRDA:107,21,1,2
BRDA:107,22,0,10
BRDA:107,22,1,10
BRDA:107,23,0,8
BRDA:107,23,1,2
BRDA:107,24,0,10
BRDA:107,24,1,2
BRDA:109,25,0,2
BRDA:109,25,1,8
BRDA:109,26,0,10
BRDA:109,26,1,2
BRDA:109,27,0,8
BRDA:109,27,1,2
BRDA:109,28,0,10
BRDA:109,28,1,2
BRDA:114,29,0,0
BRDA:114,29,1,8
BRDA:125,30,0,5
BRDA:125,30,1,3
BRDA:142,31,0,1
BRDA:142,31,1,2
BRDA:167,32,0,0
BRDA:167,32,1,0
BRDA:195,33,0,5
BRDA:195,33,1,1
BRDA:195,34,0,6
BRDA:195,34,1,1
BRDA:196,35,0,1
BRDA:196,35,1,0
BRDA:196,36,0,1
BRDA:196,36,1,1
BRDA:196,37,0,1
BRDA:196,37,1,0
BRDA:196,38,0,1
BRDA:196,38,1,1
BRDA:197,39,0,0
BRDA:197,39,1,1
BRDA:201,40,0,0
BRDA:201,40,1,1
BRDA:201,41,0,1
BRDA:201,41,1,1
BRDA:204,42,0,1
BRDA:204,42,1,0
BRDA:227,43,0,4
BRDA:227,43,1,0
BRDA:232,44,0,0
BRDA:232,44,1,0
BRDA:245,45,0,0
BRDA:245,45,1,6
BRDA:256,46,0,6
BRDA:256,46,1,6
BRDA:258,47,0,6
BRDA:258,47,1,6
BRDA:261,48,0,6
BRDA:261,48,1,0
BRDA:261,49,0,6
BRDA:261,49,1,6
BRDA:261,50,0,0
BRDA:261,50,1,6
BRDA:261,51,0,6
BRDA:261,51,1,6
BRDA:262,52,0,6
BRDA:262,52,1,0
BRDA:265,53,0,6
BRDA:265,53,1,0
BRDA:265,54,0,6
BRDA:265,54,1,6
BRDA:265,55,0,0
BRDA:265,55,1,6
BRDA:265,56,0,6
BRDA:265,56,1,6
BRDA:272,57,0,6
BRDA:272,57,1,0
BRDA:272,58,0,6
BRDA:272,58,1,6
BRDA:281,59,0,3
BRDA:281,59,1,12
BRDA:281,60,0,15
BRDA:281,60,1,15
BRDA:283,61,0,0
BRDA:283,61,1,15
BRDA:283,62,0,15
BRDA:283,62,1,15
BRDA:284,63,0,3
BRDA:284,63,1,12
BRDA:284,64,0,15
BRDA:284,64,1,15
BRDA:285,65,0,2
BRDA:285,65,1,13
BRDA:285,66,0,15
BRDA:285,66,1,15
BRDA:289,67,0,0
BRDA:289,67,1,15
BRDA:289,68,0,15
BRDA:289,68,1,15
BRDA:291,69,0,3
BRDA:291,69,1,12
BRDA:291,70,0,15
BRDA:291,70,1,15
BRDA:292,71,0,2
BRDA:292,71,1,13
BRDA:292,72,0,15
BRDA:292,72,1,15
BRDA:303,73,0,4
BRDA:303,73,1,6
BRDA:305,74,0,5
BRDA:305,74,1,1
BRDA:305,75,0,6
BRDA:305,75,1,6
BRDA:309,76,0,0
BRDA:309,76,1,6
BRDA:309,77,0,6
BRDA:309,77,1,6
BRDA:310,78,0,0
BRDA:310,78,1,6
BRDA:310,79,0,6
BRDA:310,79,1,6
BRDA:311,80,0,3
BRDA:311,80,1,3
BRDA:311,81,0,6
BRDA:311,81,1,6
BRDA:312,82,0,2
BRDA:312,82,1,4
BRDA:312,83,0,6
BRDA:312,83,1,6
BRDA:350,84,0,1
BRDA:350,84,1,1
BRDA:350,85,0,2
BRDA:350,85,1,2
BRDA:351,86,0,1
BRDA:351,86,1,1
BRDA:352,87,0,1
BRDA:352,87,1,0
BRDA:352,88,0,1
BRDA:352,88,1,1
BRDA:352,89,0,0
BRDA:352,89,1,1
BRDA:352,90,0,1
BRDA:352,90,1,1
BRDA:353,91,0,1
BRDA:353,91,1,0
BRDA:354,92,0,0
BRDA:354,92,1,1
BRDA:354,93,0,1
BRDA:354,93,1,1
BRDA:357,94,0,1
BRDA:357,94,1,0
BRDA:367,95,0,2
BRDA:367,95,1,2
BRDA:375,96,0,2
BRDA:375,96,1,0
BRDA:382,97,0,0
BRDA:382,97,1,2
BRDA:382,98,0,2
BRDA:382,98,1,2
BRDA:382,99,0,0
BRDA:382,99,1,2
BRDA:382,100,0,2
BRDA:382,100,1,2
BRDA:382,101,0,0
BRDA:382,101,1,2
BRDA:382,102,0,2
BRDA:382,102,1,2
BRF:207
BRH:171
end_of_record
