TN:
SF:src/lib/audit.ts
FN:36,logAdminAction
FN:59,logSupportAction
FNF:2
FNH:1
FNDA:14,logAdminAction
FNDA:0,logSupportAction
DA:2,9
DA:36,9
DA:41,14
DA:42,12
DA:43,12
DA:59,9
DA:64,0
LF:7
LH:6
BRDA:41,0,0,2
BRDA:41,0,1,12
BRDA:41,1,0,1
BRDA:41,1,1,13
BRDA:41,2,0,14
BRDA:41,2,1,14
BRDA:41,3,0,1
BRDA:41,3,1,13
BRDA:41,4,0,14
BRDA:41,4,1,13
BRDA:46,5,0,6
BRDA:46,5,1,5
BRDA:46,6,0,11
BRDA:46,6,1,11
BRDA:48,7,0,0
BRDA:48,7,1,11
BRDA:48,8,0,11
BRDA:48,8,1,11
BRDA:49,9,0,0
BRDA:49,9,1,11
BRDA:49,10,0,11
BRDA:49,10,1,11
BRDA:50,11,0,8
BRDA:50,11,1,3
BRDA:50,12,0,11
BRDA:50,12,1,11
BRDA:50,13,0,0
BRDA:50,13,1,11
BRDA:50,14,0,11
BRDA:50,14,1,11
BRF:30
BRH:27
end_of_record
TN:
SF:src/lib/billing-config.ts
FN:39,isDowngrade
FN:47,isUpgrade
FN:58,getPlanPrices
FNF:3
FNH:3
FNDA:1,isDowngrade
FNDA:7,isUpgrade
FNDA:7,getPlanPrices
DA:1,5
DA:37,5
DA:39,5
DA:40,1
DA:41,1
DA:42,1
DA:43,1
DA:47,5
DA:48,7
DA:49,7
DA:50,7
DA:51,7
DA:58,5
DA:59,7
LF:14
LH:14
BRDA:42,0,0,0
BRDA:42,0,1,1
BRDA:42,1,0,1
BRDA:42,1,1,1
BRDA:50,2,0,0
BRDA:50,2,1,7
BRDA:50,3,0,7
BRDA:50,3,1,7
BRF:8
BRH:6
end_of_record
TN:
SF:src/lib/db-sync.ts
FN:4,syncLead
FN:32,(anonymous_10)
FN:38,syncLeads
FNF:3
FNH:3
FNDA:6,syncLead
FNDA:2,(anonymous_10)
FNDA:1,syncLeads
DA:1,2
DA:4,2
DA:5,6
DA:6,6
DA:32,4
DA:33,2
DA:34,2
DA:38,2
DA:39,1
LF:9
LH:9
BRDA:11,0,0,5
BRDA:11,0,1,4
BRDA:15,1,0,5
BRDA:15,1,1,0
BRDA:23,2,0,5
BRDA:23,2,1,4
BRDA:27,3,0,5
BRDA:27,3,1,0
BRDA:33,4,0,2
BRDA:33,4,1,0
BRF:10
BRH:7
end_of_record
TN:
SF:src/lib/email-config-encrypt.ts
FN:15,getEncryptionKey
FN:25,encryptEmailSecret
FN:34,decryptEmailSecret
FNF:3
FNH:3
FNDA:12,getEncryptionKey
FNDA:6,encryptEmailSecret
FNDA:6,decryptEmailSecret
DA:7,2
DA:9,2
DA:10,2
DA:11,2
DA:12,2
DA:13,2
DA:16,12
DA:17,12
DA:18,2
DA:22,10
DA:25,2
DA:26,6
DA:27,4
DA:28,4
DA:29,4
DA:30,4
DA:31,4
DA:34,2
DA:35,6
DA:36,6
DA:37,6
DA:38,5
DA:39,5
DA:40,5
DA:41,5
DA:42,5
DA:43,5
LF:27
LH:27
BRDA:16,0,0,12
BRDA:16,0,1,10
BRDA:17,1,0,2
BRDA:17,1,1,10
BRDA:17,2,0,12
BRDA:17,2,1,11
BRDA:37,3,0,1
BRDA:37,3,1,5
BRF:8
BRH:8
end_of_record
TN:
SF:src/lib/email-templates.ts
FN:13,escapeHtml
FN:22,wrapContent
FN:78,ctaButton
FN:92,title
FN:99,paragraph
FN:106,muted
FN:113,buildEmail
FN:122,(anonymous_7)
FN:137,passwordResetTemplate
FN:153,verificationTemplate
FN:169,teamInviteTemplate
FN:186,testEmailTemplate
FN:200,notificationTemplate
FN:216,paymentSuccessTemplate
FN:237,paymentFailureTemplate
FNF:15
FNH:11
FNDA:2,escapeHtml
FNDA:3,wrapContent
FNDA:3,ctaButton
FNDA:3,title
FNDA:6,paragraph
FNDA:2,muted
FNDA:3,buildEmail
FNDA:6,(anonymous_7)
FNDA:1,passwordResetTemplate
FNDA:1,verificationTemplate
FNDA:1,teamInviteTemplate
FNDA:0,testEmailTemplate
FNDA:0,notificationTemplate
FNDA:0,paymentSuccessTemplate
FNDA:0,paymentFailureTemplate
DA:6,2
DA:7,2
DA:8,2
DA:9,2
DA:10,2
DA:11,2
DA:14,2
DA:23,3
DA:78,2
DA:79,3
DA:92,2
DA:93,3
DA:99,2
DA:100,6
DA:106,2
DA:107,2
DA:113,2
DA:120,3
DA:121,3
DA:122,3
DA:123,6
DA:125,3
DA:126,3
DA:128,3
DA:129,2
DA:131,3
DA:137,2
DA:138,1
DA:153,2
DA:154,1
DA:169,2
DA:170,1
DA:171,1
DA:172,1
DA:186,2
DA:187,0
DA:200,2
DA:201,0
DA:202,0
DA:203,0
DA:204,0
DA:216,2
DA:217,0
DA:218,0
DA:223,0
DA:224,0
DA:225,0
DA:237,2
DA:238,0
DA:239,0
DA:240,0
LF:51
LH:38
BRDA:6,0,0,0
BRDA:6,0,1,2
BRDA:6,1,0,2
BRDA:6,1,1,2
BRDA:6,2,0,0
BRDA:6,2,1,2
BRDA:6,3,0,2
BRDA:6,3,1,2
BRDA:8,4,0,0
BRDA:8,4,1,2
BRDA:8,5,0,2
BRDA:8,5,1,2
BRDA:125,6,0,3
BRDA:125,6,1,0
BRDA:125,7,0,3
BRDA:125,7,1,3
BRDA:128,8,0,2
BRDA:128,8,1,1
BRDA:203,9,0,0
BRDA:203,9,1,0
BRDA:203,10,0,0
BRDA:203,10,1,0
BRDA:203,11,0,0
BRDA:203,11,1,0
BRDA:203,12,0,0
BRDA:203,12,1,0
BRDA:203,13,0,0
BRDA:203,13,1,0
BRDA:208,14,0,0
BRDA:208,14,1,0
BRDA:224,15,0,0
BRDA:224,15,1,0
BRDA:224,16,0,0
BRDA:224,16,1,0
BRDA:239,17,0,0
BRDA:239,17,1,0
BRDA:239,18,0,0
BRDA:239,18,1,0
BRF:38
BRH:14
end_of_record
TN:
SF:src/lib/email.ts
FN:20,getEmailConfigFromDb
FN:37,getFromAddress
FN:51,sendEmail
FN:130,sendPasswordResetEmail
FN:139,sendVerificationEmail
FN:148,sendTeamInviteEmail
FNF:6
FNH:6
FNDA:8,getEmailConfigFromDb
FNDA:13,getFromAddress
FNDA:8,sendEmail
FNDA:1,sendPasswordResetEmail
FNDA:1,sendVerificationEmail
FNDA:1,sendTeamInviteEmail
DA:6,2
DA:7,2
DA:8,2
DA:9,2
DA:14,2
DA:15,2
DA:17,2
DA:18,2
DA:29,8
DA:30,8
DA:31,8
DA:33,0
DA:38,13
DA:39,11
DA:51,2
DA:52,8
DA:53,8
DA:55,8
DA:56,1
DA:57,1
DA:58,1
DA:59,1
DA:65,1
DA:66,0
DA:67,0
DA:69,1
DA:71,0
DA:72,0
DA:73,0
DA:77,7
DA:78,1
DA:79,1
DA:80,1
DA:86,1
DA:92,1
DA:94,0
DA:95,0
DA:96,0
DA:101,6
DA:102,6
DA:103,5
DA:104,5
DA:105,5
DA:111,5
DA:112,1
DA:113,1
DA:115,4
DA:117,0
DA:118,0
DA:119,0
DA:123,1
DA:124,1
DA:130,2
DA:131,1
DA:132,1
DA:133,1
DA:139,2
DA:140,1
DA:141,1
DA:142,1
DA:148,2
DA:154,1
DA:155,1
LF:63
LH:51
BRDA:17,0,0,0
BRDA:17,0,1,2
BRDA:17,1,0,2
BRDA:17,1,1,2
BRDA:17,2,0,0
BRDA:17,2,1,2
BRDA:17,3,0,2
BRDA:17,3,1,2
BRDA:18,4,0,0
BRDA:18,4,1,2
BRDA:18,5,0,2
BRDA:18,5,1,2
BRDA:38,6,0,2
BRDA:38,6,1,11
BRDA:38,7,0,13
BRDA:38,7,1,2
BRDA:53,8,0,6
BRDA:53,8,1,2
BRDA:53,9,0,8
BRDA:53,9,1,2
BRDA:55,10,0,1
BRDA:55,10,1,7
BRDA:55,11,0,8
BRDA:55,11,1,1
BRDA:55,12,0,6
BRDA:55,12,1,2
BRDA:55,13,0,8
BRDA:55,13,1,2
BRDA:65,14,0,0
BRDA:65,14,1,1
BRDA:71,15,0,0
BRDA:71,15,1,0
BRDA:77,16,0,1
BRDA:77,16,1,6
BRDA:77,17,0,7
BRDA:77,17,1,1
BRDA:77,17,2,1
BRDA:77,17,3,1
BRDA:77,17,4,1
BRDA:77,18,0,6
BRDA:77,18,1,1
BRDA:77,19,0,7
BRDA:77,19,1,1
BRDA:94,20,0,0
BRDA:94,20,1,0
BRDA:102,21,0,5
BRDA:102,21,1,1
BRDA:102,22,0,6
BRDA:102,22,1,5
BRDA:111,23,0,1
BRDA:111,23,1,4
BRDA:117,24,0,0
BRDA:117,24,1,0
BRF:53
BRH:43
end_of_record
TN:
SF:src/lib/logger.ts
FN:23,shouldLog
FN:27,write
FN:45,(anonymous_2)
FN:48,(anonymous_3)
FN:51,(anonymous_4)
FN:57,getRequestId
FNF:6
FNH:6
FNDA:53,shouldLog
FNDA:53,write
FNDA:29,(anonymous_2)
FNDA:1,(anonymous_3)
FNDA:23,(anonymous_4)
FNDA:3,getRequestId
DA:15,28
DA:21,28
DA:24,53
DA:28,53
DA:29,53
DA:36,53
DA:37,53
DA:38,23
DA:40,30
DA:44,28
DA:46,29
DA:49,1
DA:52,23
DA:57,28
DA:58,3
DA:59,3
DA:60,2
LF:17
LH:17
BRDA:21,0,0,0
BRDA:21,0,1,28
BRDA:28,1,0,0
BRDA:28,1,1,53
BRDA:33,2,0,53
BRDA:33,2,1,1
BRDA:37,3,0,23
BRDA:37,3,1,30
BRDA:59,4,0,1
BRDA:59,4,1,2
BRDA:59,5,0,3
BRDA:59,5,1,1
BRF:12
BRH:10
end_of_record
TN:
SF:src/lib/prisma.ts
FNF:0
FNH:0
DA:1,2
DA:3,2
DA:5,2
DA:11,2
LF:4
LH:4
BRDA:6,0,0,2
BRDA:6,0,1,2
BRDA:11,1,0,2
BRDA:11,1,1,0
BRF:4
BRH:3
end_of_record
TN:
SF:src/lib/product-modules.ts
FN:164,getModulesForPlan
FN:169,planHasModule
FNF:2
FNH:2
FNDA:11,getModulesForPlan
FNDA:6,planHasModule
DA:13,4
DA:36,4
DA:136,4
DA:164,4
DA:165,11
DA:169,4
DA:170,6
LF:7
LH:7
BRDA:165,0,0,10
BRDA:165,0,1,1
BRDA:165,1,0,11
BRDA:165,1,1,11
BRF:4
BRH:4
end_of_record
TN:
SF:src/lib/proration.ts
FN:24,computeProratedUpgradeAmount
FNF:1
FNH:1
FNDA:4,computeProratedUpgradeAmount
DA:6,1
DA:8,1
DA:9,1
DA:10,1
DA:24,1
DA:30,4
DA:31,4
DA:32,3
DA:33,3
DA:35,2
DA:36,2
DA:37,2
DA:38,2
DA:39,2
DA:41,2
DA:42,2
DA:43,2
DA:44,2
DA:46,2
LF:19
LH:19
BRDA:31,0,0,1
BRDA:31,0,1,3
BRDA:33,1,0,1
BRDA:33,1,1,2
BRDA:35,2,0,0
BRDA:35,2,1,2
BRDA:39,3,0,0
BRDA:39,3,1,2
BRF:8
BRH:6
end_of_record
TN:
SF:src/lib/request-id.ts
FN:8,getOrCreateRequestId
FN:17,jsonWithRequestId
FNF:2
FNH:2
FNDA:47,getOrCreateRequestId
FNDA:46,jsonWithRequestId
DA:1,10
DA:2,10
DA:8,10
DA:9,47
DA:10,42
DA:11,42
DA:17,10
DA:21,46
DA:22,46
DA:23,46
LF:10
LH:10
BRDA:9,0,0,5
BRDA:9,0,1,42
BRDA:9,1,0,5
BRDA:9,1,1,42
BRDA:9,2,0,47
BRDA:9,2,1,47
BRDA:9,3,0,1
BRDA:9,3,1,46
BRDA:9,4,0,47
BRDA:9,4,1,47
BRDA:10,5,0,42
BRDA:10,5,1,0
BRDA:10,6,0,42
BRDA:10,6,1,0
BRDA:11,7,0,0
BRDA:11,7,1,42
BRDA:11,8,0,42
BRDA:11,8,1,0
BRDA:21,9,0,28
BRDA:21,9,1,18
BRDA:21,10,0,46
BRDA:21,10,1,46
BRF:22
BRH:18
end_of_record
TN:
SF:src/lib/schedule-downgrade.ts
FN:17,isStripeSubscription
FN:36,performScheduleDowngrade
FNF:2
FNH:0
FNDA:0,isStripeSubscription
FNDA:0,performScheduleDowngrade
DA:6,1
DA:7,1
DA:8,1
DA:9,1
DA:12,1
DA:15,1
DA:18,0
DA:36,1
DA:40,0
DA:41,0
DA:43,0
DA:44,0
DA:46,0
DA:47,0
DA:52,0
DA:53,0
DA:56,0
DA:57,0
DA:58,0
DA:60,0
DA:64,0
DA:65,0
DA:66,0
DA:69,0
DA:71,0
DA:72,0
DA:73,0
DA:74,0
DA:77,0
DA:81,0
DA:82,0
DA:96,0
DA:113,0
DA:114,0
DA:116,0
DA:117,0
DA:118,0
DA:125,0
DA:136,0
DA:137,0
DA:138,0
DA:140,0
LF:42
LH:7
BRDA:18,0,0,0
BRDA:18,0,1,0
BRDA:43,1,0,0
BRDA:43,1,1,0
BRDA:43,2,0,0
BRDA:43,2,1,0
BRDA:46,3,0,0
BRDA:46,3,1,0
BRDA:52,4,0,0
BRDA:52,4,1,0
BRDA:60,5,0,0
BRDA:60,5,1,0
BRDA:60,6,0,0
BRDA:60,6,1,0
BRDA:64,7,0,0
BRDA:64,7,1,0
BRDA:64,8,0,0
BRDA:64,8,1,0
BRDA:73,9,0,0
BRDA:73,9,1,0
BRDA:73,10,0,0
BRDA:73,10,1,0
BRDA:73,11,0,0
BRDA:73,11,1,0
BRDA:113,12,0,0
BRDA:113,12,1,0
BRDA:113,13,0,0
BRDA:113,13,1,0
BRDA:113,13,2,0
BRDA:113,13,3,0
BRDA:116,14,0,0
BRDA:116,14,1,0
BRDA:130,15,0,0
BRDA:130,15,1,0
BRDA:130,16,0,0
BRDA:130,16,1,0
BRF:36
BRH:0
end_of_record
TN:
SF:src/lib/twofa.ts
FN:8,generateTotpSecret
FN:19,verifyTotpToken
FNF:2
FNH:2
FNDA:3,generateTotpSecret
FNDA:2,verifyTotpToken
DA:4,1
DA:6,1
DA:8,1
DA:9,3
DA:13,3
DA:19,1
DA:20,2
LF:7
LH:7
BRDA:6,0,0,0
BRDA:6,0,1,1
BRDA:6,1,0,1
BRDA:6,1,1,1
BRDA:15,2,0,3
BRDA:15,2,1,0
BRDA:15,3,0,3
BRDA:15,3,1,3
BRF:8
BRH:6
end_of_record
TN:
SF:src/lib/ai/index.ts
FN:1,(anonymous_0)
FN:1,(anonymous_1)
FN:3,(anonymous_2)
FN:4,(anonymous_3)
FN:5,(anonymous_4)
FNF:5
FNH:1
FNDA:0,(anonymous_0)
FNDA:6,(anonymous_1)
FNDA:0,(anonymous_2)
FNDA:0,(anonymous_3)
FNDA:0,(anonymous_4)
DA:1,9
DA:3,3
DA:4,3
DA:5,3
LF:4
LH:4
BRF:0
BRH:0
end_of_record
TN:
SF:src/modules/analyze/index.ts
FN:5,(anonymous_0)
FN:5,(anonymous_1)
FNF:2
FNH:2
FNDA:6,(anonymous_0)
FNDA:4,(anonymous_1)
DA:5,7
LF:1
LH:1
BRF:0
BRH:0
end_of_record
TN:
SF:src/modules/competitors/application/competitor.service.ts
FN:35,(anonymous_0)
FN:21,toCompetitorPlace
FN:37,generatePlaybook
FN:123,runCompetitorAnalysis
FN:135,(anonymous_4)
FN:135,(anonymous_5)
FN:137,(anonymous_6)
FN:138,(anonymous_7)
FN:141,(anonymous_8)
FN:142,(anonymous_9)
FN:144,(anonymous_10)
FN:153,(anonymous_11)
FN:154,(anonymous_12)
FN:156,(anonymous_13)
FN:165,(anonymous_14)
FN:166,(anonymous_15)
FN:174,(anonymous_16)
FN:206,(anonymous_17)
FN:207,(anonymous_18)
FN:243,(anonymous_19)
FNF:20
FNH:18
FNDA:0,(anonymous_0)
FNDA:3,toCompetitorPlace
FNDA:2,generatePlaybook
FNDA:2,runCompetitorAnalysis
FNDA:3,(anonymous_4)
FNDA:3,(anonymous_5)
FNDA:3,(anonymous_6)
FNDA:3,(anonymous_7)
FNDA:3,(anonymous_8)
FNDA:4,(anonymous_9)
FNDA:3,(anonymous_10)
FNDA:3,(anonymous_11)
FNDA:4,(anonymous_12)
FNDA:3,(anonymous_13)
FNDA:3,(anonymous_14)
FNDA:2,(anonymous_15)
FNDA:3,(anonymous_16)
FNDA:3,(anonymous_17)
FNDA:3,(anonymous_18)
FNDA:0,(anonymous_19)
DA:7,1
DA:12,1
DA:13,1
DA:14,1
DA:15,1
DA:16,1
DA:17,1
DA:22,3
DA:23,3
DA:35,1
DA:52,2
DA:53,2
DA:59,2
DA:91,2
DA:92,0
DA:98,0
DA:99,0
DA:113,0
DA:114,0
DA:116,2
DA:119,2
DA:123,1
DA:127,2
DA:128,2
DA:134,2
DA:135,3
DA:137,3
DA:138,3
DA:140,2
DA:141,3
DA:142,4
DA:144,3
DA:152,2
DA:153,3
DA:154,4
DA:156,3
DA:164,2
DA:165,3
DA:166,2
DA:174,3
DA:185,2
DA:189,2
DA:193,2
DA:194,2
DA:198,2
DA:206,3
DA:207,3
DA:214,2
DA:232,2
DA:233,2
DA:243,0
DA:246,2
LF:52
LH:46
BRDA:24,0,0,3
BRDA:24,0,1,0
BRDA:24,1,0,3
BRDA:24,1,1,3
BRDA:25,2,0,3
BRDA:25,2,1,0
BRDA:25,3,0,3
BRDA:25,3,1,3
BRDA:25,4,0,0
BRDA:25,4,1,3
BRDA:25,5,0,3
BRDA:25,5,1,3
BRDA:27,6,0,2
BRDA:27,6,1,1
BRDA:27,7,0,3
BRDA:27,7,1,2
BRDA:28,8,0,1
BRDA:28,8,1,2
BRDA:28,9,0,3
BRDA:28,9,1,1
BRDA:30,10,0,3
BRDA:30,10,1,0
BRDA:30,11,0,3
BRDA:30,11,1,3
BRDA:56,12,0,2
BRDA:56,12,1,0
BRDA:56,13,0,2
BRDA:56,13,1,2
BRDA:65,14,0,1
BRDA:65,14,1,1
BRDA:65,15,0,2
BRDA:65,15,1,1
BRDA:68,16,0,2
BRDA:68,16,1,1
BRDA:69,17,0,2
BRDA:69,17,1,1
BRDA:89,18,0,0
BRDA:89,18,1,2
BRDA:98,19,0,0
BRDA:98,19,1,0
BRDA:98,20,0,0
BRDA:98,20,1,0
BRDA:98,20,2,0
BRDA:117,21,0,2
BRDA:117,21,1,0
BRDA:127,22,0,1
BRDA:127,22,1,1
BRDA:127,23,0,2
BRDA:127,23,1,2
BRDA:134,24,0,2
BRDA:134,24,1,0
BRDA:134,25,0,2
BRDA:134,25,1,2
BRDA:135,26,0,3
BRDA:135,26,1,3
BRDA:137,27,0,1
BRDA:137,27,1,2
BRDA:137,28,0,3
BRDA:137,28,1,3
BRDA:138,29,0,2
BRDA:138,29,1,1
BRDA:138,30,0,3
BRDA:138,30,1,3
BRDA:141,31,0,3
BRDA:141,31,1,3
BRDA:142,32,0,4
BRDA:142,32,1,0
BRDA:142,33,0,4
BRDA:142,33,1,4
BRDA:142,34,0,4
BRDA:142,34,1,0
BRDA:142,35,0,4
BRDA:142,35,1,4
BRDA:153,36,0,3
BRDA:153,36,1,0
BRDA:153,37,0,3
BRDA:153,37,1,3
BRDA:154,38,0,4
BRDA:154,38,1,0
BRDA:154,39,0,4
BRDA:154,39,1,4
BRDA:154,40,0,4
BRDA:154,40,1,0
BRDA:154,41,0,4
BRDA:154,41,1,4
BRDA:160,42,0,3
BRDA:160,42,1,0
BRDA:160,43,0,3
BRDA:160,43,1,3
BRDA:165,44,0,3
BRDA:165,44,1,2
BRDA:165,45,0,1
BRDA:165,45,1,2
BRDA:165,46,0,3
BRDA:165,46,1,3
BRDA:165,47,0,1
BRDA:165,47,1,1
BRDA:165,48,0,2
BRDA:165,48,1,2
BRDA:169,49,0,1
BRDA:169,49,1,1
BRDA:169,50,0,2
BRDA:169,50,1,2
BRDA:170,51,0,2
BRDA:170,51,1,0
BRDA:170,52,0,2
BRDA:170,52,1,2
BRDA:193,53,0,2
BRDA:193,53,1,0
BRDA:193,54,0,0
BRDA:193,54,1,2
BRDA:193,55,0,2
BRDA:193,55,1,2
BRDA:193,56,0,0
BRDA:193,56,1,2
BRDA:193,57,0,2
BRDA:193,57,1,2
BRDA:232,58,0,2
BRDA:232,58,1,0
BRDA:243,59,0,0
BRDA:243,59,1,0
BRF:121
BRH:95
end_of_record
TN:
SF:src/modules/market/application/market.service.ts
FN:29,(anonymous_0)
FN:21,getPlaceType
FN:31,generateMarketInsights
FN:53,(anonymous_3)
FN:116,runMarketReport
FN:153,(anonymous_5)
FN:158,(anonymous_6)
FN:166,(anonymous_7)
FN:227,(anonymous_8)
FNF:9
FNH:7
FNDA:0,(anonymous_0)
FNDA:4,getPlaceType
FNDA:2,generateMarketInsights
FNDA:3,(anonymous_3)
FNDA:2,runMarketReport
FNDA:3,(anonymous_5)
FNDA:1,(anonymous_6)
FNDA:4,(anonymous_7)
FNDA:0,(anonymous_8)
DA:7,1
DA:12,1
DA:13,1
DA:14,1
DA:15,1
DA:16,1
DA:17,1
DA:22,4
DA:23,4
DA:24,4
DA:25,1
DA:26,1
DA:29,1
DA:44,2
DA:45,2
DA:51,2
DA:53,3
DA:56,2
DA:84,2
DA:85,0
DA:91,0
DA:92,0
DA:106,0
DA:107,0
DA:109,2
DA:112,2
DA:116,1
DA:120,2
DA:121,2
DA:128,2
DA:129,2
DA:130,2
DA:131,2
DA:133,2
DA:134,2
DA:135,2
DA:137,2
DA:138,4
DA:139,4
DA:140,4
DA:141,4
DA:142,4
DA:143,4
DA:144,4
DA:146,4
DA:148,4
DA:149,4
DA:152,2
DA:153,3
DA:158,1
DA:160,2
DA:161,2
DA:162,2
DA:163,2
DA:166,4
DA:179,2
DA:183,2
DA:187,2
DA:188,2
DA:192,2
DA:199,2
DA:216,2
DA:217,2
DA:227,0
DA:230,2
LF:65
LH:59
BRDA:24,0,0,3
BRDA:24,0,1,1
BRDA:25,1,0,0
BRDA:25,1,1,1
BRDA:25,2,0,0
BRDA:25,2,1,1
BRDA:25,3,0,1
BRDA:25,3,1,1
BRDA:48,4,0,2
BRDA:48,4,1,0
BRDA:48,5,0,2
BRDA:48,5,1,2
BRDA:53,6,0,3
BRDA:53,6,1,0
BRDA:53,7,0,3
BRDA:53,7,1,3
BRDA:62,8,0,2
BRDA:62,8,1,0
BRDA:62,9,0,2
BRDA:62,9,1,2
BRDA:63,10,0,2
BRDA:63,10,1,0
BRDA:82,11,0,0
BRDA:82,11,1,2
BRDA:91,12,0,0
BRDA:91,12,1,0
BRDA:91,13,0,0
BRDA:91,13,1,0
BRDA:91,13,2,0
BRDA:110,14,0,2
BRDA:110,14,1,0
BRDA:120,15,0,1
BRDA:120,15,1,1
BRDA:120,16,0,2
BRDA:120,16,1,2
BRDA:129,17,0,2
BRDA:129,17,1,0
BRDA:129,18,0,2
BRDA:129,18,1,2
BRDA:139,19,0,1
BRDA:139,19,1,3
BRDA:139,20,0,4
BRDA:139,20,1,4
BRDA:142,21,0,4
BRDA:142,21,1,0
BRDA:142,22,0,4
BRDA:142,22,1,4
BRDA:148,23,0,2
BRDA:148,23,1,2
BRDA:148,24,0,2
BRDA:148,24,1,2
BRDA:148,25,0,4
BRDA:148,25,1,4
BRDA:148,26,0,2
BRDA:148,26,1,2
BRDA:148,27,0,4
BRDA:148,27,1,4
BRDA:148,28,0,2
BRDA:148,28,1,2
BRDA:148,29,0,4
BRDA:148,29,1,3
BRDA:149,30,0,2
BRDA:149,30,1,2
BRDA:149,31,0,2
BRDA:149,31,1,2
BRDA:149,32,0,4
BRDA:149,32,1,4
BRDA:149,33,0,2
BRDA:149,33,1,2
BRDA:149,34,0,4
BRDA:149,34,1,4
BRDA:149,35,0,2
BRDA:149,35,1,2
BRDA:149,36,0,4
BRDA:149,36,1,3
BRDA:156,37,0,3
BRDA:156,37,1,0
BRDA:161,38,0,2
BRDA:161,38,1,0
BRDA:162,39,0,2
BRDA:162,39,1,0
BRDA:163,40,0,2
BRDA:163,40,1,0
BRDA:170,41,0,2
BRDA:170,41,1,2
BRDA:170,42,0,4
BRDA:170,42,1,3
BRDA:171,43,0,2
BRDA:171,43,1,2
BRDA:171,44,0,4
BRDA:171,44,1,3
BRDA:173,45,0,0
BRDA:173,45,1,4
BRDA:173,46,0,4
BRDA:173,46,1,4
BRDA:187,47,0,2
BRDA:187,47,1,0
BRDA:187,48,0,0
BRDA:187,48,1,2
BRDA:187,49,0,2
BRDA:187,49,1,2
BRDA:187,50,0,0
BRDA:187,50,1,2
BRDA:187,51,0,2
BRDA:187,51,1,2
BRDA:216,52,0,2
BRDA:216,52,1,0
BRDA:227,53,0,0
BRDA:227,53,1,0
BRF:109
BRH:83
end_of_record
TN:
SF:src/modules/scoring/index.ts
FN:2,(anonymous_0)
FN:3,(anonymous_1)
FN:4,(anonymous_2)
FNF:3
FNH:1
FNDA:0,(anonymous_0)
FNDA:0,(anonymous_1)
FNDA:4,(anonymous_2)
DA:1,2
DA:2,2
DA:3,2
DA:4,6
LF:4
LH:4
BRF:0
BRH:0
end_of_record
TN:
SF:src/modules/scoring/application/score.service.ts
FN:46,getPhone
FN:50,getWebsite
FN:54,getReviewCount
FN:58,getName
FN:66,computeFactors
FN:84,computeScore
FN:101,scoreAndRankPlaces
FN:107,(anonymous_7)
FN:108,(anonymous_8)
FN:109,(anonymous_9)
FN:117,(anonymous_10)
FN:117,(anonymous_11)
FN:118,(anonymous_12)
FN:122,(anonymous_13)
FN:137,(anonymous_14)
FN:138,(anonymous_15)
FNF:16
FNH:16
FNDA:14,getPhone
FNDA:14,getWebsite
FNDA:21,getReviewCount
FNDA:7,getName
FNDA:7,computeFactors
FNDA:7,computeScore
FNDA:4,scoreAndRankPlaces
FNDA:7,(anonymous_7)
FNDA:7,(anonymous_8)
FNDA:4,(anonymous_9)
FNDA:7,(anonymous_10)
FNDA:7,(anonymous_11)
FNDA:7,(anonymous_12)
FNDA:7,(anonymous_13)
FNDA:7,(anonymous_14)
FNDA:4,(anonymous_15)
DA:11,2
DA:22,2
DA:23,2
DA:26,2
DA:47,14
DA:51,14
DA:55,21
DA:59,7
DA:66,2
DA:67,7
DA:68,7
DA:69,7
DA:70,7
DA:72,7
DA:84,2
DA:85,7
DA:86,7
DA:87,7
DA:88,7
DA:89,7
DA:90,7
DA:91,7
DA:92,7
DA:93,7
DA:101,2
DA:106,4
DA:107,7
DA:108,7
DA:109,4
DA:110,4
DA:112,4
DA:117,7
DA:118,7
DA:121,4
DA:123,7
DA:124,7
DA:137,7
DA:138,4
DA:141,4
LF:39
LH:39
BRDA:47,0,0,14
BRDA:47,0,1,8
BRDA:47,0,2,8
BRDA:47,0,3,8
BRDA:51,1,0,14
BRDA:51,1,1,6
BRDA:51,1,2,6
BRDA:55,2,0,9
BRDA:55,2,1,12
BRDA:55,3,0,21
BRDA:55,3,1,21
BRDA:55,4,0,9
BRDA:55,4,1,12
BRDA:55,5,0,21
BRDA:55,5,1,21
BRDA:59,6,0,7
BRDA:59,6,1,7
BRDA:59,6,2,4
BRDA:59,7,0,7
BRDA:59,7,1,0
BRDA:59,8,0,7
BRDA:59,8,1,7
BRDA:66,9,0,0
BRDA:69,10,0,7
BRDA:69,10,1,0
BRDA:69,11,0,7
BRDA:69,11,1,7
BRDA:75,12,0,7
BRDA:75,12,1,7
BRDA:77,13,0,7
BRDA:77,13,1,3
BRDA:79,14,0,0
BRDA:79,14,1,7
BRDA:79,15,0,7
BRDA:79,15,1,7
BRDA:86,16,0,3
BRDA:86,16,1,4
BRDA:87,17,0,4
BRDA:87,17,1,3
BRDA:88,18,0,1
BRDA:88,18,1,6
BRDA:89,19,0,4
BRDA:89,19,1,3
BRDA:90,20,0,0
BRDA:90,20,1,7
BRDA:91,21,0,0
BRDA:91,21,1,7
BRDA:92,22,0,7
BRDA:92,22,1,0
BRDA:103,23,0,0
BRDA:112,24,0,1
BRDA:112,24,1,3
BRDA:117,25,0,7
BRDA:117,25,1,7
BRDA:118,26,0,3
BRDA:118,26,1,1
BRDA:125,27,0,3
BRDA:125,27,1,4
BRDA:125,28,0,7
BRDA:125,28,1,7
BRDA:130,29,0,7
BRDA:130,29,1,4
BRDA:131,30,0,7
BRDA:131,30,1,3
BRDA:132,31,0,7
BRDA:132,31,1,0
BRDA:132,32,0,7
BRDA:132,32,1,7
BRDA:133,33,0,7
BRDA:133,33,1,4
BRDA:134,34,0,3
BRDA:134,34,1,4
BRDA:134,35,0,7
BRDA:134,35,1,7
BRDA:134,36,0,1
BRDA:134,36,1,3
BRDA:137,37,0,7
BRDA:137,37,1,3
BRF:78
BRH:69
end_of_record
TN:
SF:src/modules/search/index.ts
FN:7,(anonymous_0)
FN:8,(anonymous_1)
FN:9,(anonymous_2)
FN:10,(anonymous_3)
FNF:4
FNH:2
FNDA:7,(anonymous_0)
FNDA:0,(anonymous_1)
FNDA:0,(anonymous_2)
FNDA:4,(anonymous_3)
DA:6,1
DA:7,8
DA:8,1
DA:9,1
DA:10,5
LF:5
LH:5
BRF:0
BRH:0
end_of_record
